#
# A fatal error has been detected by the Java Runtime Environment:
#
#  EXCEPTION_ACCESS_VIOLATION (0xc0000005) at pc=0x4e49414d, pid=4976, tid=5484
#
# JRE version: 6.0_16-b01
# Java VM: Java HotSpot(TM) Client VM (14.2-b01 mixed mode, sharing windows-x86 )
# Problematic frame:
# C  0x4e49414d
#
# If you would like to submit a bug report, please visit:
#   http://java.sun.com/webapps/bugreport/crash.jsp
# The crash happened outside the Java Virtual Machine in native code.
# See problematic frame for where to report the bug.
#

---------------  T H R E A D  ---------------

Current thread (0x03e3a400):  JavaThread "AWT-EventQueue-0" [_thread_in_native, id=5484, stack(0x078c0000,0x07910000)]

siginfo: ExceptionCode=0xc0000005, reading address 0x4e49414d

Registers:
EAX=0x4e49414d, EBX=0x27a49138, ECX=0x080a0a78, EDX=0x080a0f30
ESP=0x0790f47c, EBP=0x0790f498, ESI=0x08180a78, EDI=0x03e3a400
EIP=0x4e49414d, EFLAGS=0x00010202

Top of Stack: (sp=0x0790f47c)
0x0790f47c:   07cf1878 6d998fd5 03e3a400 00000006
0x0790f48c:   00000008 03e3a400 27a49138 0790f4dc
0x0790f49c:   10001ae8 27a49138 1000186c 27a49138
0x0790f4ac:   019f9e37 03e3a510 0790f4ec 0000000a
0x0790f4bc:   0790f4bc 27a49138 0790f4ec 27a4bd38
0x0790f4cc:   00000000 27a49138 00000000 0790f4ec
0x0790f4dc:   0790f510 019f2da1 00000000 019f8269
0x0790f4ec:   23aa2be0 0790f4f0 27a4a979 0790f518 

Instructions: (pc=0x4e49414d)
0x4e49413d:   
[error occurred during error reporting (printing registers, top of stack, instructions near pc), id 0xc0000005]

Stack: [0x078c0000,0x07910000],  sp=0x0790f47c,  free space=317k
Native frames: (J=compiled Java code, j=interpreted, Vv=VM code, C=native code)
C  0x4e49414d
C  [JMyron.dll+0x1ae8]
j  JMyron.JMyron.stop()V+1
j  camPack.WebcamTest.<init>(LcamPack/MainForm;)V+218
j  camPack.MainForm.jButton11ActionPerformed(Ljava/awt/event/ActionEvent;)V+10
j  camPack.MainForm.access$100(LcamPack/MainForm;Ljava/awt/event/ActionEvent;)V+2
j  camPack.MainForm$2.actionPerformed(Ljava/awt/event/ActionEvent;)V+5
j  javax.swing.AbstractButton.fireActionPerformed(Ljava/awt/event/ActionEvent;)V+84
j  javax.swing.AbstractButton$Handler.actionPerformed(Ljava/awt/event/ActionEvent;)V+5
j  javax.swing.DefaultButtonModel.fireActionPerformed(Ljava/awt/event/ActionEvent;)V+35
j  javax.swing.DefaultButtonModel.setPressed(Z)V+117
j  javax.swing.plaf.basic.BasicButtonListener.mouseReleased(Ljava/awt/event/MouseEvent;)V+35
j  java.awt.Component.processMouseEvent(Ljava/awt/event/MouseEvent;)V+64
j  javax.swing.JComponent.processMouseEvent(Ljava/awt/event/MouseEvent;)V+23
j  java.awt.Component.processEvent(Ljava/awt/AWTEvent;)V+81
j  java.awt.Container.processEvent(Ljava/awt/AWTEvent;)V+18
j  java.awt.Component.dispatchEventImpl(Ljava/awt/AWTEvent;)V+562
j  java.awt.Container.dispatchEventImpl(Ljava/awt/AWTEvent;)V+42
j  java.awt.Component.dispatchEvent(Ljava/awt/AWTEvent;)V+2
j  java.awt.LightweightDispatcher.retargetMouseEvent(Ljava/awt/Component;ILjava/awt/event/MouseEvent;)V+320
j  java.awt.LightweightDispatcher.processMouseEvent(Ljava/awt/event/MouseEvent;)Z+139
j  java.awt.LightweightDispatcher.dispatchEvent(Ljava/awt/AWTEvent;)Z+50
j  java.awt.Container.dispatchEventImpl(Ljava/awt/AWTEvent;)V+12
j  java.awt.Window.dispatchEventImpl(Ljava/awt/AWTEvent;)V+19
j  java.awt.Component.dispatchEvent(Ljava/awt/AWTEvent;)V+2
j  java.awt.EventQueue.dispatchEvent(Ljava/awt/AWTEvent;)V+46
j  java.awt.EventDispatchThread.pumpOneEventForFilters(I)Z+204
j  java.awt.EventDispatchThread.pumpEventsForFilter(ILjava/awt/Conditional;Ljava/awt/EventFilter;)V+30
j  java.awt.EventDispatchThread.pumpEventsForHierarchy(ILjava/awt/Conditional;Ljava/awt/Component;)V+11
j  java.awt.EventDispatchThread.pumpEvents(ILjava/awt/Conditional;)V+4
j  java.awt.EventDispatchThread.pumpEvents(Ljava/awt/Conditional;)V+3
j  java.awt.EventDispatchThread.run()V+9
v  ~StubRoutines::call_stub
V  [jvm.dll+0xecf9c]
V  [jvm.dll+0x1741e1]
V  [jvm.dll+0xed167]
V  [jvm.dll+0xed1dd]
V  [jvm.dll+0x116290]
V  [jvm.dll+0x1d0424]
V  [jvm.dll+0x173e5c]
C  [msvcr71.dll+0x9565]
C  [kernel32.dll+0x51174]
C  [ntdll.dll+0x5b3f5]
C  [ntdll.dll+0x5b3c8]

Java frames: (J=compiled Java code, j=interpreted, Vv=VM code)
j  JMyron.JMyron.native_stop()V+0
j  JMyron.JMyron.stop()V+1
j  camPack.WebcamTest.<init>(LcamPack/MainForm;)V+218
j  camPack.MainForm.jButton11ActionPerformed(Ljava/awt/event/ActionEvent;)V+10
j  camPack.MainForm.access$100(LcamPack/MainForm;Ljava/awt/event/ActionEvent;)V+2
j  camPack.MainForm$2.actionPerformed(Ljava/awt/event/ActionEvent;)V+5
j  javax.swing.AbstractButton.fireActionPerformed(Ljava/awt/event/ActionEvent;)V+84
j  javax.swing.AbstractButton$Handler.actionPerformed(Ljava/awt/event/ActionEvent;)V+5
j  javax.swing.DefaultButtonModel.fireActionPerformed(Ljava/awt/event/ActionEvent;)V+35
j  javax.swing.DefaultButtonModel.setPressed(Z)V+117
j  javax.swing.plaf.basic.BasicButtonListener.mouseReleased(Ljava/awt/event/MouseEvent;)V+35
j  java.awt.Component.processMouseEvent(Ljava/awt/event/MouseEvent;)V+64
j  javax.swing.JComponent.processMouseEvent(Ljava/awt/event/MouseEvent;)V+23
j  java.awt.Component.processEvent(Ljava/awt/AWTEvent;)V+81
j  java.awt.Container.processEvent(Ljava/awt/AWTEvent;)V+18
j  java.awt.Component.dispatchEventImpl(Ljava/awt/AWTEvent;)V+562
j  java.awt.Container.dispatchEventImpl(Ljava/awt/AWTEvent;)V+42
j  java.awt.Component.dispatchEvent(Ljava/awt/AWTEvent;)V+2
j  java.awt.LightweightDispatcher.retargetMouseEvent(Ljava/awt/Component;ILjava/awt/event/MouseEvent;)V+320
j  java.awt.LightweightDispatcher.processMouseEvent(Ljava/awt/event/MouseEvent;)Z+139
j  java.awt.LightweightDispatcher.dispatchEvent(Ljava/awt/AWTEvent;)Z+50
j  java.awt.Container.dispatchEventImpl(Ljava/awt/AWTEvent;)V+12
j  java.awt.Window.dispatchEventImpl(Ljava/awt/AWTEvent;)V+19
j  java.awt.Component.dispatchEvent(Ljava/awt/AWTEvent;)V+2
j  java.awt.EventQueue.dispatchEvent(Ljava/awt/AWTEvent;)V+46
j  java.awt.EventDispatchThread.pumpOneEventForFilters(I)Z+204
j  java.awt.EventDispatchThread.pumpEventsForFilter(ILjava/awt/Conditional;Ljava/awt/EventFilter;)V+30
j  java.awt.EventDispatchThread.pumpEventsForHierarchy(ILjava/awt/Conditional;Ljava/awt/Component;)V+11
j  java.awt.EventDispatchThread.pumpEvents(ILjava/awt/Conditional;)V+4
j  java.awt.EventDispatchThread.pumpEvents(Ljava/awt/Conditional;)V+3
j  java.awt.EventDispatchThread.run()V+9
v  ~StubRoutines::call_stub

---------------  P R O C E S S  ---------------

Java Threads: ( => current thread )
  0x03ea1400 JavaThread "Image Fetcher 0" daemon [_thread_blocked, id=5052, stack(0x07c90000,0x07ce0000)]
  0x03e30800 JavaThread "TimerQueue" daemon [_thread_blocked, id=2252, stack(0x07e40000,0x07e90000)]
  0x03e8fc00 JavaThread "D3D Screen Updater" daemon [_thread_blocked, id=4312, stack(0x07910000,0x07960000)]
  0x00be9000 JavaThread "DestroyJavaVM" [_thread_blocked, id=4620, stack(0x00350000,0x003a0000)]
=>0x03e3a400 JavaThread "AWT-EventQueue-0" [_thread_in_native, id=5484, stack(0x078c0000,0x07910000)]
  0x019ed400 JavaThread "AWT-Windows" daemon [_thread_in_native, id=7344, stack(0x04190000,0x041e0000)]
  0x019ed000 JavaThread "AWT-Shutdown" [_thread_blocked, id=4412, stack(0x04140000,0x04190000)]
  0x019ec800 JavaThread "Java2D Disposer" daemon [_thread_blocked, id=2596, stack(0x040f0000,0x04140000)]
  0x01983400 JavaThread "Low Memory Detector" daemon [_thread_blocked, id=2000, stack(0x03c30000,0x03c80000)]
  0x0197e800 JavaThread "CompilerThread0" daemon [_thread_blocked, id=1508, stack(0x03be0000,0x03c30000)]
  0x0197e000 JavaThread "Attach Listener" daemon [_thread_blocked, id=4044, stack(0x03b90000,0x03be0000)]
  0x0197d800 JavaThread "Signal Dispatcher" daemon [_thread_blocked, id=5672, stack(0x03b40000,0x03b90000)]
  0x01931000 JavaThread "Finalizer" daemon [_thread_blocked, id=6988, stack(0x03af0000,0x03b40000)]
  0x0192fc00 JavaThread "Reference Handler" daemon [_thread_blocked, id=6580, stack(0x03aa0000,0x03af0000)]

Other Threads:
  0x0192e400 VMThread [stack: 0x03a50000,0x03aa0000] [id=2400]
  0x01986800 WatcherThread [stack: 0x03c80000,0x03cd0000] [id=7432]

VM state:not at safepoint (normal execution)

VM Mutex/Monitor currently owned by a thread: None

Heap
 def new generation   total 960K, used 862K [0x239e0000, 0x23ae0000, 0x23ec0000)
  eden space 896K,  89% used [0x239e0000, 0x23aa7a90, 0x23ac0000)
  from space 64K, 100% used [0x23ad0000, 0x23ae0000, 0x23ae0000)
  to   space 64K,   0% used [0x23ac0000, 0x23ac0000, 0x23ad0000)
 tenured generation   total 4096K, used 1463K [0x23ec0000, 0x242c0000, 0x279e0000)
   the space 4096K,  35% used [0x23ec0000, 0x2402dfe0, 0x2402e000, 0x242c0000)
 compacting perm gen  total 12288K, used 432K [0x279e0000, 0x285e0000, 0x2b9e0000)
   the space 12288K,   3% used [0x279e0000, 0x27a4c018, 0x27a4c200, 0x285e0000)
    ro space 8192K,  67% used [0x2b9e0000, 0x2bf49040, 0x2bf49200, 0x2c1e0000)
    rw space 12288K,  54% used [0x2c1e0000, 0x2c85d348, 0x2c85d400, 0x2cde0000)

Dynamic libraries:
0x00400000 - 0x00438000 	C:\Program Files\Java\jdk1.6.0_16\bin\java.exe
0x777f0000 - 0x7792c000 	C:\Windows\SYSTEM32\ntdll.dll
0x77400000 - 0x774d4000 	C:\Windows\system32\kernel32.dll
0x759f0000 - 0x75a3a000 	C:\Windows\system32\KERNELBASE.dll
0x762a0000 - 0x76340000 	C:\Windows\system32\ADVAPI32.dll
0x76090000 - 0x7613c000 	C:\Windows\system32\msvcrt.dll
0x77930000 - 0x77949000 	C:\Windows\SYSTEM32\sechost.dll
0x75fe0000 - 0x76081000 	C:\Windows\system32\RPCRT4.dll
0x7c340000 - 0x7c396000 	C:\Program Files\Java\jdk1.6.0_16\jre\bin\msvcr71.dll
0x6d8b0000 - 0x6db3b000 	C:\Program Files\Java\jdk1.6.0_16\jre\bin\client\jvm.dll
0x77190000 - 0x77259000 	C:\Windows\system32\USER32.dll
0x75f70000 - 0x75fbe000 	C:\Windows\system32\GDI32.dll
0x77750000 - 0x7775a000 	C:\Windows\system32\LPK.dll
0x774e0000 - 0x7757d000 	C:\Windows\system32\USP10.dll
0x720c0000 - 0x720f2000 	C:\Windows\system32\WINMM.dll
0x75fc0000 - 0x75fdf000 	C:\Windows\system32\IMM32.DLL
0x77950000 - 0x77a1c000 	C:\Windows\system32\MSCTF.dll
0x75870000 - 0x758bb000 	C:\Windows\system32\apphelp.dll
0x6d860000 - 0x6d86c000 	C:\Program Files\Java\jdk1.6.0_16\jre\bin\verify.dll
0x6d3e0000 - 0x6d3ff000 	C:\Program Files\Java\jdk1.6.0_16\jre\bin\java.dll
0x6d340000 - 0x6d348000 	C:\Program Files\Java\jdk1.6.0_16\jre\bin\hpi.dll
0x76530000 - 0x76535000 	C:\Windows\system32\PSAPI.DLL
0x6d8a0000 - 0x6d8af000 	C:\Program Files\Java\jdk1.6.0_16\jre\bin\zip.dll
0x6d0b0000 - 0x6d1fa000 	C:\Program Files\Java\jdk1.6.0_16\jre\bin\awt.dll
0x72320000 - 0x72371000 	C:\Windows\system32\WINSPOOL.DRV
0x77260000 - 0x773bc000 	C:\Windows\system32\ole32.dll
0x746a0000 - 0x7483e000 	C:\Windows\WinSxS\x86_microsoft.windows.common-controls_6595b64144ccf1df_6.0.7600.16385_none_421189da2b7fabfc\comctl32.dll
0x76240000 - 0x76297000 	C:\Windows\system32\SHLWAPI.dll
0x74270000 - 0x74283000 	C:\Windows\system32\DWMAPI.DLL
0x74620000 - 0x74660000 	C:\Windows\system32\uxtheme.dll
0x758c0000 - 0x758cc000 	C:\Windows\system32\CRYPTBASE.dll
0x76540000 - 0x77189000 	C:\Windows\system32\shell32.dll
0x6d2e0000 - 0x6d334000 	C:\Program Files\Java\jdk1.6.0_16\jre\bin\fontmanager.dll
0x6edb0000 - 0x6ef73000 	C:\Windows\system32\d3d9.dll
0x74e30000 - 0x74e39000 	C:\Windows\system32\VERSION.dll
0x6eb90000 - 0x6eb96000 	C:\Windows\system32\d3d8thk.dll
0x69a50000 - 0x6a3fc000 	C:\Windows\system32\nvd3dum.dll
0x74c70000 - 0x74c95000 	C:\Windows\system32\powrprof.dll
0x775b0000 - 0x7774d000 	C:\Windows\system32\SETUPAPI.dll
0x759c0000 - 0x759e7000 	C:\Windows\system32\CFGMGR32.dll
0x77760000 - 0x777ef000 	C:\Windows\system32\OLEAUT32.dll
0x75a40000 - 0x75a52000 	C:\Windows\system32\DEVOBJ.dll
0x6d6c0000 - 0x6d6d3000 	C:\Program Files\Java\jdk1.6.0_16\jre\bin\net.dll
0x773c0000 - 0x773f5000 	C:\Windows\system32\WS2_32.dll
0x75f60000 - 0x75f66000 	C:\Windows\system32\NSI.dll
0x75380000 - 0x753bc000 	C:\Windows\system32\mswsock.dll
0x75370000 - 0x75376000 	C:\Windows\System32\wship6.dll
0x6d6e0000 - 0x6d6e9000 	C:\Program Files\Java\jdk1.6.0_16\jre\bin\nio.dll
0x75ed0000 - 0x75f53000 	C:\Windows\system32\CLBCatQ.DLL
0x10000000 - 0x1001b000 	C:\Windows\System32\JMyron.dll
0x07cf0000 - 0x07d04000 	C:\Windows\system32\myron_ezcam.dll
0x07d10000 - 0x07d23000 	C:\Windows\system32\DSVL.dll
0x61c50000 - 0x61dc7000 	C:\Windows\system32\QUARTZ.dll
0x7c3a0000 - 0x7c41b000 	C:\Windows\system32\MSVCP71.dll
0x64960000 - 0x64992000 	C:\Windows\system32\qcap.dll
0x70d30000 - 0x70d51000 	C:\Windows\system32\MSVFW32.dll
0x63ca0000 - 0x63d20000 	C:\Windows\System32\qedit.dll
0x75c40000 - 0x75cbb000 	C:\Windows\system32\COMDLG32.dll
0x74490000 - 0x74620000 	C:\Windows\WinSxS\x86_microsoft.windows.gdiplus_6595b64144ccf1df_1.1.7600.16385_none_72fc7cbf861225ca\gdiplus.dll
0x64f00000 - 0x64f14000 	C:\Windows\system32\devenum.dll
0x74460000 - 0x74481000 	C:\Windows\system32\ntmarta.dll
0x76340000 - 0x76385000 	C:\Windows\system32\WLDAP32.dll
0x75af0000 - 0x75b1d000 	C:\Windows\system32\WINTRUST.dll
0x75b20000 - 0x75c3c000 	C:\Windows\system32\CRYPT32.dll
0x759b0000 - 0x759bc000 	C:\Windows\system32\MSASN1.dll
0x6fed0000 - 0x6fedb000 	C:\Windows\system32\msdmo.dll
0x64910000 - 0x64943000 	C:\Windows\system32\ksproxy.ax
0x6f6e0000 - 0x6f6e4000 	C:\Windows\system32\ksuser.dll
0x730a0000 - 0x730a9000 	C:\Windows\system32\vidcap.ax
0x70e10000 - 0x70e2d000 	C:\Windows\system32\kswdmcap.ax
0x71200000 - 0x7131c000 	C:\Windows\system32\MFC42.dll
0x71000000 - 0x7108a000 	C:\Windows\system32\ODBC32.dll
0x70fc0000 - 0x70ff8000 	C:\Windows\system32\odbcint.dll

VM Arguments:
jvm_args: -Dfile.encoding=UTF-8 
java_command: camPack.Welcome
Launcher Type: SUN_STANDARD

Environment Variables:
PATH=C:\Program Files\NVIDIA Corporation\PhysX\Common;C:\Windows\system32;C:\Windows;C:\Windows\System32\Wbem;C:\Windows\System32\WindowsPowerShell\v1.0\;C:\Program Files\Intel\DMIX;C:\Program Files\Microsoft SQL Server\90\Tools\binn\;C:\Program Files\Java\jdk1.6.0_16\bin;C:\Program Files\Rational\common;C:\Program Files\Rational\ClearCase\bin;C:\Program Files\Git\cmd;C:\Ruby193\bin
USERNAME=Ravee
OS=Windows_NT
PROCESSOR_IDENTIFIER=x86 Family 6 Model 42 Stepping 7, GenuineIntel



---------------  S Y S T E M  ---------------

OS: Windows 7 Build 7600 

CPU:total 4 (8 cores per cpu, 2 threads per core) family 6 model 42 stepping 7, cmov, cx8, fxsr, mmx, sse, sse2, sse3, ssse3, sse4.1, sse4.2, ht

Memory: 4k page, physical 2097151k(1272848k free), swap 4194303k(2098532k free)

vm_info: Java HotSpot(TM) Client VM (14.2-b01) for windows-x86 JRE (1.6.0_16-b01), built on Jul 31 2009 11:26:58 by "java_re" with MS VC++ 7.1

time: Thu Jan 31 17:52:15 2013
elapsed time: 3 seconds

