#
# A fatal error has been detected by the Java Runtime Environment:
#
#  EXCEPTION_ACCESS_VIOLATION (0xc0000005) at pc=0x3b6e6962, pid=7404, tid=5548
#
# JRE version: 6.0_16-b01
# Java VM: Java HotSpot(TM) Client VM (14.2-b01 mixed mode, sharing windows-x86 )
# Problematic frame:
# C  0x3b6e6962
#
# If you would like to submit a bug report, please visit:
#   http://java.sun.com/webapps/bugreport/crash.jsp
# The crash happened outside the Java Virtual Machine in native code.
# See problematic frame for where to report the bug.
#

---------------  T H R E A D  ---------------

Current thread (0x0728a400):  JavaThread "AWT-EventQueue-0" [_thread_in_native, id=5548, stack(0x07990000,0x079e0000)]

siginfo: ExceptionCode=0xc0000005, reading address 0x3b6e6962

Registers:
EAX=0x3b6e6962, EBX=0x27c18848, ECX=0x08200a78, EDX=0x08200d10
ESP=0x079df27c, EBP=0x079df298, ESI=0x081c0a78, EDI=0x0728a400
EIP=0x3b6e6962, EFLAGS=0x00010202

Top of Stack: (sp=0x079df27c)
0x079df27c:   07db1878 6d998fd5 0728a400 00000006
0x079df28c:   00000008 0728a400 27c18848 079df2dc
0x079df29c:   10001ae8 27c18848 1000186c 27c18848
0x079df2ac:   01989e37 0728a510 079df2ec 0000000a
0x079df2bc:   079df2bc 27c18848 079df2ec 27c1b448
0x079df2cc:   00000000 27c18848 00000000 079df2ec
0x079df2dc:   079df310 01982da1 00000000 01988269
0x079df2ec:   23bc44d8 079df2f0 27c1a089 079df318 

Instructions: (pc=0x3b6e6962)
0x3b6e6952:   
[error occurred during error reporting (printing registers, top of stack, instructions near pc), id 0xc0000005]

Stack: [0x07990000,0x079e0000],  sp=0x079df27c,  free space=316k
Native frames: (J=compiled Java code, j=interpreted, Vv=VM code, C=native code)
C  0x3b6e6962
C  [JMyron.dll+0x1ae8]
j  JMyron.JMyron.stop()V+1
j  camPack.WebcamTest.<init>(LcamPack/MainForm;)V+218
j  camPack.MainForm.jButton11ActionPerformed(Ljava/awt/event/ActionEvent;)V+10
j  camPack.MainForm.access$100(LcamPack/MainForm;Ljava/awt/event/ActionEvent;)V+2
j  camPack.MainForm$2.actionPerformed(Ljava/awt/event/ActionEvent;)V+5
j  javax.swing.AbstractButton.fireActionPerformed(Ljava/awt/event/ActionEvent;)V+84
j  javax.swing.AbstractButton$Handler.actionPerformed(Ljava/awt/event/ActionEvent;)V+5
j  javax.swing.DefaultButtonModel.fireActionPerformed(Ljava/awt/event/ActionEvent;)V+35
j  javax.swing.DefaultButtonModel.setPressed(Z)V+117
j  javax.swing.plaf.basic.BasicButtonListener.mouseReleased(Ljava/awt/event/MouseEvent;)V+35
j  java.awt.Component.processMouseEvent(Ljava/awt/event/MouseEvent;)V+64
j  javax.swing.JComponent.processMouseEvent(Ljava/awt/event/MouseEvent;)V+23
j  java.awt.Component.processEvent(Ljava/awt/AWTEvent;)V+81
j  java.awt.Container.processEvent(Ljava/awt/AWTEvent;)V+18
j  java.awt.Component.dispatchEventImpl(Ljava/awt/AWTEvent;)V+562
j  java.awt.Container.dispatchEventImpl(Ljava/awt/AWTEvent;)V+42
j  java.awt.Component.dispatchEvent(Ljava/awt/AWTEvent;)V+2
j  java.awt.LightweightDispatcher.retargetMouseEvent(Ljava/awt/Component;ILjava/awt/event/MouseEvent;)V+320
j  java.awt.LightweightDispatcher.processMouseEvent(Ljava/awt/event/MouseEvent;)Z+139
j  java.awt.LightweightDispatcher.dispatchEvent(Ljava/awt/AWTEvent;)Z+50
j  java.awt.Container.dispatchEventImpl(Ljava/awt/AWTEvent;)V+12
j  java.awt.Window.dispatchEventImpl(Ljava/awt/AWTEvent;)V+19
j  java.awt.Component.dispatchEvent(Ljava/awt/AWTEvent;)V+2
j  java.awt.EventQueue.dispatchEvent(Ljava/awt/AWTEvent;)V+46
j  java.awt.EventDispatchThread.pumpOneEventForFilters(I)Z+204
j  java.awt.EventDispatchThread.pumpEventsForFilter(ILjava/awt/Conditional;Ljava/awt/EventFilter;)V+30
j  java.awt.EventDispatchThread.pumpEventsForHierarchy(ILjava/awt/Conditional;Ljava/awt/Component;)V+11
j  java.awt.EventDispatchThread.pumpEvents(ILjava/awt/Conditional;)V+4
j  java.awt.EventDispatchThread.pumpEvents(Ljava/awt/Conditional;)V+3
j  java.awt.EventDispatchThread.run()V+9
v  ~StubRoutines::call_stub
V  [jvm.dll+0xecf9c]
V  [jvm.dll+0x1741e1]
V  [jvm.dll+0xed167]
V  [jvm.dll+0xed1dd]
V  [jvm.dll+0x116290]
V  [jvm.dll+0x1d0424]
V  [jvm.dll+0x173e5c]
C  [msvcr71.dll+0x9565]
C  [kernel32.dll+0x51174]
C  [ntdll.dll+0x5b3f5]
C  [ntdll.dll+0x5b3c8]

Java frames: (J=compiled Java code, j=interpreted, Vv=VM code)
j  JMyron.JMyron.native_stop()V+0
j  JMyron.JMyron.stop()V+1
j  camPack.WebcamTest.<init>(LcamPack/MainForm;)V+218
j  camPack.MainForm.jButton11ActionPerformed(Ljava/awt/event/ActionEvent;)V+10
j  camPack.MainForm.access$100(LcamPack/MainForm;Ljava/awt/event/ActionEvent;)V+2
j  camPack.MainForm$2.actionPerformed(Ljava/awt/event/ActionEvent;)V+5
j  javax.swing.AbstractButton.fireActionPerformed(Ljava/awt/event/ActionEvent;)V+84
j  javax.swing.AbstractButton$Handler.actionPerformed(Ljava/awt/event/ActionEvent;)V+5
j  javax.swing.DefaultButtonModel.fireActionPerformed(Ljava/awt/event/ActionEvent;)V+35
j  javax.swing.DefaultButtonModel.setPressed(Z)V+117
j  javax.swing.plaf.basic.BasicButtonListener.mouseReleased(Ljava/awt/event/MouseEvent;)V+35
j  java.awt.Component.processMouseEvent(Ljava/awt/event/MouseEvent;)V+64
j  javax.swing.JComponent.processMouseEvent(Ljava/awt/event/MouseEvent;)V+23
j  java.awt.Component.processEvent(Ljava/awt/AWTEvent;)V+81
j  java.awt.Container.processEvent(Ljava/awt/AWTEvent;)V+18
j  java.awt.Component.dispatchEventImpl(Ljava/awt/AWTEvent;)V+562
j  java.awt.Container.dispatchEventImpl(Ljava/awt/AWTEvent;)V+42
j  java.awt.Component.dispatchEvent(Ljava/awt/AWTEvent;)V+2
j  java.awt.LightweightDispatcher.retargetMouseEvent(Ljava/awt/Component;ILjava/awt/event/MouseEvent;)V+320
j  java.awt.LightweightDispatcher.processMouseEvent(Ljava/awt/event/MouseEvent;)Z+139
j  java.awt.LightweightDispatcher.dispatchEvent(Ljava/awt/AWTEvent;)Z+50
j  java.awt.Container.dispatchEventImpl(Ljava/awt/AWTEvent;)V+12
j  java.awt.Window.dispatchEventImpl(Ljava/awt/AWTEvent;)V+19
j  java.awt.Component.dispatchEvent(Ljava/awt/AWTEvent;)V+2
j  java.awt.EventQueue.dispatchEvent(Ljava/awt/AWTEvent;)V+46
j  java.awt.EventDispatchThread.pumpOneEventForFilters(I)Z+204
j  java.awt.EventDispatchThread.pumpEventsForFilter(ILjava/awt/Conditional;Ljava/awt/EventFilter;)V+30
j  java.awt.EventDispatchThread.pumpEventsForHierarchy(ILjava/awt/Conditional;Ljava/awt/Component;)V+11
j  java.awt.EventDispatchThread.pumpEvents(ILjava/awt/Conditional;)V+4
j  java.awt.EventDispatchThread.pumpEvents(Ljava/awt/Conditional;)V+3
j  java.awt.EventDispatchThread.run()V+9
v  ~StubRoutines::call_stub

---------------  P R O C E S S  ---------------

Java Threads: ( => current thread )
  0x072d4c00 JavaThread "TimerQueue" daemon [_thread_blocked, id=5360, stack(0x07f00000,0x07f50000)]
  0x072d1800 JavaThread "D3D Screen Updater" daemon [_thread_blocked, id=2520, stack(0x079e0000,0x07a30000)]
  0x00b79000 JavaThread "DestroyJavaVM" [_thread_blocked, id=4132, stack(0x00350000,0x003a0000)]
=>0x0728a400 JavaThread "AWT-EventQueue-0" [_thread_in_native, id=5548, stack(0x07990000,0x079e0000)]
  0x0195d400 JavaThread "AWT-Windows" daemon [_thread_in_native, id=7744, stack(0x03f90000,0x03fe0000)]
  0x0195cc00 JavaThread "AWT-Shutdown" [_thread_blocked, id=2232, stack(0x03f40000,0x03f90000)]
  0x0195a400 JavaThread "Java2D Disposer" daemon [_thread_blocked, id=7136, stack(0x03d30000,0x03d80000)]
  0x01914400 JavaThread "Low Memory Detector" daemon [_thread_blocked, id=7992, stack(0x03c20000,0x03c70000)]
  0x0190f800 JavaThread "CompilerThread0" daemon [_thread_blocked, id=4900, stack(0x03bd0000,0x03c20000)]
  0x0190f000 JavaThread "Attach Listener" daemon [_thread_blocked, id=8116, stack(0x03b80000,0x03bd0000)]
  0x01904400 JavaThread "Signal Dispatcher" daemon [_thread_blocked, id=4828, stack(0x03b30000,0x03b80000)]
  0x018c1000 JavaThread "Finalizer" daemon [_thread_blocked, id=4116, stack(0x03ae0000,0x03b30000)]
  0x018bfc00 JavaThread "Reference Handler" daemon [_thread_blocked, id=8160, stack(0x03a90000,0x03ae0000)]

Other Threads:
  0x018be400 VMThread [stack: 0x03a40000,0x03a90000] [id=928]
  0x01915800 WatcherThread [stack: 0x03c70000,0x03cc0000] [id=3836]

VM state:not at safepoint (normal execution)

VM Mutex/Monitor currently owned by a thread: None

Heap
 def new generation   total 960K, used 154K [0x23bb0000, 0x23cb0000, 0x24090000)
  eden space 896K,  10% used [0x23bb0000, 0x23bc6a98, 0x23c90000)
  from space 64K, 100% used [0x23ca0000, 0x23cb0000, 0x23cb0000)
  to   space 64K,   0% used [0x23c90000, 0x23c90000, 0x23ca0000)
 tenured generation   total 4096K, used 1725K [0x24090000, 0x24490000, 0x27bb0000)
   the space 4096K,  42% used [0x24090000, 0x2423f5b0, 0x2423f600, 0x24490000)
 compacting perm gen  total 12288K, used 429K [0x27bb0000, 0x287b0000, 0x2bbb0000)
   the space 12288K,   3% used [0x27bb0000, 0x27c1b728, 0x27c1b800, 0x287b0000)
    ro space 8192K,  67% used [0x2bbb0000, 0x2c119040, 0x2c119200, 0x2c3b0000)
    rw space 12288K,  54% used [0x2c3b0000, 0x2ca2d348, 0x2ca2d400, 0x2cfb0000)

Dynamic libraries:
0x00400000 - 0x00424000 	C:\Program Files\Java\jdk1.6.0_16\bin\java.exe
0x77270000 - 0x773ac000 	C:\Windows\SYSTEM32\ntdll.dll
0x76c40000 - 0x76d14000 	C:\Windows\system32\kernel32.dll
0x75620000 - 0x7566a000 	C:\Windows\system32\KERNELBASE.dll
0x759e0000 - 0x75a80000 	C:\Windows\system32\ADVAPI32.dll
0x75c20000 - 0x75ccc000 	C:\Windows\system32\msvcrt.dll
0x773b0000 - 0x773c9000 	C:\Windows\SYSTEM32\sechost.dll
0x75d10000 - 0x75db1000 	C:\Windows\system32\RPCRT4.dll
0x7c340000 - 0x7c396000 	C:\Program Files\Java\jdk1.6.0_16\jre\bin\msvcr71.dll
0x6d8b0000 - 0x6db3b000 	C:\Program Files\Java\jdk1.6.0_16\jre\bin\client\jvm.dll
0x756c0000 - 0x75789000 	C:\Windows\system32\USER32.dll
0x773f0000 - 0x7743e000 	C:\Windows\system32\GDI32.dll
0x759d0000 - 0x759da000 	C:\Windows\system32\LPK.dll
0x76e70000 - 0x76f0d000 	C:\Windows\system32\USP10.dll
0x73200000 - 0x73232000 	C:\Windows\system32\WINMM.dll
0x77450000 - 0x7746f000 	C:\Windows\system32\IMM32.DLL
0x76da0000 - 0x76e6c000 	C:\Windows\system32\MSCTF.dll
0x752f0000 - 0x7533b000 	C:\Windows\system32\apphelp.dll
0x6d860000 - 0x6d86c000 	C:\Program Files\Java\jdk1.6.0_16\jre\bin\verify.dll
0x6d3e0000 - 0x6d3ff000 	C:\Program Files\Java\jdk1.6.0_16\jre\bin\java.dll
0x6d340000 - 0x6d348000 	C:\Program Files\Java\jdk1.6.0_16\jre\bin\hpi.dll
0x77440000 - 0x77445000 	C:\Windows\system32\PSAPI.DLL
0x6d8a0000 - 0x6d8af000 	C:\Program Files\Java\jdk1.6.0_16\jre\bin\zip.dll
0x6d0b0000 - 0x6d1fa000 	C:\Program Files\Java\jdk1.6.0_16\jre\bin\awt.dll
0x72f80000 - 0x72fd1000 	C:\Windows\system32\WINSPOOL.DRV
0x76f10000 - 0x7706c000 	C:\Windows\system32\ole32.dll
0x740f0000 - 0x7428e000 	C:\Windows\WinSxS\x86_microsoft.windows.common-controls_6595b64144ccf1df_6.0.7600.16385_none_421189da2b7fabfc\comctl32.dll
0x75e50000 - 0x75ea7000 	C:\Windows\system32\SHLWAPI.dll
0x73c90000 - 0x73ca3000 	C:\Windows\system32\DWMAPI.DLL
0x73f80000 - 0x73fc0000 	C:\Windows\system32\uxtheme.dll
0x75340000 - 0x7534c000 	C:\Windows\system32\CRYPTBASE.dll
0x75eb0000 - 0x76af9000 	C:\Windows\system32\shell32.dll
0x6d2e0000 - 0x6d334000 	C:\Program Files\Java\jdk1.6.0_16\jre\bin\fontmanager.dll
0x702a0000 - 0x70463000 	C:\Windows\system32\d3d9.dll
0x748b0000 - 0x748b9000 	C:\Windows\system32\VERSION.dll
0x70290000 - 0x70296000 	C:\Windows\system32\d3d8thk.dll
0x62250000 - 0x62bfc000 	C:\Windows\system32\nvd3dum.dll
0x746d0000 - 0x746f5000 	C:\Windows\system32\powrprof.dll
0x75a80000 - 0x75c1d000 	C:\Windows\system32\SETUPAPI.dll
0x75440000 - 0x75467000 	C:\Windows\system32\CFGMGR32.dll
0x75dc0000 - 0x75e4f000 	C:\Windows\system32\OLEAUT32.dll
0x756a0000 - 0x756b2000 	C:\Windows\system32\DEVOBJ.dll
0x6d6c0000 - 0x6d6d3000 	C:\Program Files\Java\jdk1.6.0_16\jre\bin\net.dll
0x75cd0000 - 0x75d05000 	C:\Windows\system32\WS2_32.dll
0x773d0000 - 0x773d6000 	C:\Windows\system32\NSI.dll
0x74e30000 - 0x74e6c000 	C:\Windows\system32\mswsock.dll
0x74e20000 - 0x74e26000 	C:\Windows\System32\wship6.dll
0x6d6e0000 - 0x6d6e9000 	C:\Program Files\Java\jdk1.6.0_16\jre\bin\nio.dll
0x75790000 - 0x75813000 	C:\Windows\system32\CLBCatQ.DLL
0x10000000 - 0x1001b000 	C:\Windows\System32\JMyron.dll
0x07db0000 - 0x07dc4000 	C:\Windows\system32\myron_ezcam.dll
0x07dd0000 - 0x07de3000 	C:\Windows\system32\DSVL.dll
0x6ee40000 - 0x6efb7000 	C:\Windows\system32\QUARTZ.dll
0x7c3a0000 - 0x7c41b000 	C:\Windows\system32\MSVCP71.dll
0x656d0000 - 0x65702000 	C:\Windows\system32\qcap.dll
0x6f000000 - 0x6f021000 	C:\Windows\system32\MSVFW32.dll
0x5f0d0000 - 0x5f150000 	C:\Windows\System32\qedit.dll
0x76d20000 - 0x76d9b000 	C:\Windows\system32\COMDLG32.dll
0x73df0000 - 0x73f80000 	C:\Windows\WinSxS\x86_microsoft.windows.gdiplus_6595b64144ccf1df_1.1.7600.16385_none_72fc7cbf861225ca\gdiplus.dll
0x69fa0000 - 0x69fb4000 	C:\Windows\system32\devenum.dll
0x74550000 - 0x74571000 	C:\Windows\system32\ntmarta.dll
0x75820000 - 0x75865000 	C:\Windows\system32\WLDAP32.dll
0x75670000 - 0x7569d000 	C:\Windows\system32\WINTRUST.dll
0x75500000 - 0x7561c000 	C:\Windows\system32\CRYPT32.dll
0x75430000 - 0x7543c000 	C:\Windows\system32\MSASN1.dll
0x6af60000 - 0x6af6b000 	C:\Windows\system32\msdmo.dll

VM Arguments:
jvm_args: -Dfile.encoding=UTF-8 
java_command: camPack.Welcome
Launcher Type: SUN_STANDARD

Environment Variables:
PATH=C:\Program Files\WANdisco\Subversion\Apache2\bin;C:\Program Files\WANdisco\Subversion;C:\Program Files\NVIDIA Corporation\PhysX\Common;C:\Windows\system32;C:\Windows;C:\Windows\System32\Wbem;C:\Windows\System32\WindowsPowerShell\v1.0\;C:\Program Files\Intel\DMIX;C:\Program Files\nodejs\;C:\Program Files\TortoiseSVN\bin;C:\Program Files\VisualSVN Server\bin;C:\Users\Sagar\AppData\Roaming\npm;C:\Program Files\Java\jdk1.6.0_16\bin;C:\Program Files\CrSSL\bin
USERNAME=Sagar
OS=Windows_NT
PROCESSOR_IDENTIFIER=x86 Family 6 Model 42 Stepping 7, GenuineIntel



---------------  S Y S T E M  ---------------

OS: Windows 7 Build 7600 

CPU:total 4 (8 cores per cpu, 2 threads per core) family 6 model 42 stepping 7, cmov, cx8, fxsr, mmx, sse, sse2, sse3, ssse3, sse4.1, sse4.2, ht

Memory: 4k page, physical 2097151k(941948k free), swap 4194303k(2764752k free)

vm_info: Java HotSpot(TM) Client VM (14.2-b01) for windows-x86 JRE (1.6.0_16-b01), built on Jul 31 2009 11:26:58 by "java_re" with MS VC++ 7.1

time: Thu Mar 06 18:45:20 2014
elapsed time: 12 seconds

