#
# A fatal error has been detected by the Java Runtime Environment:
#
#  EXCEPTION_ACCESS_VIOLATION (0xc0000005) at pc=0x4542562e, pid=5184, tid=1808
#
# JRE version: 6.0_16-b01
# Java VM: Java HotSpot(TM) Client VM (14.2-b01 mixed mode, sharing windows-x86 )
# Problematic frame:
# C  0x4542562e
#
# If you would like to submit a bug report, please visit:
#   http://java.sun.com/webapps/bugreport/crash.jsp
# The crash happened outside the Java Virtual Machine in native code.
# See problematic frame for where to report the bug.
#

---------------  T H R E A D  ---------------

Current thread (0x03eacc00):  JavaThread "AWT-EventQueue-0" [_thread_in_native, id=1808, stack(0x078c0000,0x07910000)]

siginfo: ExceptionCode=0xc0000005, reading address 0x4542562e

Registers:
EAX=0x4542562e, EBX=0x27a48918, ECX=0x08190a78, EDX=0x08190d10
ESP=0x0790f47c, EBP=0x0790f498, ESI=0x07d70a78, EDI=0x03eacc00
EIP=0x4542562e, EFLAGS=0x00010202

Top of Stack: (sp=0x0790f47c)
0x0790f47c:   07cf1878 6d998fd5 03eacc00 00000006
0x0790f48c:   00000008 03eacc00 27a48918 0790f4dc
0x0790f49c:   10001ae8 27a48918 1000186c 27a48918
0x0790f4ac:   019b9e37 03eacd10 0790f4ec 0000000a
0x0790f4bc:   0790f4bc 27a48918 0790f4ec 27a4b518
0x0790f4cc:   00000000 27a48918 00000000 0790f4ec
0x0790f4dc:   0790f510 019b2da1 00000000 019b8269
0x0790f4ec:   23aa3c18 0790f4f0 27a4a159 0790f518 

Instructions: (pc=0x4542562e)
0x4542561e:   
[error occurred during error reporting (printing registers, top of stack, instructions near pc), id 0xc0000005]

Stack: [0x078c0000,0x07910000],  sp=0x0790f47c,  free space=317k
Native frames: (J=compiled Java code, j=interpreted, Vv=VM code, C=native code)
C  0x4542562e
C  [JMyron.dll+0x1ae8]
j  JMyron.JMyron.stop()V+1
j  camPack.WebcamTest.<init>(LcamPack/MainForm;)V+218
j  camPack.MainForm.jButton11ActionPerformed(Ljava/awt/event/ActionEvent;)V+10
j  camPack.MainForm.access$100(LcamPack/MainForm;Ljava/awt/event/ActionEvent;)V+2
j  camPack.MainForm$2.actionPerformed(Ljava/awt/event/ActionEvent;)V+5
j  javax.swing.AbstractButton.fireActionPerformed(Ljava/awt/event/ActionEvent;)V+84
j  javax.swing.AbstractButton$Handler.actionPerformed(Ljava/awt/event/ActionEvent;)V+5
j  javax.swing.DefaultButtonModel.fireActionPerformed(Ljava/awt/event/ActionEvent;)V+35
j  javax.swing.DefaultButtonModel.setPressed(Z)V+117
j  javax.swing.plaf.basic.BasicButtonListener.mouseReleased(Ljava/awt/event/MouseEvent;)V+35
j  java.awt.Component.processMouseEvent(Ljava/awt/event/MouseEvent;)V+64
j  javax.swing.JComponent.processMouseEvent(Ljava/awt/event/MouseEvent;)V+23
j  java.awt.Component.processEvent(Ljava/awt/AWTEvent;)V+81
j  java.awt.Container.processEvent(Ljava/awt/AWTEvent;)V+18
j  java.awt.Component.dispatchEventImpl(Ljava/awt/AWTEvent;)V+562
j  java.awt.Container.dispatchEventImpl(Ljava/awt/AWTEvent;)V+42
j  java.awt.Component.dispatchEvent(Ljava/awt/AWTEvent;)V+2
j  java.awt.LightweightDispatcher.retargetMouseEvent(Ljava/awt/Component;ILjava/awt/event/MouseEvent;)V+320
j  java.awt.LightweightDispatcher.processMouseEvent(Ljava/awt/event/MouseEvent;)Z+139
j  java.awt.LightweightDispatcher.dispatchEvent(Ljava/awt/AWTEvent;)Z+50
j  java.awt.Container.dispatchEventImpl(Ljava/awt/AWTEvent;)V+12
j  java.awt.Window.dispatchEventImpl(Ljava/awt/AWTEvent;)V+19
j  java.awt.Component.dispatchEvent(Ljava/awt/AWTEvent;)V+2
j  java.awt.EventQueue.dispatchEvent(Ljava/awt/AWTEvent;)V+46
j  java.awt.EventDispatchThread.pumpOneEventForFilters(I)Z+204
j  java.awt.EventDispatchThread.pumpEventsForFilter(ILjava/awt/Conditional;Ljava/awt/EventFilter;)V+30
j  java.awt.EventDispatchThread.pumpEventsForHierarchy(ILjava/awt/Conditional;Ljava/awt/Component;)V+11
j  java.awt.EventDispatchThread.pumpEvents(ILjava/awt/Conditional;)V+4
j  java.awt.EventDispatchThread.pumpEvents(Ljava/awt/Conditional;)V+3
j  java.awt.EventDispatchThread.run()V+9
v  ~StubRoutines::call_stub
V  [jvm.dll+0xecf9c]
V  [jvm.dll+0x1741e1]
V  [jvm.dll+0xed167]
V  [jvm.dll+0xed1dd]
V  [jvm.dll+0x116290]
V  [jvm.dll+0x1d0424]
V  [jvm.dll+0x173e5c]
C  [msvcr71.dll+0x9565]
C  [kernel32.dll+0x51174]
C  [ntdll.dll+0x5b3f5]
C  [ntdll.dll+0x5b3c8]

Java frames: (J=compiled Java code, j=interpreted, Vv=VM code)
j  JMyron.JMyron.native_stop()V+0
j  JMyron.JMyron.stop()V+1
j  camPack.WebcamTest.<init>(LcamPack/MainForm;)V+218
j  camPack.MainForm.jButton11ActionPerformed(Ljava/awt/event/ActionEvent;)V+10
j  camPack.MainForm.access$100(LcamPack/MainForm;Ljava/awt/event/ActionEvent;)V+2
j  camPack.MainForm$2.actionPerformed(Ljava/awt/event/ActionEvent;)V+5
j  javax.swing.AbstractButton.fireActionPerformed(Ljava/awt/event/ActionEvent;)V+84
j  javax.swing.AbstractButton$Handler.actionPerformed(Ljava/awt/event/ActionEvent;)V+5
j  javax.swing.DefaultButtonModel.fireActionPerformed(Ljava/awt/event/ActionEvent;)V+35
j  javax.swing.DefaultButtonModel.setPressed(Z)V+117
j  javax.swing.plaf.basic.BasicButtonListener.mouseReleased(Ljava/awt/event/MouseEvent;)V+35
j  java.awt.Component.processMouseEvent(Ljava/awt/event/MouseEvent;)V+64
j  javax.swing.JComponent.processMouseEvent(Ljava/awt/event/MouseEvent;)V+23
j  java.awt.Component.processEvent(Ljava/awt/AWTEvent;)V+81
j  java.awt.Container.processEvent(Ljava/awt/AWTEvent;)V+18
j  java.awt.Component.dispatchEventImpl(Ljava/awt/AWTEvent;)V+562
j  java.awt.Container.dispatchEventImpl(Ljava/awt/AWTEvent;)V+42
j  java.awt.Component.dispatchEvent(Ljava/awt/AWTEvent;)V+2
j  java.awt.LightweightDispatcher.retargetMouseEvent(Ljava/awt/Component;ILjava/awt/event/MouseEvent;)V+320
j  java.awt.LightweightDispatcher.processMouseEvent(Ljava/awt/event/MouseEvent;)Z+139
j  java.awt.LightweightDispatcher.dispatchEvent(Ljava/awt/AWTEvent;)Z+50
j  java.awt.Container.dispatchEventImpl(Ljava/awt/AWTEvent;)V+12
j  java.awt.Window.dispatchEventImpl(Ljava/awt/AWTEvent;)V+19
j  java.awt.Component.dispatchEvent(Ljava/awt/AWTEvent;)V+2
j  java.awt.EventQueue.dispatchEvent(Ljava/awt/AWTEvent;)V+46
j  java.awt.EventDispatchThread.pumpOneEventForFilters(I)Z+204
j  java.awt.EventDispatchThread.pumpEventsForFilter(ILjava/awt/Conditional;Ljava/awt/EventFilter;)V+30
j  java.awt.EventDispatchThread.pumpEventsForHierarchy(ILjava/awt/Conditional;Ljava/awt/Component;)V+11
j  java.awt.EventDispatchThread.pumpEvents(ILjava/awt/Conditional;)V+4
j  java.awt.EventDispatchThread.pumpEvents(Ljava/awt/Conditional;)V+3
j  java.awt.EventDispatchThread.run()V+9
v  ~StubRoutines::call_stub

---------------  P R O C E S S  ---------------

Java Threads: ( => current thread )
  0x03f0a800 JavaThread "Image Fetcher 0" daemon [_thread_blocked, id=168, stack(0x07c90000,0x07ce0000)]
  0x03f03400 JavaThread "TimerQueue" daemon [_thread_blocked, id=3740, stack(0x07e40000,0x07e90000)]
  0x03ef5c00 JavaThread "D3D Screen Updater" daemon [_thread_blocked, id=6040, stack(0x07910000,0x07960000)]
  0x00189000 JavaThread "DestroyJavaVM" [_thread_blocked, id=4776, stack(0x00190000,0x001e0000)]
=>0x03eacc00 JavaThread "AWT-EventQueue-0" [_thread_in_native, id=1808, stack(0x078c0000,0x07910000)]
  0x019aec00 JavaThread "AWT-Windows" daemon [_thread_in_native, id=764, stack(0x04160000,0x041b0000)]
  0x019ae800 JavaThread "AWT-Shutdown" [_thread_blocked, id=4536, stack(0x04110000,0x04160000)]
  0x019ae000 JavaThread "Java2D Disposer" daemon [_thread_blocked, id=3992, stack(0x03db0000,0x03e00000)]
  0x01943c00 JavaThread "Low Memory Detector" daemon [_thread_blocked, id=4928, stack(0x03c30000,0x03c80000)]
  0x0193f000 JavaThread "CompilerThread0" daemon [_thread_blocked, id=3864, stack(0x03be0000,0x03c30000)]
  0x0193e800 JavaThread "Attach Listener" daemon [_thread_blocked, id=5264, stack(0x03b90000,0x03be0000)]
  0x0193c000 JavaThread "Signal Dispatcher" daemon [_thread_blocked, id=4296, stack(0x03b40000,0x03b90000)]
  0x018f1000 JavaThread "Finalizer" daemon [_thread_blocked, id=3832, stack(0x03af0000,0x03b40000)]
  0x018efc00 JavaThread "Reference Handler" daemon [_thread_blocked, id=5672, stack(0x03aa0000,0x03af0000)]

Other Threads:
  0x018ee400 VMThread [stack: 0x03a50000,0x03aa0000] [id=4608]
  0x01945000 WatcherThread [stack: 0x03c80000,0x03cd0000] [id=5860]

VM state:not at safepoint (normal execution)

VM Mutex/Monitor currently owned by a thread: None

Heap
 def new generation   total 960K, used 860K [0x239e0000, 0x23ae0000, 0x23ec0000)
  eden space 896K,  88% used [0x239e0000, 0x23aa7060, 0x23ac0000)
  from space 64K, 100% used [0x23ad0000, 0x23ae0000, 0x23ae0000)
  to   space 64K,   0% used [0x23ac0000, 0x23ac0000, 0x23ad0000)
 tenured generation   total 4096K, used 1448K [0x23ec0000, 0x242c0000, 0x279e0000)
   the space 4096K,  35% used [0x23ec0000, 0x2402a078, 0x2402a200, 0x242c0000)
 compacting perm gen  total 12288K, used 429K [0x279e0000, 0x285e0000, 0x2b9e0000)
   the space 12288K,   3% used [0x279e0000, 0x27a4b7f8, 0x27a4b800, 0x285e0000)
    ro space 8192K,  67% used [0x2b9e0000, 0x2bf49040, 0x2bf49200, 0x2c1e0000)
    rw space 12288K,  54% used [0x2c1e0000, 0x2c85d348, 0x2c85d400, 0x2cde0000)

Dynamic libraries:
0x00400000 - 0x00438000 	C:\Program Files\Java\jdk1.6.0_16\bin\java.exe
0x77ce0000 - 0x77e1c000 	C:\Windows\SYSTEM32\ntdll.dll
0x77aa0000 - 0x77b74000 	C:\Windows\system32\kernel32.dll
0x75f00000 - 0x75f4a000 	C:\Windows\system32\KERNELBASE.dll
0x775e0000 - 0x77680000 	C:\Windows\system32\ADVAPI32.dll
0x77530000 - 0x775dc000 	C:\Windows\system32\msvcrt.dll
0x77970000 - 0x77989000 	C:\Windows\SYSTEM32\sechost.dll
0x77e60000 - 0x77f01000 	C:\Windows\system32\RPCRT4.dll
0x7c340000 - 0x7c396000 	C:\Program Files\Java\jdk1.6.0_16\jre\bin\msvcr71.dll
0x6d8b0000 - 0x6db3b000 	C:\Program Files\Java\jdk1.6.0_16\jre\bin\client\jvm.dll
0x77460000 - 0x77529000 	C:\Windows\system32\USER32.dll
0x77070000 - 0x770be000 	C:\Windows\system32\GDI32.dll
0x77e20000 - 0x77e2a000 	C:\Windows\system32\LPK.dll
0x776c0000 - 0x7775d000 	C:\Windows\system32\USP10.dll
0x73c00000 - 0x73c32000 	C:\Windows\system32\WINMM.dll
0x77e30000 - 0x77e4f000 	C:\Windows\system32\IMM32.DLL
0x77760000 - 0x7782c000 	C:\Windows\system32\MSCTF.dll
0x75d60000 - 0x75dab000 	C:\Windows\system32\apphelp.dll
0x6d860000 - 0x6d86c000 	C:\Program Files\Java\jdk1.6.0_16\jre\bin\verify.dll
0x6d3e0000 - 0x6d3ff000 	C:\Program Files\Java\jdk1.6.0_16\jre\bin\java.dll
0x6d340000 - 0x6d348000 	C:\Program Files\Java\jdk1.6.0_16\jre\bin\hpi.dll
0x76130000 - 0x76135000 	C:\Windows\system32\PSAPI.DLL
0x6d8a0000 - 0x6d8af000 	C:\Program Files\Java\jdk1.6.0_16\jre\bin\zip.dll
0x6d0b0000 - 0x6d1fa000 	C:\Program Files\Java\jdk1.6.0_16\jre\bin\awt.dll
0x73980000 - 0x739d1000 	C:\Windows\system32\WINSPOOL.DRV
0x77b80000 - 0x77cdc000 	C:\Windows\system32\ole32.dll
0x74db0000 - 0x74f4e000 	C:\Windows\WinSxS\x86_microsoft.windows.common-controls_6595b64144ccf1df_6.0.7600.16385_none_421189da2b7fabfc\comctl32.dll
0x761d0000 - 0x76227000 	C:\Windows\system32\SHLWAPI.dll
0x74860000 - 0x74873000 	C:\Windows\system32\DWMAPI.DLL
0x74b50000 - 0x74b90000 	C:\Windows\system32\uxtheme.dll
0x75db0000 - 0x75dbc000 	C:\Windows\system32\CRYPTBASE.dll
0x76310000 - 0x76f59000 	C:\Windows\system32\shell32.dll
0x6d2e0000 - 0x6d334000 	C:\Program Files\Java\jdk1.6.0_16\jre\bin\fontmanager.dll
0x72910000 - 0x72ad3000 	C:\Windows\system32\d3d9.dll
0x75320000 - 0x75329000 	C:\Windows\system32\VERSION.dll
0x733b0000 - 0x733b6000 	C:\Windows\system32\d3d8thk.dll
0x670f0000 - 0x67a9c000 	C:\Windows\system32\nvd3dum.dll
0x74bc0000 - 0x74be5000 	C:\Windows\system32\powrprof.dll
0x772c0000 - 0x7745d000 	C:\Windows\system32\SETUPAPI.dll
0x76070000 - 0x76097000 	C:\Windows\system32\CFGMGR32.dll
0x76140000 - 0x761cf000 	C:\Windows\system32\OLEAUT32.dll
0x75ee0000 - 0x75ef2000 	C:\Windows\system32\DEVOBJ.dll
0x6d6c0000 - 0x6d6d3000 	C:\Program Files\Java\jdk1.6.0_16\jre\bin\net.dll
0x77680000 - 0x776b5000 	C:\Windows\system32\WS2_32.dll
0x77e50000 - 0x77e56000 	C:\Windows\system32\NSI.dll
0x758a0000 - 0x758dc000 	C:\Windows\system32\mswsock.dll
0x75890000 - 0x75896000 	C:\Windows\System32\wship6.dll
0x6d6e0000 - 0x6d6e9000 	C:\Program Files\Java\jdk1.6.0_16\jre\bin\nio.dll
0x76230000 - 0x762b3000 	C:\Windows\system32\CLBCatQ.DLL
0x10000000 - 0x1001b000 	C:\Windows\System32\JMyron.dll
0x07cf0000 - 0x07d04000 	C:\Windows\system32\myron_ezcam.dll
0x07d10000 - 0x07d23000 	C:\Windows\system32\DSVL.dll
0x5e490000 - 0x5e607000 	C:\Windows\system32\QUARTZ.dll
0x7c3a0000 - 0x7c41b000 	C:\Windows\system32\MSVCP71.dll
0x65430000 - 0x65462000 	C:\Windows\system32\qcap.dll
0x68ef0000 - 0x68f11000 	C:\Windows\system32\MSVFW32.dll
0x64e10000 - 0x64e90000 	C:\Windows\System32\qedit.dll
0x77990000 - 0x77a0b000 	C:\Windows\system32\COMDLG32.dll
0x749c0000 - 0x74b50000 	C:\Windows\WinSxS\x86_microsoft.windows.gdiplus_6595b64144ccf1df_1.1.7600.16385_none_72fc7cbf861225ca\gdiplus.dll
0x07d50000 - 0x07d64000 	C:\Windows\system32\devenum.dll
0x74370000 - 0x74391000 	C:\Windows\system32\ntmarta.dll
0x762c0000 - 0x76305000 	C:\Windows\system32\WLDAP32.dll
0x75eb0000 - 0x75edd000 	C:\Windows\system32\WINTRUST.dll
0x75f50000 - 0x7606c000 	C:\Windows\system32\CRYPT32.dll
0x75ea0000 - 0x75eac000 	C:\Windows\system32\MSASN1.dll
0x6f390000 - 0x6f39b000 	C:\Windows\system32\msdmo.dll

VM Arguments:
jvm_args: -Dfile.encoding=UTF-8 
java_command: camPack.Welcome
Launcher Type: SUN_STANDARD

Environment Variables:
PATH=C:\Program Files\NVIDIA Corporation\PhysX\Common;C:\Windows\system32;C:\Windows;C:\Windows\System32\Wbem;C:\Windows\System32\WindowsPowerShell\v1.0\;C:\Program Files\Intel\DMIX;C:\Program Files\Microsoft SQL Server\90\Tools\binn\;C:\Program Files\Java\jdk1.6.0_16\bin;C:\Program Files\Rational\common;C:\Program Files\Rational\ClearCase\bin;C:\Program Files\Git\cmd;C:\Ruby193\bin
USERNAME=Ravee
OS=Windows_NT
PROCESSOR_IDENTIFIER=x86 Family 6 Model 42 Stepping 7, GenuineIntel



---------------  S Y S T E M  ---------------

OS: Windows 7 Build 7600 

CPU:total 4 (8 cores per cpu, 2 threads per core) family 6 model 42 stepping 7, cmov, cx8, fxsr, mmx, sse, sse2, sse3, ssse3, sse4.1, sse4.2, ht

Memory: 4k page, physical 2097151k(1487576k free), swap 4194303k(2923172k free)

vm_info: Java HotSpot(TM) Client VM (14.2-b01) for windows-x86 JRE (1.6.0_16-b01), built on Jul 31 2009 11:26:58 by "java_re" with MS VC++ 7.1

time: Sun Feb 17 16:57:26 2013
elapsed time: 4 seconds

