#
# A fatal error has been detected by the Java Runtime Environment:
#
#  EXCEPTION_ACCESS_VIOLATION (0xc0000005) at pc=0x3b6e6962, pid=6420, tid=4880
#
# JRE version: 6.0_16-b01
# Java VM: Java HotSpot(TM) Client VM (14.2-b01 mixed mode, sharing windows-x86 )
# Problematic frame:
# C  0x3b6e6962
#
# If you would like to submit a bug report, please visit:
#   http://java.sun.com/webapps/bugreport/crash.jsp
# The crash happened outside the Java Virtual Machine in native code.
# See problematic frame for where to report the bug.
#

---------------  T H R E A D  ---------------

Current thread (0x0693d000):  JavaThread "AWT-EventQueue-0" [_thread_in_native, id=4880, stack(0x079e0000,0x07a30000)]

siginfo: ExceptionCode=0xc0000005, reading address 0x3b6e6962

Registers:
EAX=0x3b6e6962, EBX=0x27c19008, ECX=0x082f0a78, EDX=0x082f0d10
ESP=0x07a2f27c, EBP=0x07a2f298, ESI=0x081d0a78, EDI=0x0693d000
EIP=0x3b6e6962, EFLAGS=0x00010202

Top of Stack: (sp=0x07a2f27c)
0x07a2f27c:   07e01878 6d998fd5 0693d000 00000006
0x07a2f28c:   00000008 0693d000 27c19008 07a2f2dc
0x07a2f29c:   10001ae8 27c19008 1000186c 27c19008
0x07a2f2ac:   019f9e37 0693d110 07a2f2ec 0000000a
0x07a2f2bc:   07a2f2bc 27c19008 07a2f2ec 27c1bc08
0x07a2f2cc:   00000000 27c19008 00000000 07a2f2ec
0x07a2f2dc:   07a2f310 019f2da1 00000000 019f8269
0x07a2f2ec:   23bbbe60 07a2f2f0 27c1a849 07a2f318 

Instructions: (pc=0x3b6e6962)
0x3b6e6952:   
[error occurred during error reporting (printing registers, top of stack, instructions near pc), id 0xc0000005]

Stack: [0x079e0000,0x07a30000],  sp=0x07a2f27c,  free space=316k
Native frames: (J=compiled Java code, j=interpreted, Vv=VM code, C=native code)
C  0x3b6e6962
C  [JMyron.dll+0x1ae8]
j  JMyron.JMyron.stop()V+1
j  camPack.WebcamTest.<init>(LcamPack/MainForm;)V+218
j  camPack.MainForm.jButton11ActionPerformed(Ljava/awt/event/ActionEvent;)V+10
j  camPack.MainForm.access$100(LcamPack/MainForm;Ljava/awt/event/ActionEvent;)V+2
j  camPack.MainForm$2.actionPerformed(Ljava/awt/event/ActionEvent;)V+5
j  javax.swing.AbstractButton.fireActionPerformed(Ljava/awt/event/ActionEvent;)V+84
j  javax.swing.AbstractButton$Handler.actionPerformed(Ljava/awt/event/ActionEvent;)V+5
j  javax.swing.DefaultButtonModel.fireActionPerformed(Ljava/awt/event/ActionEvent;)V+35
j  javax.swing.DefaultButtonModel.setPressed(Z)V+117
j  javax.swing.plaf.basic.BasicButtonListener.mouseReleased(Ljava/awt/event/MouseEvent;)V+35
j  java.awt.Component.processMouseEvent(Ljava/awt/event/MouseEvent;)V+64
j  javax.swing.JComponent.processMouseEvent(Ljava/awt/event/MouseEvent;)V+23
j  java.awt.Component.processEvent(Ljava/awt/AWTEvent;)V+81
j  java.awt.Container.processEvent(Ljava/awt/AWTEvent;)V+18
j  java.awt.Component.dispatchEventImpl(Ljava/awt/AWTEvent;)V+562
j  java.awt.Container.dispatchEventImpl(Ljava/awt/AWTEvent;)V+42
j  java.awt.Component.dispatchEvent(Ljava/awt/AWTEvent;)V+2
j  java.awt.LightweightDispatcher.retargetMouseEvent(Ljava/awt/Component;ILjava/awt/event/MouseEvent;)V+320
j  java.awt.LightweightDispatcher.processMouseEvent(Ljava/awt/event/MouseEvent;)Z+139
j  java.awt.LightweightDispatcher.dispatchEvent(Ljava/awt/AWTEvent;)Z+50
j  java.awt.Container.dispatchEventImpl(Ljava/awt/AWTEvent;)V+12
j  java.awt.Window.dispatchEventImpl(Ljava/awt/AWTEvent;)V+19
j  java.awt.Component.dispatchEvent(Ljava/awt/AWTEvent;)V+2
j  java.awt.EventQueue.dispatchEvent(Ljava/awt/AWTEvent;)V+46
j  java.awt.EventDispatchThread.pumpOneEventForFilters(I)Z+204
j  java.awt.EventDispatchThread.pumpEventsForFilter(ILjava/awt/Conditional;Ljava/awt/EventFilter;)V+30
j  java.awt.EventDispatchThread.pumpEventsForHierarchy(ILjava/awt/Conditional;Ljava/awt/Component;)V+11
j  java.awt.EventDispatchThread.pumpEvents(ILjava/awt/Conditional;)V+4
j  java.awt.EventDispatchThread.pumpEvents(Ljava/awt/Conditional;)V+3
j  java.awt.EventDispatchThread.run()V+9
v  ~StubRoutines::call_stub
V  [jvm.dll+0xecf9c]
V  [jvm.dll+0x1741e1]
V  [jvm.dll+0xed167]
V  [jvm.dll+0xed1dd]
V  [jvm.dll+0x116290]
V  [jvm.dll+0x1d0424]
V  [jvm.dll+0x173e5c]
C  [msvcr71.dll+0x9565]
C  [kernel32.dll+0x51174]
C  [ntdll.dll+0x5b3f5]
C  [ntdll.dll+0x5b3c8]

Java frames: (J=compiled Java code, j=interpreted, Vv=VM code)
j  JMyron.JMyron.native_stop()V+0
j  JMyron.JMyron.stop()V+1
j  camPack.WebcamTest.<init>(LcamPack/MainForm;)V+218
j  camPack.MainForm.jButton11ActionPerformed(Ljava/awt/event/ActionEvent;)V+10
j  camPack.MainForm.access$100(LcamPack/MainForm;Ljava/awt/event/ActionEvent;)V+2
j  camPack.MainForm$2.actionPerformed(Ljava/awt/event/ActionEvent;)V+5
j  javax.swing.AbstractButton.fireActionPerformed(Ljava/awt/event/ActionEvent;)V+84
j  javax.swing.AbstractButton$Handler.actionPerformed(Ljava/awt/event/ActionEvent;)V+5
j  javax.swing.DefaultButtonModel.fireActionPerformed(Ljava/awt/event/ActionEvent;)V+35
j  javax.swing.DefaultButtonModel.setPressed(Z)V+117
j  javax.swing.plaf.basic.BasicButtonListener.mouseReleased(Ljava/awt/event/MouseEvent;)V+35
j  java.awt.Component.processMouseEvent(Ljava/awt/event/MouseEvent;)V+64
j  javax.swing.JComponent.processMouseEvent(Ljava/awt/event/MouseEvent;)V+23
j  java.awt.Component.processEvent(Ljava/awt/AWTEvent;)V+81
j  java.awt.Container.processEvent(Ljava/awt/AWTEvent;)V+18
j  java.awt.Component.dispatchEventImpl(Ljava/awt/AWTEvent;)V+562
j  java.awt.Container.dispatchEventImpl(Ljava/awt/AWTEvent;)V+42
j  java.awt.Component.dispatchEvent(Ljava/awt/AWTEvent;)V+2
j  java.awt.LightweightDispatcher.retargetMouseEvent(Ljava/awt/Component;ILjava/awt/event/MouseEvent;)V+320
j  java.awt.LightweightDispatcher.processMouseEvent(Ljava/awt/event/MouseEvent;)Z+139
j  java.awt.LightweightDispatcher.dispatchEvent(Ljava/awt/AWTEvent;)Z+50
j  java.awt.Container.dispatchEventImpl(Ljava/awt/AWTEvent;)V+12
j  java.awt.Window.dispatchEventImpl(Ljava/awt/AWTEvent;)V+19
j  java.awt.Component.dispatchEvent(Ljava/awt/AWTEvent;)V+2
j  java.awt.EventQueue.dispatchEvent(Ljava/awt/AWTEvent;)V+46
j  java.awt.EventDispatchThread.pumpOneEventForFilters(I)Z+204
j  java.awt.EventDispatchThread.pumpEventsForFilter(ILjava/awt/Conditional;Ljava/awt/EventFilter;)V+30
j  java.awt.EventDispatchThread.pumpEventsForHierarchy(ILjava/awt/Conditional;Ljava/awt/Component;)V+11
j  java.awt.EventDispatchThread.pumpEvents(ILjava/awt/Conditional;)V+4
j  java.awt.EventDispatchThread.pumpEvents(Ljava/awt/Conditional;)V+3
j  java.awt.EventDispatchThread.run()V+9
v  ~StubRoutines::call_stub

---------------  P R O C E S S  ---------------

Java Threads: ( => current thread )
  0x069a8c00 JavaThread "Image Fetcher 0" daemon [_thread_blocked, id=3648, stack(0x07da0000,0x07df0000)]
  0x06984000 JavaThread "TimerQueue" daemon [_thread_blocked, id=2832, stack(0x07f50000,0x07fa0000)]
  0x0697dc00 JavaThread "D3D Screen Updater" daemon [_thread_blocked, id=196, stack(0x07a30000,0x07a80000)]
  0x002a9000 JavaThread "DestroyJavaVM" [_thread_blocked, id=5744, stack(0x00380000,0x003d0000)]
=>0x0693d000 JavaThread "AWT-EventQueue-0" [_thread_in_native, id=4880, stack(0x079e0000,0x07a30000)]
  0x019dd000 JavaThread "AWT-Windows" daemon [_thread_in_native, id=5752, stack(0x03ff0000,0x04040000)]
  0x019c0c00 JavaThread "AWT-Shutdown" [_thread_blocked, id=5608, stack(0x03e40000,0x03e90000)]
  0x019c0400 JavaThread "Java2D Disposer" daemon [_thread_blocked, id=7108, stack(0x03da0000,0x03df0000)]
  0x01994400 JavaThread "Low Memory Detector" daemon [_thread_blocked, id=6100, stack(0x03c20000,0x03c70000)]
  0x0197f400 JavaThread "CompilerThread0" daemon [_thread_blocked, id=7596, stack(0x03bd0000,0x03c20000)]
  0x0197ec00 JavaThread "Attach Listener" daemon [_thread_blocked, id=632, stack(0x03b80000,0x03bd0000)]
  0x01976000 JavaThread "Signal Dispatcher" daemon [_thread_blocked, id=5292, stack(0x03b30000,0x03b80000)]
  0x01931000 JavaThread "Finalizer" daemon [_thread_blocked, id=1632, stack(0x03ae0000,0x03b30000)]
  0x0192fc00 JavaThread "Reference Handler" daemon [_thread_blocked, id=5076, stack(0x03a90000,0x03ae0000)]

Other Threads:
  0x0192e400 VMThread [stack: 0x03a40000,0x03a90000] [id=3588]
  0x0199ec00 WatcherThread [stack: 0x03c70000,0x03cc0000] [id=3196]

VM state:not at safepoint (normal execution)

VM Mutex/Monitor currently owned by a thread: None

Heap
 def new generation   total 960K, used 116K [0x23bb0000, 0x23cb0000, 0x24090000)
  eden space 896K,   5% used [0x23bb0000, 0x23bbd190, 0x23c90000)
  from space 64K, 100% used [0x23ca0000, 0x23cb0000, 0x23cb0000)
  to   space 64K,   0% used [0x23c90000, 0x23c90000, 0x23ca0000)
 tenured generation   total 4096K, used 1735K [0x24090000, 0x24490000, 0x27bb0000)
   the space 4096K,  42% used [0x24090000, 0x24241c70, 0x24241e00, 0x24490000)
 compacting perm gen  total 12288K, used 431K [0x27bb0000, 0x287b0000, 0x2bbb0000)
   the space 12288K,   3% used [0x27bb0000, 0x27c1bee8, 0x27c1c000, 0x287b0000)
    ro space 8192K,  67% used [0x2bbb0000, 0x2c119040, 0x2c119200, 0x2c3b0000)
    rw space 12288K,  54% used [0x2c3b0000, 0x2ca2d348, 0x2ca2d400, 0x2cfb0000)

Dynamic libraries:
0x00400000 - 0x00424000 	C:\Program Files\Java\jdk1.6.0_16\bin\java.exe
0x779a0000 - 0x77adc000 	C:\Windows\SYSTEM32\ntdll.dll
0x75ed0000 - 0x75fa4000 	C:\Windows\system32\kernel32.dll
0x75d80000 - 0x75dca000 	C:\Windows\system32\KERNELBASE.dll
0x76210000 - 0x762b0000 	C:\Windows\system32\ADVAPI32.dll
0x76440000 - 0x764ec000 	C:\Windows\system32\msvcrt.dll
0x75eb0000 - 0x75ec9000 	C:\Windows\SYSTEM32\sechost.dll
0x765a0000 - 0x76641000 	C:\Windows\system32\RPCRT4.dll
0x7c340000 - 0x7c396000 	C:\Program Files\Java\jdk1.6.0_16\jre\bin\msvcr71.dll
0x6d8b0000 - 0x6db3b000 	C:\Program Files\Java\jdk1.6.0_16\jre\bin\client\jvm.dll
0x76340000 - 0x76409000 	C:\Windows\system32\USER32.dll
0x762f0000 - 0x7633e000 	C:\Windows\system32\GDI32.dll
0x77af0000 - 0x77afa000 	C:\Windows\system32\LPK.dll
0x76650000 - 0x766ed000 	C:\Windows\system32\USP10.dll
0x73a00000 - 0x73a32000 	C:\Windows\system32\WINMM.dll
0x76410000 - 0x7642f000 	C:\Windows\system32\IMM32.DLL
0x77b00000 - 0x77bcc000 	C:\Windows\system32\MSCTF.dll
0x75a20000 - 0x75a6b000 	C:\Windows\system32\apphelp.dll
0x6d860000 - 0x6d86c000 	C:\Program Files\Java\jdk1.6.0_16\jre\bin\verify.dll
0x6d3e0000 - 0x6d3ff000 	C:\Program Files\Java\jdk1.6.0_16\jre\bin\java.dll
0x6d340000 - 0x6d348000 	C:\Program Files\Java\jdk1.6.0_16\jre\bin\hpi.dll
0x75e70000 - 0x75e75000 	C:\Windows\system32\PSAPI.DLL
0x6d8a0000 - 0x6d8af000 	C:\Program Files\Java\jdk1.6.0_16\jre\bin\zip.dll
0x6d0b0000 - 0x6d1fa000 	C:\Program Files\Java\jdk1.6.0_16\jre\bin\awt.dll
0x736b0000 - 0x73701000 	C:\Windows\system32\WINSPOOL.DRV
0x76bf0000 - 0x76d4c000 	C:\Windows\system32\ole32.dll
0x74820000 - 0x749be000 	C:\Windows\WinSxS\x86_microsoft.windows.common-controls_6595b64144ccf1df_6.0.7600.16385_none_421189da2b7fabfc\comctl32.dll
0x764f0000 - 0x76547000 	C:\Windows\system32\SHLWAPI.dll
0x744e0000 - 0x744f3000 	C:\Windows\system32\DWMAPI.DLL
0x747c0000 - 0x74800000 	C:\Windows\system32\uxtheme.dll
0x75a70000 - 0x75a7c000 	C:\Windows\system32\CRYPTBASE.dll
0x76d50000 - 0x77999000 	C:\Windows\system32\shell32.dll
0x6d2e0000 - 0x6d334000 	C:\Program Files\Java\jdk1.6.0_16\jre\bin\fontmanager.dll
0x711a0000 - 0x71363000 	C:\Windows\system32\d3d9.dll
0x74fe0000 - 0x74fe9000 	C:\Windows\system32\VERSION.dll
0x71190000 - 0x71196000 	C:\Windows\system32\d3d8thk.dll
0x59da0000 - 0x5a74c000 	C:\Windows\system32\nvd3dum.dll
0x74c30000 - 0x74c55000 	C:\Windows\system32\powrprof.dll
0x76950000 - 0x76aed000 	C:\Windows\system32\SETUPAPI.dll
0x75b70000 - 0x75b97000 	C:\Windows\system32\CFGMGR32.dll
0x76830000 - 0x768bf000 	C:\Windows\system32\OLEAUT32.dll
0x75dd0000 - 0x75de2000 	C:\Windows\system32\DEVOBJ.dll
0x6d6c0000 - 0x6d6d3000 	C:\Program Files\Java\jdk1.6.0_16\jre\bin\net.dll
0x762b0000 - 0x762e5000 	C:\Windows\system32\WS2_32.dll
0x76430000 - 0x76436000 	C:\Windows\system32\NSI.dll
0x75560000 - 0x7559c000 	C:\Windows\system32\mswsock.dll
0x75550000 - 0x75556000 	C:\Windows\System32\wship6.dll
0x6d6e0000 - 0x6d6e9000 	C:\Program Files\Java\jdk1.6.0_16\jre\bin\nio.dll
0x768c0000 - 0x76943000 	C:\Windows\system32\CLBCatQ.DLL
0x10000000 - 0x1001b000 	C:\Windows\System32\JMyron.dll
0x07e00000 - 0x07e14000 	C:\Windows\system32\myron_ezcam.dll
0x07e20000 - 0x07e33000 	C:\Windows\system32\DSVL.dll
0x6f640000 - 0x6f7b7000 	C:\Windows\system32\QUARTZ.dll
0x7c3a0000 - 0x7c41b000 	C:\Windows\system32\MSVCP71.dll
0x74110000 - 0x74142000 	C:\Windows\system32\qcap.dll
0x6f990000 - 0x6f9b1000 	C:\Windows\system32\MSVFW32.dll
0x61d20000 - 0x61da0000 	C:\Windows\System32\qedit.dll
0x75df0000 - 0x75e6b000 	C:\Windows\system32\COMDLG32.dll
0x74630000 - 0x747c0000 	C:\Windows\WinSxS\x86_microsoft.windows.gdiplus_6595b64144ccf1df_1.1.7600.16385_none_72fc7cbf861225ca\gdiplus.dll
0x641f0000 - 0x64204000 	C:\Windows\system32\devenum.dll
0x74250000 - 0x74271000 	C:\Windows\system32\ntmarta.dll
0x76550000 - 0x76595000 	C:\Windows\system32\WLDAP32.dll
0x75c30000 - 0x75c5d000 	C:\Windows\system32\WINTRUST.dll
0x75c60000 - 0x75d7c000 	C:\Windows\system32\CRYPT32.dll
0x75b60000 - 0x75b6c000 	C:\Windows\system32\MSASN1.dll
0x641e0000 - 0x641eb000 	C:\Windows\system32\msdmo.dll

VM Arguments:
jvm_args: -Dfile.encoding=UTF-8 
java_command: camPack.Welcome
Launcher Type: SUN_STANDARD

Environment Variables:
PATH=C:\Program Files\WANdisco\Subversion\Apache2\bin;C:\Program Files\WANdisco\Subversion;C:\Program Files\NVIDIA Corporation\PhysX\Common;C:\Windows\system32;C:\Windows;C:\Windows\System32\Wbem;C:\Windows\System32\WindowsPowerShell\v1.0\;C:\Program Files\Intel\DMIX;C:\Program Files\nodejs\;C:\Program Files\TortoiseSVN\bin;C:\Program Files\VisualSVN Server\bin;C:\Users\Sagar\AppData\Roaming\npm;C:\Program Files\Java\jdk1.6.0_16\bin
USERNAME=Sagar
OS=Windows_NT
PROCESSOR_IDENTIFIER=x86 Family 6 Model 42 Stepping 7, GenuineIntel



---------------  S Y S T E M  ---------------

OS: Windows 7 Build 7600 

CPU:total 4 (8 cores per cpu, 2 threads per core) family 6 model 42 stepping 7, cmov, cx8, fxsr, mmx, sse, sse2, sse3, ssse3, sse4.1, sse4.2, ht

Memory: 4k page, physical 2097151k(1029184k free), swap 4194303k(3531652k free)

vm_info: Java HotSpot(TM) Client VM (14.2-b01) for windows-x86 JRE (1.6.0_16-b01), built on Jul 31 2009 11:26:58 by "java_re" with MS VC++ 7.1

time: Sun Feb 23 12:07:35 2014
elapsed time: 6 seconds

