#
# A fatal error has been detected by the Java Runtime Environment:
#
#  EXCEPTION_ACCESS_VIOLATION (0xc0000005) at pc=0x5c3a433b, pid=8616, tid=3816
#
# JRE version: 6.0_16-b01
# Java VM: Java HotSpot(TM) Client VM (14.2-b01 mixed mode, sharing windows-x86 )
# Problematic frame:
# C  0x5c3a433b
#
# If you would like to submit a bug report, please visit:
#   http://java.sun.com/webapps/bugreport/crash.jsp
# The crash happened outside the Java Virtual Machine in native code.
# See problematic frame for where to report the bug.
#

---------------  T H R E A D  ---------------

Current thread (0x03cf8800):  JavaThread "AWT-EventQueue-0" [_thread_in_native, id=3816, stack(0x07870000,0x078c0000)]

siginfo: ExceptionCode=0xc0000005, reading address 0x5c3a433b

Registers:
EAX=0x5c3a433b, EBX=0x27a493e8, ECX=0x08690a78, EDX=0x08690d10
ESP=0x078bf45c, EBP=0x078bf478, ESI=0x085d0a78, EDI=0x03cf8800
EIP=0x5c3a433b, EFLAGS=0x00010206

Top of Stack: (sp=0x078bf45c)
0x078bf45c:   084c1878 6d998fd5 03cf8800 00000006
0x078bf46c:   00000008 03cf8800 27a493e8 078bf4c4
0x078bf47c:   084a1ae8 27a493e8 084a186c 27a493e8
0x078bf48c:   019f9e37 03cf8910 078bf4d4 01898e04
0x078bf49c:   01898e14 0000000a 078bf4a4 27a493e8
0x078bf4ac:   078bf4d4 27a4bfe8 00000000 27a493e8
0x078bf4bc:   00000000 078bf4d4 078bf4f8 019f2da1
0x078bf4cc:   00000000 019f8269 23a10228 078bf4d8 

Instructions: (pc=0x5c3a433b)
0x5c3a432b:   
[error occurred during error reporting (printing registers, top of stack, instructions near pc), id 0xc0000005]

Stack: [0x07870000,0x078c0000],  sp=0x078bf45c,  free space=317k
Native frames: (J=compiled Java code, j=interpreted, Vv=VM code, C=native code)
C  0x5c3a433b
C  [JMyron.dll+0x1ae8]
j  JMyron.JMyron.stop()V+1
j  camPack.WebcamTest.<init>(LcamPack/MainForm;)V+218
j  camPack.MainForm.jButton11ActionPerformed(Ljava/awt/event/ActionEvent;)V+10
j  camPack.MainForm.access$100(LcamPack/MainForm;Ljava/awt/event/ActionEvent;)V+2
j  camPack.MainForm$2.actionPerformed(Ljava/awt/event/ActionEvent;)V+5
j  javax.swing.AbstractButton.fireActionPerformed(Ljava/awt/event/ActionEvent;)V+84
j  javax.swing.AbstractButton$Handler.actionPerformed(Ljava/awt/event/ActionEvent;)V+5
j  javax.swing.DefaultButtonModel.fireActionPerformed(Ljava/awt/event/ActionEvent;)V+35
j  javax.swing.DefaultButtonModel.setPressed(Z)V+117
j  javax.swing.plaf.basic.BasicButtonListener.mouseReleased(Ljava/awt/event/MouseEvent;)V+35
j  java.awt.Component.processMouseEvent(Ljava/awt/event/MouseEvent;)V+64
j  javax.swing.JComponent.processMouseEvent(Ljava/awt/event/MouseEvent;)V+23
j  java.awt.Component.processEvent(Ljava/awt/AWTEvent;)V+81
j  java.awt.Container.processEvent(Ljava/awt/AWTEvent;)V+18
j  java.awt.Component.dispatchEventImpl(Ljava/awt/AWTEvent;)V+562
j  java.awt.Container.dispatchEventImpl(Ljava/awt/AWTEvent;)V+42
j  java.awt.Component.dispatchEvent(Ljava/awt/AWTEvent;)V+2
j  java.awt.LightweightDispatcher.retargetMouseEvent(Ljava/awt/Component;ILjava/awt/event/MouseEvent;)V+320
j  java.awt.LightweightDispatcher.processMouseEvent(Ljava/awt/event/MouseEvent;)Z+139
j  java.awt.LightweightDispatcher.dispatchEvent(Ljava/awt/AWTEvent;)Z+50
j  java.awt.Container.dispatchEventImpl(Ljava/awt/AWTEvent;)V+12
j  java.awt.Window.dispatchEventImpl(Ljava/awt/AWTEvent;)V+19
j  java.awt.Component.dispatchEvent(Ljava/awt/AWTEvent;)V+2
j  java.awt.EventQueue.dispatchEvent(Ljava/awt/AWTEvent;)V+46
J  java.awt.EventDispatchThread.pumpOneEventForFilters(I)Z
j  java.awt.EventDispatchThread.pumpEventsForFilter(ILjava/awt/Conditional;Ljava/awt/EventFilter;)V+30
j  java.awt.EventDispatchThread.pumpEventsForHierarchy(ILjava/awt/Conditional;Ljava/awt/Component;)V+11
j  java.awt.EventDispatchThread.pumpEvents(ILjava/awt/Conditional;)V+4
j  java.awt.EventDispatchThread.pumpEvents(Ljava/awt/Conditional;)V+3
j  java.awt.EventDispatchThread.run()V+9
v  ~StubRoutines::call_stub
V  [jvm.dll+0xecf9c]
V  [jvm.dll+0x1741e1]
V  [jvm.dll+0xed167]
V  [jvm.dll+0xed1dd]
V  [jvm.dll+0x116290]
V  [jvm.dll+0x1d0424]
V  [jvm.dll+0x173e5c]
C  [msvcr71.dll+0x9565]
C  [kernel32.dll+0x51174]
C  [ntdll.dll+0x5b3f5]
C  [ntdll.dll+0x5b3c8]

Java frames: (J=compiled Java code, j=interpreted, Vv=VM code)
j  JMyron.JMyron.native_stop()V+0
j  JMyron.JMyron.stop()V+1
j  camPack.WebcamTest.<init>(LcamPack/MainForm;)V+218
j  camPack.MainForm.jButton11ActionPerformed(Ljava/awt/event/ActionEvent;)V+10
j  camPack.MainForm.access$100(LcamPack/MainForm;Ljava/awt/event/ActionEvent;)V+2
j  camPack.MainForm$2.actionPerformed(Ljava/awt/event/ActionEvent;)V+5
j  javax.swing.AbstractButton.fireActionPerformed(Ljava/awt/event/ActionEvent;)V+84
j  javax.swing.AbstractButton$Handler.actionPerformed(Ljava/awt/event/ActionEvent;)V+5
j  javax.swing.DefaultButtonModel.fireActionPerformed(Ljava/awt/event/ActionEvent;)V+35
j  javax.swing.DefaultButtonModel.setPressed(Z)V+117
j  javax.swing.plaf.basic.BasicButtonListener.mouseReleased(Ljava/awt/event/MouseEvent;)V+35
j  java.awt.Component.processMouseEvent(Ljava/awt/event/MouseEvent;)V+64
j  javax.swing.JComponent.processMouseEvent(Ljava/awt/event/MouseEvent;)V+23
j  java.awt.Component.processEvent(Ljava/awt/AWTEvent;)V+81
j  java.awt.Container.processEvent(Ljava/awt/AWTEvent;)V+18
j  java.awt.Component.dispatchEventImpl(Ljava/awt/AWTEvent;)V+562
j  java.awt.Container.dispatchEventImpl(Ljava/awt/AWTEvent;)V+42
j  java.awt.Component.dispatchEvent(Ljava/awt/AWTEvent;)V+2
j  java.awt.LightweightDispatcher.retargetMouseEvent(Ljava/awt/Component;ILjava/awt/event/MouseEvent;)V+320
j  java.awt.LightweightDispatcher.processMouseEvent(Ljava/awt/event/MouseEvent;)Z+139
j  java.awt.LightweightDispatcher.dispatchEvent(Ljava/awt/AWTEvent;)Z+50
j  java.awt.Container.dispatchEventImpl(Ljava/awt/AWTEvent;)V+12
j  java.awt.Window.dispatchEventImpl(Ljava/awt/AWTEvent;)V+19
j  java.awt.Component.dispatchEvent(Ljava/awt/AWTEvent;)V+2
j  java.awt.EventQueue.dispatchEvent(Ljava/awt/AWTEvent;)V+46
J  java.awt.EventDispatchThread.pumpOneEventForFilters(I)Z
j  java.awt.EventDispatchThread.pumpEventsForFilter(ILjava/awt/Conditional;Ljava/awt/EventFilter;)V+30
j  java.awt.EventDispatchThread.pumpEventsForHierarchy(ILjava/awt/Conditional;Ljava/awt/Component;)V+11
j  java.awt.EventDispatchThread.pumpEvents(ILjava/awt/Conditional;)V+4
j  java.awt.EventDispatchThread.pumpEvents(Ljava/awt/Conditional;)V+3
j  java.awt.EventDispatchThread.run()V+9
v  ~StubRoutines::call_stub

---------------  P R O C E S S  ---------------

Java Threads: ( => current thread )
  0x03d5e000 JavaThread "Image Fetcher 0" daemon [_thread_blocked, id=4928, stack(0x08450000,0x084a0000)]
  0x03d4d400 JavaThread "TimerQueue" daemon [_thread_blocked, id=4752, stack(0x07df0000,0x07e40000)]
  0x0189e000 JavaThread "D3D Screen Updater" daemon [_thread_blocked, id=8408, stack(0x078d0000,0x07920000)]
  0x019e9000 JavaThread "DestroyJavaVM" [_thread_blocked, id=6420, stack(0x01750000,0x017a0000)]
=>0x03cf8800 JavaThread "AWT-EventQueue-0" [_thread_in_native, id=3816, stack(0x07870000,0x078c0000)]
  0x0194b800 JavaThread "AWT-Windows" daemon [_thread_in_native, id=8032, stack(0x04100000,0x04150000)]
  0x0194b000 JavaThread "AWT-Shutdown" [_thread_blocked, id=9848, stack(0x040b0000,0x04100000)]
  0x0191bc00 JavaThread "Java2D Disposer" daemon [_thread_blocked, id=8252, stack(0x04020000,0x04070000)]
  0x018e3c00 JavaThread "Low Memory Detector" daemon [_thread_blocked, id=7068, stack(0x03bd0000,0x03c20000)]
  0x018df000 JavaThread "CompilerThread0" daemon [_thread_blocked, id=10140, stack(0x03b80000,0x03bd0000)]
  0x018de800 JavaThread "Attach Listener" daemon [_thread_blocked, id=5844, stack(0x03b30000,0x03b80000)]
  0x018dc000 JavaThread "Signal Dispatcher" daemon [_thread_blocked, id=7848, stack(0x03ae0000,0x03b30000)]
  0x01891000 JavaThread "Finalizer" daemon [_thread_blocked, id=8640, stack(0x03a90000,0x03ae0000)]
  0x0188fc00 JavaThread "Reference Handler" daemon [_thread_blocked, id=9572, stack(0x03a40000,0x03a90000)]

Other Threads:
  0x0188e400 VMThread [stack: 0x039f0000,0x03a40000] [id=4304]
  0x018e7000 WatcherThread [stack: 0x03c20000,0x03c70000] [id=10084]

VM state:not at safepoint (normal execution)

VM Mutex/Monitor currently owned by a thread: None

Heap
 def new generation   total 960K, used 264K [0x239e0000, 0x23ae0000, 0x23ec0000)
  eden space 896K,  22% used [0x239e0000, 0x23a123f8, 0x23ac0000)
  from space 64K, 100% used [0x23ac0000, 0x23ad0000, 0x23ad0000)
  to   space 64K,   0% used [0x23ad0000, 0x23ad0000, 0x23ae0000)
 tenured generation   total 4096K, used 1728K [0x23ec0000, 0x242c0000, 0x279e0000)
   the space 4096K,  42% used [0x23ec0000, 0x240700a0, 0x24070200, 0x242c0000)
 compacting perm gen  total 12288K, used 432K [0x279e0000, 0x285e0000, 0x2b9e0000)
   the space 12288K,   3% used [0x279e0000, 0x27a4c2c8, 0x27a4c400, 0x285e0000)
    ro space 8192K,  67% used [0x2b9e0000, 0x2bf49040, 0x2bf49200, 0x2c1e0000)
    rw space 12288K,  54% used [0x2c1e0000, 0x2c85d348, 0x2c85d400, 0x2cde0000)

Dynamic libraries:
0x00400000 - 0x00438000 	C:\Program Files\Java\jdk1.6.0_16\bin\java.exe
0x770d0000 - 0x7720c000 	C:\Windows\SYSTEM32\ntdll.dll
0x757c0000 - 0x75894000 	C:\Windows\system32\kernel32.dll
0x753b0000 - 0x753fa000 	C:\Windows\system32\KERNELBASE.dll
0x76f60000 - 0x77000000 	C:\Windows\system32\ADVAPI32.dll
0x75c60000 - 0x75d0c000 	C:\Windows\system32\msvcrt.dll
0x77210000 - 0x77229000 	C:\Windows\SYSTEM32\sechost.dll
0x76cd0000 - 0x76d71000 	C:\Windows\system32\RPCRT4.dll
0x10000000 - 0x10059000 	C:\Windows\system32\guard32.dll
0x77000000 - 0x770c9000 	C:\Windows\system32\USER32.dll
0x75dc0000 - 0x75e0e000 	C:\Windows\system32\GDI32.dll
0x75a40000 - 0x75a4a000 	C:\Windows\system32\LPK.dll
0x75720000 - 0x757bd000 	C:\Windows\system32\USP10.dll
0x74610000 - 0x74619000 	C:\Windows\system32\VERSION.dll
0x75da0000 - 0x75dbf000 	C:\Windows\system32\IMM32.DLL
0x75a50000 - 0x75b1c000 	C:\Windows\system32\MSCTF.dll
0x743b0000 - 0x743b7000 	C:\Windows\system32\fltlib.dll
0x7c340000 - 0x7c396000 	C:\Program Files\Java\jdk1.6.0_16\jre\bin\msvcr71.dll
0x6d8b0000 - 0x6db3b000 	C:\Program Files\Java\jdk1.6.0_16\jre\bin\client\jvm.dll
0x6d500000 - 0x6d532000 	C:\Windows\system32\WINMM.dll
0x75150000 - 0x7519b000 	C:\Windows\system32\apphelp.dll
0x6d860000 - 0x6d86c000 	C:\Program Files\Java\jdk1.6.0_16\jre\bin\verify.dll
0x6d3e0000 - 0x6d3ff000 	C:\Program Files\Java\jdk1.6.0_16\jre\bin\java.dll
0x6d340000 - 0x6d348000 	C:\Program Files\Java\jdk1.6.0_16\jre\bin\hpi.dll
0x75e10000 - 0x75e15000 	C:\Windows\system32\PSAPI.DLL
0x6d8a0000 - 0x6d8af000 	C:\Program Files\Java\jdk1.6.0_16\jre\bin\zip.dll
0x6d0b0000 - 0x6d1fa000 	C:\Program Files\Java\jdk1.6.0_16\jre\bin\awt.dll
0x6ce30000 - 0x6ce81000 	C:\Windows\system32\WINSPOOL.DRV
0x76d80000 - 0x76edc000 	C:\Windows\system32\ole32.dll
0x740a0000 - 0x7423e000 	C:\Windows\WinSxS\x86_microsoft.windows.common-controls_6595b64144ccf1df_6.0.7600.16385_none_421189da2b7fabfc\comctl32.dll
0x758a0000 - 0x758f7000 	C:\Windows\system32\SHLWAPI.dll
0x736e0000 - 0x736f3000 	C:\Windows\system32\DWMAPI.DLL
0x74020000 - 0x74060000 	C:\Windows\system32\uxtheme.dll
0x751a0000 - 0x751ac000 	C:\Windows\system32\CRYPTBASE.dll
0x75e20000 - 0x76a69000 	C:\Windows\system32\shell32.dll
0x6d2e0000 - 0x6d334000 	C:\Program Files\Java\jdk1.6.0_16\jre\bin\fontmanager.dll
0x6c580000 - 0x6c743000 	C:\Windows\system32\d3d9.dll
0x6c750000 - 0x6c756000 	C:\Windows\system32\d3d8thk.dll
0x5e2c0000 - 0x5ec6c000 	C:\Windows\system32\nvd3dum.dll
0x73e30000 - 0x73e55000 	C:\Windows\system32\powrprof.dll
0x76ae0000 - 0x76c7d000 	C:\Windows\system32\SETUPAPI.dll
0x75350000 - 0x75377000 	C:\Windows\system32\CFGMGR32.dll
0x75d10000 - 0x75d9f000 	C:\Windows\system32\OLEAUT32.dll
0x75330000 - 0x75342000 	C:\Windows\system32\DEVOBJ.dll
0x6d6c0000 - 0x6d6d3000 	C:\Program Files\Java\jdk1.6.0_16\jre\bin\net.dll
0x75c20000 - 0x75c55000 	C:\Windows\system32\WS2_32.dll
0x77230000 - 0x77236000 	C:\Windows\system32\NSI.dll
0x74c10000 - 0x74c4c000 	C:\Windows\system32\mswsock.dll
0x74c00000 - 0x74c06000 	C:\Windows\System32\wship6.dll
0x6d6e0000 - 0x6d6e9000 	C:\Program Files\Java\jdk1.6.0_16\jre\bin\nio.dll
0x77270000 - 0x772f3000 	C:\Windows\system32\CLBCatQ.DLL
0x084a0000 - 0x084bb000 	C:\Windows\System32\JMyron.dll
0x084c0000 - 0x084d4000 	C:\Windows\system32\myron_ezcam.dll
0x084e0000 - 0x084f3000 	C:\Windows\system32\DSVL.dll
0x60a60000 - 0x60bd7000 	C:\Windows\system32\QUARTZ.dll
0x7c3a0000 - 0x7c41b000 	C:\Windows\system32\MSVCP71.dll
0x73740000 - 0x73772000 	C:\Windows\system32\qcap.dll
0x6c3d0000 - 0x6c3f1000 	C:\Windows\system32\MSVFW32.dll
0x69320000 - 0x693a0000 	C:\Windows\System32\qedit.dll
0x76ee0000 - 0x76f5b000 	C:\Windows\system32\COMDLG32.dll
0x73ba0000 - 0x73d30000 	C:\Windows\WinSxS\x86_microsoft.windows.gdiplus_6595b64144ccf1df_1.1.7600.16385_none_72fc7cbf861225ca\gdiplus.dll
0x6ace0000 - 0x6acf4000 	C:\Windows\system32\devenum.dll
0x736b0000 - 0x736d1000 	C:\Windows\system32\ntmarta.dll
0x76c80000 - 0x76cc5000 	C:\Windows\system32\WLDAP32.dll
0x75380000 - 0x753ad000 	C:\Windows\system32\WINTRUST.dll
0x75400000 - 0x7551c000 	C:\Windows\system32\CRYPT32.dll
0x75290000 - 0x7529c000 	C:\Windows\system32\MSASN1.dll
0x74470000 - 0x7447b000 	C:\Windows\system32\msdmo.dll

VM Arguments:
jvm_args: -Dfile.encoding=UTF-8 
java_command: camPack.Welcome
Launcher Type: SUN_STANDARD

Environment Variables:
PATH=C:\Program Files\NVIDIA Corporation\PhysX\Common;C:\Windows\system32;C:\Windows;C:\Windows\System32\Wbem;C:\Windows\System32\WindowsPowerShell\v1.0\;C:\Program Files\Intel\DMIX;C:\Program Files\Microsoft SQL Server\90\Tools\binn\;C:\Program Files\Java\jdk1.6.0_16\bin;C:\Program Files\Rational\common;C:\Program Files\Rational\ClearCase\bin;C:\Program Files\Git\cmd;C:\Ruby200\bin;C:\Ruby193\bin
USERNAME=Ravee
OS=Windows_NT
PROCESSOR_IDENTIFIER=x86 Family 6 Model 42 Stepping 7, GenuineIntel



---------------  S Y S T E M  ---------------

OS: Windows 7 Build 7600 

CPU:total 4 (8 cores per cpu, 2 threads per core) family 6 model 42 stepping 7, cmov, cx8, fxsr, mmx, sse, sse2, sse3, ssse3, sse4.1, sse4.2, ht

Memory: 4k page, physical 2097151k(985168k free), swap 4194303k(2718488k free)

vm_info: Java HotSpot(TM) Client VM (14.2-b01) for windows-x86 JRE (1.6.0_16-b01), built on Jul 31 2009 11:26:58 by "java_re" with MS VC++ 7.1

time: Thu Jul 25 11:14:24 2013
elapsed time: 9 seconds

