#
# A fatal error has been detected by the Java Runtime Environment:
#
#  EXCEPTION_ACCESS_VIOLATION (0xc0000005) at pc=0x61636f4c, pid=6432, tid=6584
#
# JRE version: 6.0_16-b01
# Java VM: Java HotSpot(TM) Client VM (14.2-b01 mixed mode, sharing windows-x86 )
# Problematic frame:
# C  0x61636f4c
#
# If you would like to submit a bug report, please visit:
#   http://java.sun.com/webapps/bugreport/crash.jsp
# The crash happened outside the Java Virtual Machine in native code.
# See problematic frame for where to report the bug.
#

---------------  T H R E A D  ---------------

Current thread (0x0720dc00):  JavaThread "AWT-EventQueue-0" [_thread_in_native, id=6584, stack(0x07990000,0x079e0000)]

siginfo: ExceptionCode=0xc0000005, reading address 0x61636f4c

Registers:
EAX=0x61636f4c, EBX=0x27c18fd8, ECX=0x082a0a78, EDX=0x082a0f30
ESP=0x079df47c, EBP=0x079df498, ESI=0x07df0a78, EDI=0x0720dc00
EIP=0x61636f4c, EFLAGS=0x00010202

Top of Stack: (sp=0x079df47c)
0x079df47c:   07db1878 6d998fd5 0720dc00 00000006
0x079df48c:   00000008 0720dc00 27c18fd8 079df4dc
0x079df49c:   10001ae8 27c18fd8 1000186c 27c18fd8
0x079df4ac:   01989e37 0720dd10 079df4ec 0000000a
0x079df4bc:   079df4bc 27c18fd8 079df4ec 27c1bbd8
0x079df4cc:   00000000 27c18fd8 00000000 079df4ec
0x079df4dc:   079df510 01982da1 00000000 01988269
0x079df4ec:   23bbcd28 079df4f0 27c1a819 079df518 

Instructions: (pc=0x61636f4c)
0x61636f3c:   
[error occurred during error reporting (printing registers, top of stack, instructions near pc), id 0xc0000005]

Stack: [0x07990000,0x079e0000],  sp=0x079df47c,  free space=317k
Native frames: (J=compiled Java code, j=interpreted, Vv=VM code, C=native code)
C  0x61636f4c
C  [JMyron.dll+0x1ae8]
j  JMyron.JMyron.stop()V+1
j  camPack.WebcamTest.<init>(LcamPack/MainForm;)V+218
j  camPack.MainForm.jButton11ActionPerformed(Ljava/awt/event/ActionEvent;)V+10
j  camPack.MainForm.access$100(LcamPack/MainForm;Ljava/awt/event/ActionEvent;)V+2
j  camPack.MainForm$2.actionPerformed(Ljava/awt/event/ActionEvent;)V+5
j  javax.swing.AbstractButton.fireActionPerformed(Ljava/awt/event/ActionEvent;)V+84
j  javax.swing.AbstractButton$Handler.actionPerformed(Ljava/awt/event/ActionEvent;)V+5
j  javax.swing.DefaultButtonModel.fireActionPerformed(Ljava/awt/event/ActionEvent;)V+35
j  javax.swing.DefaultButtonModel.setPressed(Z)V+117
j  javax.swing.plaf.basic.BasicButtonListener.mouseReleased(Ljava/awt/event/MouseEvent;)V+35
j  java.awt.Component.processMouseEvent(Ljava/awt/event/MouseEvent;)V+64
j  javax.swing.JComponent.processMouseEvent(Ljava/awt/event/MouseEvent;)V+23
j  java.awt.Component.processEvent(Ljava/awt/AWTEvent;)V+81
j  java.awt.Container.processEvent(Ljava/awt/AWTEvent;)V+18
j  java.awt.Component.dispatchEventImpl(Ljava/awt/AWTEvent;)V+562
j  java.awt.Container.dispatchEventImpl(Ljava/awt/AWTEvent;)V+42
j  java.awt.Component.dispatchEvent(Ljava/awt/AWTEvent;)V+2
j  java.awt.LightweightDispatcher.retargetMouseEvent(Ljava/awt/Component;ILjava/awt/event/MouseEvent;)V+320
j  java.awt.LightweightDispatcher.processMouseEvent(Ljava/awt/event/MouseEvent;)Z+139
j  java.awt.LightweightDispatcher.dispatchEvent(Ljava/awt/AWTEvent;)Z+50
j  java.awt.Container.dispatchEventImpl(Ljava/awt/AWTEvent;)V+12
j  java.awt.Window.dispatchEventImpl(Ljava/awt/AWTEvent;)V+19
j  java.awt.Component.dispatchEvent(Ljava/awt/AWTEvent;)V+2
j  java.awt.EventQueue.dispatchEvent(Ljava/awt/AWTEvent;)V+46
j  java.awt.EventDispatchThread.pumpOneEventForFilters(I)Z+204
j  java.awt.EventDispatchThread.pumpEventsForFilter(ILjava/awt/Conditional;Ljava/awt/EventFilter;)V+30
j  java.awt.EventDispatchThread.pumpEventsForHierarchy(ILjava/awt/Conditional;Ljava/awt/Component;)V+11
j  java.awt.EventDispatchThread.pumpEvents(ILjava/awt/Conditional;)V+4
j  java.awt.EventDispatchThread.pumpEvents(Ljava/awt/Conditional;)V+3
j  java.awt.EventDispatchThread.run()V+9
v  ~StubRoutines::call_stub
V  [jvm.dll+0xecf9c]
V  [jvm.dll+0x1741e1]
V  [jvm.dll+0xed167]
V  [jvm.dll+0xed1dd]
V  [jvm.dll+0x116290]
V  [jvm.dll+0x1d0424]
V  [jvm.dll+0x173e5c]
C  [msvcr71.dll+0x9565]
C  [kernel32.dll+0x51174]
C  [ntdll.dll+0x5b3f5]
C  [ntdll.dll+0x5b3c8]

Java frames: (J=compiled Java code, j=interpreted, Vv=VM code)
j  JMyron.JMyron.native_stop()V+0
j  JMyron.JMyron.stop()V+1
j  camPack.WebcamTest.<init>(LcamPack/MainForm;)V+218
j  camPack.MainForm.jButton11ActionPerformed(Ljava/awt/event/ActionEvent;)V+10
j  camPack.MainForm.access$100(LcamPack/MainForm;Ljava/awt/event/ActionEvent;)V+2
j  camPack.MainForm$2.actionPerformed(Ljava/awt/event/ActionEvent;)V+5
j  javax.swing.AbstractButton.fireActionPerformed(Ljava/awt/event/ActionEvent;)V+84
j  javax.swing.AbstractButton$Handler.actionPerformed(Ljava/awt/event/ActionEvent;)V+5
j  javax.swing.DefaultButtonModel.fireActionPerformed(Ljava/awt/event/ActionEvent;)V+35
j  javax.swing.DefaultButtonModel.setPressed(Z)V+117
j  javax.swing.plaf.basic.BasicButtonListener.mouseReleased(Ljava/awt/event/MouseEvent;)V+35
j  java.awt.Component.processMouseEvent(Ljava/awt/event/MouseEvent;)V+64
j  javax.swing.JComponent.processMouseEvent(Ljava/awt/event/MouseEvent;)V+23
j  java.awt.Component.processEvent(Ljava/awt/AWTEvent;)V+81
j  java.awt.Container.processEvent(Ljava/awt/AWTEvent;)V+18
j  java.awt.Component.dispatchEventImpl(Ljava/awt/AWTEvent;)V+562
j  java.awt.Container.dispatchEventImpl(Ljava/awt/AWTEvent;)V+42
j  java.awt.Component.dispatchEvent(Ljava/awt/AWTEvent;)V+2
j  java.awt.LightweightDispatcher.retargetMouseEvent(Ljava/awt/Component;ILjava/awt/event/MouseEvent;)V+320
j  java.awt.LightweightDispatcher.processMouseEvent(Ljava/awt/event/MouseEvent;)Z+139
j  java.awt.LightweightDispatcher.dispatchEvent(Ljava/awt/AWTEvent;)Z+50
j  java.awt.Container.dispatchEventImpl(Ljava/awt/AWTEvent;)V+12
j  java.awt.Window.dispatchEventImpl(Ljava/awt/AWTEvent;)V+19
j  java.awt.Component.dispatchEvent(Ljava/awt/AWTEvent;)V+2
j  java.awt.EventQueue.dispatchEvent(Ljava/awt/AWTEvent;)V+46
j  java.awt.EventDispatchThread.pumpOneEventForFilters(I)Z+204
j  java.awt.EventDispatchThread.pumpEventsForFilter(ILjava/awt/Conditional;Ljava/awt/EventFilter;)V+30
j  java.awt.EventDispatchThread.pumpEventsForHierarchy(ILjava/awt/Conditional;Ljava/awt/Component;)V+11
j  java.awt.EventDispatchThread.pumpEvents(ILjava/awt/Conditional;)V+4
j  java.awt.EventDispatchThread.pumpEvents(Ljava/awt/Conditional;)V+3
j  java.awt.EventDispatchThread.run()V+9
v  ~StubRoutines::call_stub

---------------  P R O C E S S  ---------------

Java Threads: ( => current thread )
  0x0727a800 JavaThread "Image Fetcher 0" daemon [_thread_blocked, id=6984, stack(0x07d50000,0x07da0000)]
  0x07257400 JavaThread "TimerQueue" daemon [_thread_blocked, id=7408, stack(0x07f00000,0x07f50000)]
  0x0724b800 JavaThread "D3D Screen Updater" daemon [_thread_blocked, id=5804, stack(0x079e0000,0x07a30000)]
  0x00b79000 JavaThread "DestroyJavaVM" [_thread_blocked, id=1192, stack(0x00270000,0x002c0000)]
=>0x0720dc00 JavaThread "AWT-EventQueue-0" [_thread_in_native, id=6584, stack(0x07990000,0x079e0000)]
  0x0195f400 JavaThread "AWT-Windows" daemon [_thread_in_native, id=7588, stack(0x03fa0000,0x03ff0000)]
  0x0195cc00 JavaThread "AWT-Shutdown" [_thread_blocked, id=7848, stack(0x03e20000,0x03e70000)]
  0x0195a400 JavaThread "Java2D Disposer" daemon [_thread_blocked, id=8176, stack(0x03ce0000,0x03d30000)]
  0x01914400 JavaThread "Low Memory Detector" daemon [_thread_blocked, id=7648, stack(0x03c20000,0x03c70000)]
  0x0190f800 JavaThread "CompilerThread0" daemon [_thread_blocked, id=7608, stack(0x03bd0000,0x03c20000)]
  0x0190f000 JavaThread "Attach Listener" daemon [_thread_blocked, id=6348, stack(0x03b80000,0x03bd0000)]
  0x01904400 JavaThread "Signal Dispatcher" daemon [_thread_blocked, id=6532, stack(0x03b30000,0x03b80000)]
  0x018c1000 JavaThread "Finalizer" daemon [_thread_blocked, id=4564, stack(0x03ae0000,0x03b30000)]
  0x018bfc00 JavaThread "Reference Handler" daemon [_thread_blocked, id=7120, stack(0x03a90000,0x03ae0000)]

Other Threads:
  0x018be400 VMThread [stack: 0x03a40000,0x03a90000] [id=7220]
  0x01915800 WatcherThread [stack: 0x03c70000,0x03cc0000] [id=2276]

VM state:not at safepoint (normal execution)

VM Mutex/Monitor currently owned by a thread: None

Heap
 def new generation   total 960K, used 133K [0x23bb0000, 0x23cb0000, 0x24090000)
  eden space 896K,   7% used [0x23bb0000, 0x23bc14c8, 0x23c90000)
  from space 64K, 100% used [0x23ca0000, 0x23cb0000, 0x23cb0000)
  to   space 64K,   0% used [0x23c90000, 0x23c90000, 0x23ca0000)
 tenured generation   total 4096K, used 1734K [0x24090000, 0x24490000, 0x27bb0000)
   the space 4096K,  42% used [0x24090000, 0x242418d0, 0x24241a00, 0x24490000)
 compacting perm gen  total 12288K, used 431K [0x27bb0000, 0x287b0000, 0x2bbb0000)
   the space 12288K,   3% used [0x27bb0000, 0x27c1beb8, 0x27c1c000, 0x287b0000)
    ro space 8192K,  67% used [0x2bbb0000, 0x2c119040, 0x2c119200, 0x2c3b0000)
    rw space 12288K,  54% used [0x2c3b0000, 0x2ca2d348, 0x2ca2d400, 0x2cfb0000)

Dynamic libraries:
0x00400000 - 0x00424000 	C:\Program Files\Java\jdk1.6.0_16\bin\java.exe
0x76db0000 - 0x76eec000 	C:\Windows\SYSTEM32\ntdll.dll
0x765a0000 - 0x76674000 	C:\Windows\system32\kernel32.dll
0x75040000 - 0x7508a000 	C:\Windows\system32\KERNELBASE.dll
0x76170000 - 0x76210000 	C:\Windows\system32\ADVAPI32.dll
0x76860000 - 0x7690c000 	C:\Windows\system32\msvcrt.dll
0x76370000 - 0x76389000 	C:\Windows\SYSTEM32\sechost.dll
0x76960000 - 0x76a01000 	C:\Windows\system32\RPCRT4.dll
0x7c340000 - 0x7c396000 	C:\Program Files\Java\jdk1.6.0_16\jre\bin\msvcr71.dll
0x6d8b0000 - 0x6db3b000 	C:\Program Files\Java\jdk1.6.0_16\jre\bin\client\jvm.dll
0x764d0000 - 0x76599000 	C:\Windows\system32\USER32.dll
0x76910000 - 0x7695e000 	C:\Windows\system32\GDI32.dll
0x76fd0000 - 0x76fda000 	C:\Windows\system32\LPK.dll
0x76c10000 - 0x76cad000 	C:\Windows\system32\USP10.dll
0x71920000 - 0x71952000 	C:\Windows\system32\WINMM.dll
0x76ef0000 - 0x76f0f000 	C:\Windows\system32\IMM32.DLL
0x75f90000 - 0x7605c000 	C:\Windows\system32\MSCTF.dll
0x74e30000 - 0x74e7b000 	C:\Windows\system32\apphelp.dll
0x6d860000 - 0x6d86c000 	C:\Program Files\Java\jdk1.6.0_16\jre\bin\verify.dll
0x6d3e0000 - 0x6d3ff000 	C:\Program Files\Java\jdk1.6.0_16\jre\bin\java.dll
0x6d340000 - 0x6d348000 	C:\Program Files\Java\jdk1.6.0_16\jre\bin\hpi.dll
0x76f10000 - 0x76f15000 	C:\Windows\system32\PSAPI.DLL
0x6d8a0000 - 0x6d8af000 	C:\Program Files\Java\jdk1.6.0_16\jre\bin\zip.dll
0x6d0b0000 - 0x6d1fa000 	C:\Program Files\Java\jdk1.6.0_16\jre\bin\awt.dll
0x718b0000 - 0x71901000 	C:\Windows\system32\WINSPOOL.DRV
0x76210000 - 0x7636c000 	C:\Windows\system32\ole32.dll
0x73c30000 - 0x73dce000 	C:\Windows\WinSxS\x86_microsoft.windows.common-controls_6595b64144ccf1df_6.0.7600.16385_none_421189da2b7fabfc\comctl32.dll
0x75200000 - 0x75257000 	C:\Windows\system32\SHLWAPI.dll
0x73840000 - 0x73853000 	C:\Windows\system32\DWMAPI.DLL
0x73b20000 - 0x73b60000 	C:\Windows\system32\uxtheme.dll
0x74e80000 - 0x74e8c000 	C:\Windows\system32\CRYPTBASE.dll
0x75340000 - 0x75f89000 	C:\Windows\system32\shell32.dll
0x6d2e0000 - 0x6d334000 	C:\Program Files\Java\jdk1.6.0_16\jre\bin\fontmanager.dll
0x6fdd0000 - 0x6ff93000 	C:\Windows\system32\d3d9.dll
0x74230000 - 0x74239000 	C:\Windows\system32\VERSION.dll
0x711f0000 - 0x711f6000 	C:\Windows\system32\d3d8thk.dll
0x59b90000 - 0x5a53c000 	C:\Windows\system32\nvd3dum.dll
0x73f50000 - 0x73f75000 	C:\Windows\system32\powrprof.dll
0x766c0000 - 0x7685d000 	C:\Windows\system32\SETUPAPI.dll
0x74f80000 - 0x74fa7000 	C:\Windows\system32\CFGMGR32.dll
0x75260000 - 0x752ef000 	C:\Windows\system32\OLEAUT32.dll
0x751e0000 - 0x751f2000 	C:\Windows\system32\DEVOBJ.dll
0x6d6c0000 - 0x6d6d3000 	C:\Program Files\Java\jdk1.6.0_16\jre\bin\net.dll
0x76680000 - 0x766b5000 	C:\Windows\system32\WS2_32.dll
0x752f0000 - 0x752f6000 	C:\Windows\system32\NSI.dll
0x74940000 - 0x7497c000 	C:\Windows\system32\mswsock.dll
0x74930000 - 0x74936000 	C:\Windows\System32\wship6.dll
0x6d6e0000 - 0x6d6e9000 	C:\Program Files\Java\jdk1.6.0_16\jre\bin\nio.dll
0x76060000 - 0x760e3000 	C:\Windows\system32\CLBCatQ.DLL
0x10000000 - 0x1001b000 	C:\Windows\System32\JMyron.dll
0x07db0000 - 0x07dc4000 	C:\Windows\system32\myron_ezcam.dll
0x07dd0000 - 0x07de3000 	C:\Windows\system32\DSVL.dll
0x5e420000 - 0x5e597000 	C:\Windows\system32\QUARTZ.dll
0x7c3a0000 - 0x7c41b000 	C:\Windows\system32\MSVCP71.dll
0x65890000 - 0x658c2000 	C:\Windows\system32\qcap.dll
0x6e410000 - 0x6e431000 	C:\Windows\system32\MSVFW32.dll
0x62390000 - 0x62410000 	C:\Windows\System32\qedit.dll
0x760f0000 - 0x7616b000 	C:\Windows\system32\COMDLG32.dll
0x73990000 - 0x73b20000 	C:\Windows\WinSxS\x86_microsoft.windows.gdiplus_6595b64144ccf1df_1.1.7600.16385_none_72fc7cbf861225ca\gdiplus.dll
0x634c0000 - 0x634d4000 	C:\Windows\system32\devenum.dll
0x737e0000 - 0x73801000 	C:\Windows\system32\ntmarta.dll
0x76f80000 - 0x76fc5000 	C:\Windows\system32\WLDAP32.dll
0x75090000 - 0x750bd000 	C:\Windows\system32\WINTRUST.dll
0x750c0000 - 0x751dc000 	C:\Windows\system32\CRYPT32.dll
0x74f70000 - 0x74f7c000 	C:\Windows\system32\MSASN1.dll
0x634b0000 - 0x634bb000 	C:\Windows\system32\msdmo.dll
0x6b9a0000 - 0x6b9d3000 	C:\Windows\system32\ksproxy.ax
0x6b680000 - 0x6b684000 	C:\Windows\system32\ksuser.dll
0x73f30000 - 0x73f39000 	C:\Windows\system32\vidcap.ax
0x72650000 - 0x7266d000 	C:\Windows\system32\kswdmcap.ax
0x61cc0000 - 0x61ddc000 	C:\Windows\system32\MFC42.dll
0x61900000 - 0x6198a000 	C:\Windows\system32\ODBC32.dll
0x62dc0000 - 0x62df8000 	C:\Windows\system32\odbcint.dll
0x091f0000 - 0x09243000 	C:\Windows\system32\AVERM.dll

VM Arguments:
jvm_args: -Dfile.encoding=UTF-8 
java_command: camPack.Welcome
Launcher Type: SUN_STANDARD

Environment Variables:
PATH=C:\Program Files\WANdisco\Subversion\Apache2\bin;C:\Program Files\WANdisco\Subversion;C:\Program Files\NVIDIA Corporation\PhysX\Common;C:\Windows\system32;C:\Windows;C:\Windows\System32\Wbem;C:\Windows\System32\WindowsPowerShell\v1.0\;C:\Program Files\Intel\DMIX;C:\Program Files\nodejs\;C:\Program Files\TortoiseSVN\bin;C:\Program Files\VisualSVN Server\bin;C:\Users\Sagar\AppData\Roaming\npm;C:\Program Files\Java\jdk1.6.0_16\bin
USERNAME=Sagar
OS=Windows_NT
PROCESSOR_IDENTIFIER=x86 Family 6 Model 42 Stepping 7, GenuineIntel



---------------  S Y S T E M  ---------------

OS: Windows 7 Build 7600 

CPU:total 4 (8 cores per cpu, 2 threads per core) family 6 model 42 stepping 7, cmov, cx8, fxsr, mmx, sse, sse2, sse3, ssse3, sse4.1, sse4.2, ht

Memory: 4k page, physical 2097151k(1155984k free), swap 4194303k(4179308k free)

vm_info: Java HotSpot(TM) Client VM (14.2-b01) for windows-x86 JRE (1.6.0_16-b01), built on Jul 31 2009 11:26:58 by "java_re" with MS VC++ 7.1

time: Sun Jan 12 14:37:52 2014
elapsed time: 2 seconds

