#
# An unexpected error has been detected by Java Runtime Environment:
#
#  EXCEPTION_ACCESS_VIOLATION (0xc0000005) at pc=0x00000001, pid=5836, tid=72
#
# Java VM: Java HotSpot(TM) Client VM (11.2-b01 mixed mode, sharing windows-x86)
# Problematic frame:
# C  0x00000001
#
# If you would like to submit a bug report, please visit:
#   http://java.sun.com/webapps/bugreport/crash.jsp
# The crash happened outside the Java Virtual Machine in native code.
# See problematic frame for where to report the bug.
#

---------------  T H R E A D  ---------------

Current thread (0x045e2800):  JavaThread "AWT-EventQueue-0" [_thread_in_native, id=72, stack(0x05840000,0x05890000)]

siginfo: ExceptionCode=0xc0000005, reading address 0x00000001

Registers:
EAX=0x00000001, EBX=0x28241dc0, ECX=0x05a42ba0, EDX=0x05a409e8
ESP=0x0588f56c, EBP=0x0588f588, ESI=0x05b92ba0, EDI=0x045e2800
EIP=0x00000001, EFLAGS=0x00010202

Top of Stack: (sp=0x0588f56c)
0x0588f56c:   059d1878 045e2800 6d9759f5 045e2800
0x0588f57c:   00000006 00000008 045e2800 0588f5d4
0x0588f58c:   10001ae8 28241dc0 1000186c 28241dc0
0x0588f59c:   02009d11 045e2914 0588f5e4 040a8b78
0x0588f5ac:   040a8b88 040a8b8c 0588f5b4 28241dc0
0x0588f5bc:   0588f5e4 282449b8 00000000 28241dc0
0x0588f5cc:   00000000 0588f5e4 0588f608 02002da1
0x0588f5dc:   00000000 02008189 24275070 0588f5e8 

Instructions: (pc=0x00000001)
0xfffffff1:   


Stack: [0x05840000,0x05890000],  sp=0x0588f56c,  free space=317k
Native frames: (J=compiled Java code, j=interpreted, Vv=VM code, C=native code)
C  0x00000001
C  [JMyron.dll+0x1ae8]
j  JMyron.JMyron.stop()V+1
j  gesturePack.WebcamTest.<init>(LgesturePack/MainMenu;)V+218
j  gesturePack.MainMenu.jButton5ActionPerformed(Ljava/awt/event/ActionEvent;)V+10
j  gesturePack.MainMenu.access$700(LgesturePack/MainMenu;Ljava/awt/event/ActionEvent;)V+2
j  gesturePack.MainMenu$8.actionPerformed(Ljava/awt/event/ActionEvent;)V+5
j  javax.swing.AbstractButton.fireActionPerformed(Ljava/awt/event/ActionEvent;)V+84
j  javax.swing.AbstractButton$Handler.actionPerformed(Ljava/awt/event/ActionEvent;)V+5
j  javax.swing.DefaultButtonModel.fireActionPerformed(Ljava/awt/event/ActionEvent;)V+35
j  javax.swing.DefaultButtonModel.setPressed(Z)V+117
j  javax.swing.plaf.basic.BasicButtonListener.mouseReleased(Ljava/awt/event/MouseEvent;)V+35
j  java.awt.Component.processMouseEvent(Ljava/awt/event/MouseEvent;)V+64
j  javax.swing.JComponent.processMouseEvent(Ljava/awt/event/MouseEvent;)V+23
j  java.awt.Component.processEvent(Ljava/awt/AWTEvent;)V+81
j  java.awt.Container.processEvent(Ljava/awt/AWTEvent;)V+18
j  java.awt.Component.dispatchEventImpl(Ljava/awt/AWTEvent;)V+562
j  java.awt.Container.dispatchEventImpl(Ljava/awt/AWTEvent;)V+42
j  java.awt.Component.dispatchEvent(Ljava/awt/AWTEvent;)V+2
j  java.awt.LightweightDispatcher.retargetMouseEvent(Ljava/awt/Component;ILjava/awt/event/MouseEvent;)V+320
j  java.awt.LightweightDispatcher.processMouseEvent(Ljava/awt/event/MouseEvent;)Z+139
j  java.awt.LightweightDispatcher.dispatchEvent(Ljava/awt/AWTEvent;)Z+50
j  java.awt.Container.dispatchEventImpl(Ljava/awt/AWTEvent;)V+12
j  java.awt.Window.dispatchEventImpl(Ljava/awt/AWTEvent;)V+19
j  java.awt.Component.dispatchEvent(Ljava/awt/AWTEvent;)V+2
j  java.awt.EventQueue.dispatchEvent(Ljava/awt/AWTEvent;)V+46
J  java.awt.EventDispatchThread.pumpOneEventForFilters(I)Z
j  java.awt.EventDispatchThread.pumpEventsForFilter(ILjava/awt/Conditional;Ljava/awt/EventFilter;)V+30
j  java.awt.EventDispatchThread.pumpEventsForHierarchy(ILjava/awt/Conditional;Ljava/awt/Component;)V+11
j  java.awt.EventDispatchThread.pumpEvents(ILjava/awt/Conditional;)V+4
j  java.awt.EventDispatchThread.pumpEvents(Ljava/awt/Conditional;)V+3
j  java.awt.EventDispatchThread.run()V+9
v  ~StubRoutines::call_stub

Java frames: (J=compiled Java code, j=interpreted, Vv=VM code)
j  JMyron.JMyron.native_stop()V+0
j  JMyron.JMyron.stop()V+1
j  gesturePack.WebcamTest.<init>(LgesturePack/MainMenu;)V+218
j  gesturePack.MainMenu.jButton5ActionPerformed(Ljava/awt/event/ActionEvent;)V+10
j  gesturePack.MainMenu.access$700(LgesturePack/MainMenu;Ljava/awt/event/ActionEvent;)V+2
j  gesturePack.MainMenu$8.actionPerformed(Ljava/awt/event/ActionEvent;)V+5
j  javax.swing.AbstractButton.fireActionPerformed(Ljava/awt/event/ActionEvent;)V+84
j  javax.swing.AbstractButton$Handler.actionPerformed(Ljava/awt/event/ActionEvent;)V+5
j  javax.swing.DefaultButtonModel.fireActionPerformed(Ljava/awt/event/ActionEvent;)V+35
j  javax.swing.DefaultButtonModel.setPressed(Z)V+117
j  javax.swing.plaf.basic.BasicButtonListener.mouseReleased(Ljava/awt/event/MouseEvent;)V+35
j  java.awt.Component.processMouseEvent(Ljava/awt/event/MouseEvent;)V+64
j  javax.swing.JComponent.processMouseEvent(Ljava/awt/event/MouseEvent;)V+23
j  java.awt.Component.processEvent(Ljava/awt/AWTEvent;)V+81
j  java.awt.Container.processEvent(Ljava/awt/AWTEvent;)V+18
j  java.awt.Component.dispatchEventImpl(Ljava/awt/AWTEvent;)V+562
j  java.awt.Container.dispatchEventImpl(Ljava/awt/AWTEvent;)V+42
j  java.awt.Component.dispatchEvent(Ljava/awt/AWTEvent;)V+2
j  java.awt.LightweightDispatcher.retargetMouseEvent(Ljava/awt/Component;ILjava/awt/event/MouseEvent;)V+320
j  java.awt.LightweightDispatcher.processMouseEvent(Ljava/awt/event/MouseEvent;)Z+139
j  java.awt.LightweightDispatcher.dispatchEvent(Ljava/awt/AWTEvent;)Z+50
j  java.awt.Container.dispatchEventImpl(Ljava/awt/AWTEvent;)V+12
j  java.awt.Window.dispatchEventImpl(Ljava/awt/AWTEvent;)V+19
j  java.awt.Component.dispatchEvent(Ljava/awt/AWTEvent;)V+2
j  java.awt.EventQueue.dispatchEvent(Ljava/awt/AWTEvent;)V+46
J  java.awt.EventDispatchThread.pumpOneEventForFilters(I)Z
j  java.awt.EventDispatchThread.pumpEventsForFilter(ILjava/awt/Conditional;Ljava/awt/EventFilter;)V+30
j  java.awt.EventDispatchThread.pumpEventsForHierarchy(ILjava/awt/Conditional;Ljava/awt/Component;)V+11
j  java.awt.EventDispatchThread.pumpEvents(ILjava/awt/Conditional;)V+4
j  java.awt.EventDispatchThread.pumpEvents(Ljava/awt/Conditional;)V+3
j  java.awt.EventDispatchThread.run()V+9
v  ~StubRoutines::call_stub

---------------  P R O C E S S  ---------------

Java Threads: ( => current thread )
  0x0464f400 JavaThread "Image Fetcher 0" daemon [_thread_blocked, id=4228, stack(0x05240000,0x05290000)]
  0x04645c00 JavaThread "TimerQueue" daemon [_thread_blocked, id=5412, stack(0x05950000,0x059a0000)]
  0x00349400 JavaThread "DestroyJavaVM" [_thread_blocked, id=6228, stack(0x003b0000,0x00400000)]
=>0x045e2800 JavaThread "AWT-EventQueue-0" [_thread_in_native, id=72, stack(0x05840000,0x05890000)]
  0x045e2000 JavaThread "AWT-Shutdown" [_thread_blocked, id=4120, stack(0x04d10000,0x04d60000)]
  0x040fa000 JavaThread "AWT-Windows" daemon [_thread_in_native, id=4960, stack(0x04da0000,0x04df0000)]
  0x040fec00 JavaThread "Java2D Disposer" daemon [_thread_blocked, id=6580, stack(0x04c80000,0x04cd0000)]
  0x0403c000 JavaThread "Low Memory Detector" daemon [_thread_blocked, id=3476, stack(0x044a0000,0x044f0000)]
  0x04035c00 JavaThread "CompilerThread0" daemon [_thread_blocked, id=3640, stack(0x04410000,0x04460000)]
  0x04035400 JavaThread "Attach Listener" daemon [_thread_blocked, id=4416, stack(0x04380000,0x043d0000)]
  0x0402f800 JavaThread "Signal Dispatcher" daemon [_thread_blocked, id=5072, stack(0x042f0000,0x04340000)]
  0x04025c00 JavaThread "Finalizer" daemon [_thread_blocked, id=3248, stack(0x04260000,0x042b0000)]
  0x04023800 JavaThread "Reference Handler" daemon [_thread_blocked, id=6756, stack(0x041d0000,0x04220000)]

Other Threads:
  0x04022000 VMThread [stack: 0x04140000,0x04190000] [id=2408]
  0x0403e800 WatcherThread [stack: 0x04530000,0x04580000] [id=7004]

VM state:not at safepoint (normal execution)

VM Mutex/Monitor currently owned by a thread: None

Heap
 def new generation   total 960K, used 926K [0x241a0000, 0x242a0000, 0x24680000)
  eden space 896K,  96% used [0x241a0000, 0x24277fb8, 0x24280000)
  from space 64K,  97% used [0x24280000, 0x2428faa0, 0x24290000)
  to   space 64K,   0% used [0x24290000, 0x24290000, 0x242a0000)
 tenured generation   total 11756K, used 7976K [0x24680000, 0x251fb000, 0x281a0000)
   the space 11756K,  67% used [0x24680000, 0x24e4a220, 0x24e4a400, 0x251fb000)
 compacting perm gen  total 12288K, used 659K [0x281a0000, 0x28da0000, 0x2c1a0000)
   the space 12288K,   5% used [0x281a0000, 0x28244c98, 0x28244e00, 0x28da0000)
    ro space 8192K,  67% used [0x2c1a0000, 0x2c707448, 0x2c707600, 0x2c9a0000)
    rw space 12288K,  53% used [0x2c9a0000, 0x2d014d58, 0x2d014e00, 0x2d5a0000)

Dynamic libraries:
0x00400000 - 0x00424000 	C:\Program Files (x86)\Java\jdk1.6.0_12\jre\bin\java.exe
0x77170000 - 0x772c7000 	C:\Windows\SYSTEM32\ntdll.dll
0x74ce0000 - 0x74e10000 	C:\Windows\SYSTEM32\KERNEL32.DLL
0x75600000 - 0x756a6000 	C:\Windows\SYSTEM32\KERNELBASE.dll
0x74620000 - 0x746c7000 	C:\Windows\system32\apphelp.dll
0x75e90000 - 0x75f3e000 	C:\Windows\SYSTEM32\ADVAPI32.dll
0x74f50000 - 0x75001000 	C:\Windows\SYSTEM32\msvcrt.dll
0x75bd0000 - 0x75c04000 	C:\Windows\SYSTEM32\sechost.dll
0x75210000 - 0x752bc000 	C:\Windows\SYSTEM32\RPCRT4.dll
0x747a0000 - 0x747bc000 	C:\Windows\SYSTEM32\SspiCli.dll
0x74790000 - 0x74799000 	C:\Windows\SYSTEM32\CRYPTBASE.dll
0x74730000 - 0x74781000 	C:\Windows\SYSTEM32\bcryptPrimitives.dll
0x7c340000 - 0x7c396000 	C:\Program Files (x86)\Java\jdk1.6.0_12\jre\bin\msvcr71.dll
0x6d8b0000 - 0x6db06000 	C:\Program Files (x86)\Java\jdk1.6.0_12\jre\bin\client\jvm.dll
0x753c0000 - 0x754d6000 	C:\Windows\SYSTEM32\USER32.dll
0x742f0000 - 0x74311000 	C:\Windows\SYSTEM32\WINMM.dll
0x752c0000 - 0x753bd000 	C:\Windows\SYSTEM32\GDI32.dll
0x73c30000 - 0x73c5b000 	C:\Windows\SYSTEM32\WINMMBASE.dll
0x75010000 - 0x75056000 	C:\Windows\SYSTEM32\cfgmgr32.dll
0x74870000 - 0x7488e000 	C:\Windows\SYSTEM32\DEVOBJ.dll
0x75e20000 - 0x75e40000 	C:\Windows\system32\IMM32.DLL
0x74c00000 - 0x74cde000 	C:\Windows\SYSTEM32\MSCTF.dll
0x6d340000 - 0x6d348000 	C:\Program Files (x86)\Java\jdk1.6.0_12\jre\bin\hpi.dll
0x74e10000 - 0x74e16000 	C:\Windows\SYSTEM32\PSAPI.DLL
0x6d860000 - 0x6d86c000 	C:\Program Files (x86)\Java\jdk1.6.0_12\jre\bin\verify.dll
0x6d3e0000 - 0x6d3ff000 	C:\Program Files (x86)\Java\jdk1.6.0_12\jre\bin\java.dll
0x6d8a0000 - 0x6d8af000 	C:\Program Files (x86)\Java\jdk1.6.0_12\jre\bin\zip.dll
0x6d0b0000 - 0x6d1fa000 	C:\Program Files (x86)\Java\jdk1.6.0_12\jre\bin\awt.dll
0x74550000 - 0x745b0000 	C:\Windows\SYSTEM32\WINSPOOL.DRV
0x754e0000 - 0x755f9000 	C:\Windows\SYSTEM32\ole32.dll
0x75c20000 - 0x75d56000 	C:\Windows\SYSTEM32\combase.dll
0x049f0000 - 0x04c34000 	C:\Windows\AppPatch\AcGenral.DLL
0x751d0000 - 0x75210000 	C:\Windows\SYSTEM32\SHLWAPI.dll
0x743b0000 - 0x74438000 	C:\Windows\SYSTEM32\UxTheme.dll
0x73820000 - 0x73832000 	C:\Windows\SYSTEM32\samcli.dll
0x77020000 - 0x770ab000 	C:\Windows\SYSTEM32\OLEAUT32.dll
0x73d00000 - 0x73d14000 	C:\Windows\SYSTEM32\MSACM32.dll
0x74720000 - 0x74728000 	C:\Windows\SYSTEM32\VERSION.dll
0x75f50000 - 0x77016000 	C:\Windows\SYSTEM32\SHELL32.dll
0x732b0000 - 0x732cb000 	C:\Windows\SYSTEM32\USERENV.dll
0x73a40000 - 0x73a59000 	C:\Windows\SYSTEM32\dwmapi.dll
0x74e20000 - 0x74f41000 	C:\Windows\SYSTEM32\urlmon.dll
0x745c0000 - 0x745d3000 	C:\Windows\SYSTEM32\MPR.dll
0x74360000 - 0x74371000 	C:\Windows\SYSTEM32\profapi.dll
0x74890000 - 0x74a88000 	C:\Windows\SYSTEM32\iertutil.dll
0x75860000 - 0x75a18000 	C:\Windows\SYSTEM32\WININET.dll
0x74440000 - 0x744b3000 	C:\Windows\SYSTEM32\SHCORE.DLL
0x735d0000 - 0x737c8000 	C:\Windows\WinSxS\x86_microsoft.windows.common-controls_6595b64144ccf1df_6.0.9200.16579_none_8937eec6860750f5\comctl32.dll
0x6d2e0000 - 0x6d334000 	C:\Program Files (x86)\Java\jdk1.6.0_12\jre\bin\fontmanager.dll
0x6d6c0000 - 0x6d6d3000 	C:\Program Files (x86)\Java\jdk1.6.0_12\jre\bin\net.dll
0x75d60000 - 0x75db0000 	C:\Windows\SYSTEM32\WS2_32.dll
0x75c10000 - 0x75c18000 	C:\Windows\SYSTEM32\NSI.dll
0x746d0000 - 0x7471a000 	C:\Windows\system32\mswsock.dll
0x6d6e0000 - 0x6d6e9000 	C:\Program Files (x86)\Java\jdk1.6.0_12\jre\bin\nio.dll
0x75150000 - 0x751c4000 	C:\Windows\SYSTEM32\clbcatq.dll
0x10000000 - 0x1001b000 	C:\Program Files (x86)\Java\jdk1.6.0_12\jre\bin\JMyron.dll
0x059d0000 - 0x059e4000 	C:\Program Files (x86)\Java\jdk1.6.0_12\jre\bin\myron_ezcam.dll
0x059f0000 - 0x05a03000 	C:\Program Files (x86)\Java\jdk1.6.0_12\jre\bin\DSVL.dll
0x73440000 - 0x735c2000 	C:\Windows\SYSTEM32\QUARTZ.dll
0x7c3a0000 - 0x7c41b000 	C:\Program Files (x86)\Java\jdk1.6.0_12\jre\bin\MSVCP71.dll
0x70f80000 - 0x70fb0000 	C:\Windows\SYSTEM32\qcap.dll
0x6d050000 - 0x6d071000 	C:\Windows\SYSTEM32\MSVFW32.dll
0x5ebb0000 - 0x5ec2d000 	C:\Windows\SYSTEM32\qedit.dll
0x747e0000 - 0x74869000 	C:\Windows\SYSTEM32\COMDLG32.dll
0x738c0000 - 0x73a23000 	C:\Windows\WinSxS\x86_microsoft.windows.gdiplus_6595b64144ccf1df_1.1.9200.16518_none_ba1cf6b7e09f1918\gdiplus.dll
0x73150000 - 0x73163000 	C:\Windows\SYSTEM32\devenum.dll
0x756b0000 - 0x7585f000 	C:\Windows\SYSTEM32\setupapi.dll
0x73c90000 - 0x73cb6000 	C:\Windows\SYSTEM32\ntmarta.dll
0x75e40000 - 0x75e82000 	C:\Windows\SYSTEM32\WINTRUST.dll
0x75a20000 - 0x75ba2000 	C:\Windows\SYSTEM32\CRYPT32.dll
0x75bb0000 - 0x75bc2000 	C:\Windows\SYSTEM32\MSASN1.dll
0x73140000 - 0x7314b000 	C:\Windows\SYSTEM32\msdmo.dll
0x5eb70000 - 0x5eba2000 	C:\Windows\SYSTEM32\ksproxy.ax
0x5f290000 - 0x5f295000 	C:\Windows\SYSTEM32\ksuser.dll
0x5e9b0000 - 0x5eb65000 	C:\Windows\SYSTEM32\d3d9.dll
0x5e9a0000 - 0x5e9aa000 	C:\Windows\SYSTEM32\vidcap.ax
0x5e980000 - 0x5e99d000 	C:\Windows\SYSTEM32\kswdmcap.ax
0x6dd60000 - 0x6de79000 	C:\Windows\SYSTEM32\MFC42.dll
0x6dcb0000 - 0x6dd51000 	C:\Windows\SYSTEM32\ODBC32.dll

VM Arguments:
jvm_args: -Xbootclasspath/p:C:\Users\hp-pc\Desktop\OT\VirtualMouse\${endorsed.classpath} -Dfile.encoding=Cp1252 
java_command: gesturePack.Welcome
Launcher Type: SUN_STANDARD

Environment Variables:
PATH=C:\Program Files (x86)\Intel\iCLS Client\;C:\Program Files\Intel\iCLS Client\;C:\Windows\system32;C:\Windows;C:\Windows\System32\Wbem;C:\Windows\System32\WindowsPowerShell\v1.0\;C:\Program Files (x86)\Windows Live\Shared;C:\Program Files\Intel\Intel(R) Management Engine Components\DAL;C:\Program Files\Intel\Intel(R) Management Engine Components\IPT;C:\Program Files (x86)\Intel\Intel(R) Management Engine Components\DAL;C:\Program Files (x86)\Intel\Intel(R) Management Engine Components\IPT;C:\Program Files (x86)\Intel\OpenCL SDK\3.0\bin\x86;C:\Program Files (x86)\Intel\OpenCL SDK\3.0\bin\x64;C:\Program Files (x86)\ATI Technologies\ATI.ACE\Core-Static;C:\Program Files (x86)\Java\jdk1.6.0_12\bin;C:\Windows\System32
USERNAME=hp-pc
OS=Windows_NT
PROCESSOR_IDENTIFIER=Intel64 Family 6 Model 69 Stepping 1, GenuineIntel



---------------  S Y S T E M  ---------------

OS: Windows NT 6.2 Build 9200 

CPU:total 4 (8 cores per cpu, 2 threads per core) family 6 model 5 stepping 1, cmov, cx8, fxsr, mmx, sse, sse2, sse3, ssse3, ht

Memory: 4k page, physical 3958932k(2101800k free), swap 4194303k(2404220k free)

vm_info: Java HotSpot(TM) Client VM (11.2-b01) for windows-x86 JRE (1.6.0_12-b04), built on Jan 17 2009 09:57:14 by "java_re" with MS VC++ 7.1

time: Fri Mar 07 18:39:00 2014
elapsed time: 11 seconds

