#
# An unexpected error has been detected by Java Runtime Environment:
#
#  EXCEPTION_ACCESS_VIOLATION (0xc0000005) at pc=0x00000001, pid=6108, tid=6796
#
# Java VM: Java HotSpot(TM) Client VM (11.2-b01 mixed mode, sharing windows-x86)
# Problematic frame:
# C  0x00000001
#
# If you would like to submit a bug report, please visit:
#   http://java.sun.com/webapps/bugreport/crash.jsp
# The crash happened outside the Java Virtual Machine in native code.
# See problematic frame for where to report the bug.
#

---------------  T H R E A D  ---------------

Current thread (0x045fcc00):  JavaThread "AWT-EventQueue-0" [_thread_in_native, id=6796, stack(0x05840000,0x05890000)]

siginfo: ExceptionCode=0xc0000005, reading address 0x00000001

Registers:
EAX=0x00000001, EBX=0x28262428, ECX=0x05ac2ba0, EDX=0x05ac09e8
ESP=0x0588f5fc, EBP=0x0588f618, ESI=0x05ba2ba0, EDI=0x045fcc00
EIP=0x00000001, EFLAGS=0x00010206

Top of Stack: (sp=0x0588f5fc)
0x0588f5fc:   059c1878 045fcc00 6d9759f5 045fcc00
0x0588f60c:   00000006 00000008 045fcc00 0588f660
0x0588f61c:   10001ae8 28262428 1000186c 28262428
0x0588f62c:   020c9d11 045fcd14 0588f670 04104a70
0x0588f63c:   04104a74 0588f640 28262428 0588f670
0x0588f64c:   28265020 00000000 28262428 00000000
0x0588f65c:   0588f670 0588f694 020c2da1 00000000
0x0588f66c:   020c8189 24254648 0588f674 28263c69 

Instructions: (pc=0x00000001)
0xfffffff1:   


Stack: [0x05840000,0x05890000],  sp=0x0588f5fc,  free space=317k
Native frames: (J=compiled Java code, j=interpreted, Vv=VM code, C=native code)
C  0x00000001
C  [JMyron.dll+0x1ae8]
j  JMyron.JMyron.stop()V+1
j  gesturePack.HeadMouse.<init>(LgesturePack/MainMenu;)V+276
j  gesturePack.MainMenu.jButton8ActionPerformed(Ljava/awt/event/ActionEvent;)V+10
j  gesturePack.MainMenu.access$1000(LgesturePack/MainMenu;Ljava/awt/event/ActionEvent;)V+2
j  gesturePack.MainMenu$11.actionPerformed(Ljava/awt/event/ActionEvent;)V+5
j  javax.swing.AbstractButton.fireActionPerformed(Ljava/awt/event/ActionEvent;)V+84
j  javax.swing.AbstractButton$Handler.actionPerformed(Ljava/awt/event/ActionEvent;)V+5
j  javax.swing.DefaultButtonModel.fireActionPerformed(Ljava/awt/event/ActionEvent;)V+35
j  javax.swing.DefaultButtonModel.setPressed(Z)V+117
j  javax.swing.plaf.basic.BasicButtonListener.mouseReleased(Ljava/awt/event/MouseEvent;)V+35
j  java.awt.Component.processMouseEvent(Ljava/awt/event/MouseEvent;)V+64
j  javax.swing.JComponent.processMouseEvent(Ljava/awt/event/MouseEvent;)V+23
j  java.awt.Component.processEvent(Ljava/awt/AWTEvent;)V+81
j  java.awt.Container.processEvent(Ljava/awt/AWTEvent;)V+18
j  java.awt.Component.dispatchEventImpl(Ljava/awt/AWTEvent;)V+562
j  java.awt.Container.dispatchEventImpl(Ljava/awt/AWTEvent;)V+42
j  java.awt.Component.dispatchEvent(Ljava/awt/AWTEvent;)V+2
j  java.awt.LightweightDispatcher.retargetMouseEvent(Ljava/awt/Component;ILjava/awt/event/MouseEvent;)V+320
j  java.awt.LightweightDispatcher.processMouseEvent(Ljava/awt/event/MouseEvent;)Z+139
j  java.awt.LightweightDispatcher.dispatchEvent(Ljava/awt/AWTEvent;)Z+50
j  java.awt.Container.dispatchEventImpl(Ljava/awt/AWTEvent;)V+12
j  java.awt.Window.dispatchEventImpl(Ljava/awt/AWTEvent;)V+19
J  java.awt.EventQueue.dispatchEvent(Ljava/awt/AWTEvent;)V
J  java.awt.EventDispatchThread.pumpOneEventForFilters(I)Z
j  java.awt.EventDispatchThread.pumpEventsForFilter(ILjava/awt/Conditional;Ljava/awt/EventFilter;)V+30
j  java.awt.EventDispatchThread.pumpEventsForHierarchy(ILjava/awt/Conditional;Ljava/awt/Component;)V+11
j  java.awt.EventDispatchThread.pumpEvents(ILjava/awt/Conditional;)V+4
j  java.awt.EventDispatchThread.pumpEvents(Ljava/awt/Conditional;)V+3
j  java.awt.EventDispatchThread.run()V+9
v  ~StubRoutines::call_stub

Java frames: (J=compiled Java code, j=interpreted, Vv=VM code)
j  JMyron.JMyron.native_stop()V+0
j  JMyron.JMyron.stop()V+1
j  gesturePack.HeadMouse.<init>(LgesturePack/MainMenu;)V+276
j  gesturePack.MainMenu.jButton8ActionPerformed(Ljava/awt/event/ActionEvent;)V+10
j  gesturePack.MainMenu.access$1000(LgesturePack/MainMenu;Ljava/awt/event/ActionEvent;)V+2
j  gesturePack.MainMenu$11.actionPerformed(Ljava/awt/event/ActionEvent;)V+5
j  javax.swing.AbstractButton.fireActionPerformed(Ljava/awt/event/ActionEvent;)V+84
j  javax.swing.AbstractButton$Handler.actionPerformed(Ljava/awt/event/ActionEvent;)V+5
j  javax.swing.DefaultButtonModel.fireActionPerformed(Ljava/awt/event/ActionEvent;)V+35
j  javax.swing.DefaultButtonModel.setPressed(Z)V+117
j  javax.swing.plaf.basic.BasicButtonListener.mouseReleased(Ljava/awt/event/MouseEvent;)V+35
j  java.awt.Component.processMouseEvent(Ljava/awt/event/MouseEvent;)V+64
j  javax.swing.JComponent.processMouseEvent(Ljava/awt/event/MouseEvent;)V+23
j  java.awt.Component.processEvent(Ljava/awt/AWTEvent;)V+81
j  java.awt.Container.processEvent(Ljava/awt/AWTEvent;)V+18
j  java.awt.Component.dispatchEventImpl(Ljava/awt/AWTEvent;)V+562
j  java.awt.Container.dispatchEventImpl(Ljava/awt/AWTEvent;)V+42
j  java.awt.Component.dispatchEvent(Ljava/awt/AWTEvent;)V+2
j  java.awt.LightweightDispatcher.retargetMouseEvent(Ljava/awt/Component;ILjava/awt/event/MouseEvent;)V+320
j  java.awt.LightweightDispatcher.processMouseEvent(Ljava/awt/event/MouseEvent;)Z+139
j  java.awt.LightweightDispatcher.dispatchEvent(Ljava/awt/AWTEvent;)Z+50
j  java.awt.Container.dispatchEventImpl(Ljava/awt/AWTEvent;)V+12
j  java.awt.Window.dispatchEventImpl(Ljava/awt/AWTEvent;)V+19
J  java.awt.EventQueue.dispatchEvent(Ljava/awt/AWTEvent;)V
J  java.awt.EventDispatchThread.pumpOneEventForFilters(I)Z
j  java.awt.EventDispatchThread.pumpEventsForFilter(ILjava/awt/Conditional;Ljava/awt/EventFilter;)V+30
j  java.awt.EventDispatchThread.pumpEventsForHierarchy(ILjava/awt/Conditional;Ljava/awt/Component;)V+11
j  java.awt.EventDispatchThread.pumpEvents(ILjava/awt/Conditional;)V+4
j  java.awt.EventDispatchThread.pumpEvents(Ljava/awt/Conditional;)V+3
j  java.awt.EventDispatchThread.run()V+9
v  ~StubRoutines::call_stub

---------------  P R O C E S S  ---------------

Java Threads: ( => current thread )
  0x045e1800 JavaThread "Image Fetcher 0" daemon [_thread_blocked, id=3476, stack(0x04de0000,0x04e30000)]
  0x04667000 JavaThread "TimerQueue" daemon [_thread_blocked, id=1124, stack(0x05950000,0x059a0000)]
  0x003d9400 JavaThread "DestroyJavaVM" [_thread_blocked, id=4060, stack(0x00210000,0x00260000)]
=>0x045fcc00 JavaThread "AWT-EventQueue-0" [_thread_in_native, id=6796, stack(0x05840000,0x05890000)]
  0x045cec00 JavaThread "AWT-Windows" daemon [_thread_in_native, id=6336, stack(0x04d40000,0x04d90000)]
  0x045ce400 JavaThread "AWT-Shutdown" [_thread_blocked, id=4748, stack(0x04cb0000,0x04d00000)]
  0x045ce000 JavaThread "Java2D Disposer" daemon [_thread_blocked, id=5644, stack(0x049d0000,0x04a20000)]
  0x040fc000 JavaThread "Low Memory Detector" daemon [_thread_blocked, id=3388, stack(0x044d0000,0x04520000)]
  0x040f6000 JavaThread "CompilerThread0" daemon [_thread_blocked, id=4548, stack(0x04440000,0x04490000)]
  0x040f5800 JavaThread "Attach Listener" daemon [_thread_blocked, id=4588, stack(0x043b0000,0x04400000)]
  0x040f4000 JavaThread "Signal Dispatcher" daemon [_thread_blocked, id=2272, stack(0x04320000,0x04370000)]
  0x040e5c00 JavaThread "Finalizer" daemon [_thread_blocked, id=2196, stack(0x04290000,0x042e0000)]
  0x040e3800 JavaThread "Reference Handler" daemon [_thread_blocked, id=3404, stack(0x04200000,0x04250000)]

Other Threads:
  0x040e2000 VMThread [stack: 0x004f0000,0x00540000] [id=5088]
  0x040fe800 WatcherThread [stack: 0x04560000,0x045b0000] [id=3260]

VM state:not at safepoint (normal execution)

VM Mutex/Monitor currently owned by a thread: None

Heap
 def new generation   total 960K, used 793K [0x241a0000, 0x242a0000, 0x24680000)
  eden space 896K,  81% used [0x241a0000, 0x242567f0, 0x24280000)
  from space 64K, 100% used [0x24290000, 0x242a0000, 0x242a0000)
  to   space 64K,   0% used [0x24280000, 0x24280000, 0x24290000)
 tenured generation   total 8672K, used 8527K [0x24680000, 0x24ef8000, 0x281a0000)
   the space 8672K,  98% used [0x24680000, 0x24ed3d28, 0x24ed3e00, 0x24ef8000)
 compacting perm gen  total 12288K, used 788K [0x281a0000, 0x28da0000, 0x2c1a0000)
   the space 12288K,   6% used [0x281a0000, 0x28265300, 0x28265400, 0x28da0000)
    ro space 8192K,  67% used [0x2c1a0000, 0x2c707448, 0x2c707600, 0x2c9a0000)
    rw space 12288K,  53% used [0x2c9a0000, 0x2d014d58, 0x2d014e00, 0x2d5a0000)

Dynamic libraries:
0x00400000 - 0x00424000 	C:\Program Files (x86)\Java\jdk1.6.0_12\jre\bin\java.exe
0x77170000 - 0x772c7000 	C:\Windows\SYSTEM32\ntdll.dll
0x74ce0000 - 0x74e10000 	C:\Windows\SYSTEM32\KERNEL32.DLL
0x75600000 - 0x756a6000 	C:\Windows\SYSTEM32\KERNELBASE.dll
0x74620000 - 0x746c7000 	C:\Windows\system32\apphelp.dll
0x75e90000 - 0x75f3e000 	C:\Windows\SYSTEM32\ADVAPI32.dll
0x74f50000 - 0x75001000 	C:\Windows\SYSTEM32\msvcrt.dll
0x75bd0000 - 0x75c04000 	C:\Windows\SYSTEM32\sechost.dll
0x75210000 - 0x752bc000 	C:\Windows\SYSTEM32\RPCRT4.dll
0x747a0000 - 0x747bc000 	C:\Windows\SYSTEM32\SspiCli.dll
0x74790000 - 0x74799000 	C:\Windows\SYSTEM32\CRYPTBASE.dll
0x74730000 - 0x74781000 	C:\Windows\SYSTEM32\bcryptPrimitives.dll
0x7c340000 - 0x7c396000 	C:\Program Files (x86)\Java\jdk1.6.0_12\jre\bin\msvcr71.dll
0x6d8b0000 - 0x6db06000 	C:\Program Files (x86)\Java\jdk1.6.0_12\jre\bin\client\jvm.dll
0x753c0000 - 0x754d6000 	C:\Windows\SYSTEM32\USER32.dll
0x742f0000 - 0x74311000 	C:\Windows\SYSTEM32\WINMM.dll
0x752c0000 - 0x753bd000 	C:\Windows\SYSTEM32\GDI32.dll
0x73c30000 - 0x73c5b000 	C:\Windows\SYSTEM32\WINMMBASE.dll
0x75010000 - 0x75056000 	C:\Windows\SYSTEM32\cfgmgr32.dll
0x74870000 - 0x7488e000 	C:\Windows\SYSTEM32\DEVOBJ.dll
0x75e20000 - 0x75e40000 	C:\Windows\system32\IMM32.DLL
0x74c00000 - 0x74cde000 	C:\Windows\SYSTEM32\MSCTF.dll
0x6d340000 - 0x6d348000 	C:\Program Files (x86)\Java\jdk1.6.0_12\jre\bin\hpi.dll
0x74e10000 - 0x74e16000 	C:\Windows\SYSTEM32\PSAPI.DLL
0x6d860000 - 0x6d86c000 	C:\Program Files (x86)\Java\jdk1.6.0_12\jre\bin\verify.dll
0x6d3e0000 - 0x6d3ff000 	C:\Program Files (x86)\Java\jdk1.6.0_12\jre\bin\java.dll
0x6d8a0000 - 0x6d8af000 	C:\Program Files (x86)\Java\jdk1.6.0_12\jre\bin\zip.dll
0x6d0b0000 - 0x6d1fa000 	C:\Program Files (x86)\Java\jdk1.6.0_12\jre\bin\awt.dll
0x74550000 - 0x745b0000 	C:\Windows\SYSTEM32\WINSPOOL.DRV
0x754e0000 - 0x755f9000 	C:\Windows\SYSTEM32\ole32.dll
0x75c20000 - 0x75d56000 	C:\Windows\SYSTEM32\combase.dll
0x04a20000 - 0x04c64000 	C:\Windows\AppPatch\AcGenral.DLL
0x751d0000 - 0x75210000 	C:\Windows\SYSTEM32\SHLWAPI.dll
0x743b0000 - 0x74438000 	C:\Windows\SYSTEM32\UxTheme.dll
0x73820000 - 0x73832000 	C:\Windows\SYSTEM32\samcli.dll
0x77020000 - 0x770ab000 	C:\Windows\SYSTEM32\OLEAUT32.dll
0x73d00000 - 0x73d14000 	C:\Windows\SYSTEM32\MSACM32.dll
0x74720000 - 0x74728000 	C:\Windows\SYSTEM32\VERSION.dll
0x75f50000 - 0x77016000 	C:\Windows\SYSTEM32\SHELL32.dll
0x732b0000 - 0x732cb000 	C:\Windows\SYSTEM32\USERENV.dll
0x73a40000 - 0x73a59000 	C:\Windows\SYSTEM32\dwmapi.dll
0x74e20000 - 0x74f41000 	C:\Windows\SYSTEM32\urlmon.dll
0x745c0000 - 0x745d3000 	C:\Windows\SYSTEM32\MPR.dll
0x74360000 - 0x74371000 	C:\Windows\SYSTEM32\profapi.dll
0x74890000 - 0x74a88000 	C:\Windows\SYSTEM32\iertutil.dll
0x75860000 - 0x75a18000 	C:\Windows\SYSTEM32\WININET.dll
0x74440000 - 0x744b3000 	C:\Windows\SYSTEM32\SHCORE.DLL
0x735d0000 - 0x737c8000 	C:\Windows\WinSxS\x86_microsoft.windows.common-controls_6595b64144ccf1df_6.0.9200.16579_none_8937eec6860750f5\comctl32.dll
0x6d2e0000 - 0x6d334000 	C:\Program Files (x86)\Java\jdk1.6.0_12\jre\bin\fontmanager.dll
0x6d6c0000 - 0x6d6d3000 	C:\Program Files (x86)\Java\jdk1.6.0_12\jre\bin\net.dll
0x75d60000 - 0x75db0000 	C:\Windows\SYSTEM32\WS2_32.dll
0x75c10000 - 0x75c18000 	C:\Windows\SYSTEM32\NSI.dll
0x746d0000 - 0x7471a000 	C:\Windows\system32\mswsock.dll
0x6d6e0000 - 0x6d6e9000 	C:\Program Files (x86)\Java\jdk1.6.0_12\jre\bin\nio.dll
0x75150000 - 0x751c4000 	C:\Windows\SYSTEM32\clbcatq.dll
0x10000000 - 0x1001b000 	C:\Program Files (x86)\Java\jdk1.6.0_12\jre\bin\JMyron.dll
0x059c0000 - 0x059d4000 	C:\Program Files (x86)\Java\jdk1.6.0_12\jre\bin\myron_ezcam.dll
0x059e0000 - 0x059f3000 	C:\Program Files (x86)\Java\jdk1.6.0_12\jre\bin\DSVL.dll
0x73440000 - 0x735c2000 	C:\Windows\SYSTEM32\QUARTZ.dll
0x7c3a0000 - 0x7c41b000 	C:\Program Files (x86)\Java\jdk1.6.0_12\jre\bin\MSVCP71.dll
0x70f80000 - 0x70fb0000 	C:\Windows\SYSTEM32\qcap.dll
0x6d050000 - 0x6d071000 	C:\Windows\SYSTEM32\MSVFW32.dll
0x5ebb0000 - 0x5ec2d000 	C:\Windows\SYSTEM32\qedit.dll
0x747e0000 - 0x74869000 	C:\Windows\SYSTEM32\COMDLG32.dll
0x738c0000 - 0x73a23000 	C:\Windows\WinSxS\x86_microsoft.windows.gdiplus_6595b64144ccf1df_1.1.9200.16518_none_ba1cf6b7e09f1918\gdiplus.dll
0x73150000 - 0x73163000 	C:\Windows\SYSTEM32\devenum.dll
0x756b0000 - 0x7585f000 	C:\Windows\SYSTEM32\setupapi.dll
0x73c90000 - 0x73cb6000 	C:\Windows\SYSTEM32\ntmarta.dll
0x75e40000 - 0x75e82000 	C:\Windows\SYSTEM32\WINTRUST.dll
0x75a20000 - 0x75ba2000 	C:\Windows\SYSTEM32\CRYPT32.dll
0x75bb0000 - 0x75bc2000 	C:\Windows\SYSTEM32\MSASN1.dll
0x73140000 - 0x7314b000 	C:\Windows\SYSTEM32\msdmo.dll
0x5eb70000 - 0x5eba2000 	C:\Windows\SYSTEM32\ksproxy.ax
0x5f290000 - 0x5f295000 	C:\Windows\SYSTEM32\ksuser.dll
0x5e9b0000 - 0x5eb65000 	C:\Windows\SYSTEM32\d3d9.dll
0x5e9a0000 - 0x5e9aa000 	C:\Windows\SYSTEM32\vidcap.ax
0x5e980000 - 0x5e99d000 	C:\Windows\SYSTEM32\kswdmcap.ax
0x6dd60000 - 0x6de79000 	C:\Windows\SYSTEM32\MFC42.dll
0x6dcb0000 - 0x6dd51000 	C:\Windows\SYSTEM32\ODBC32.dll

VM Arguments:
jvm_args: -Xbootclasspath/p:C:\Users\hp-pc\Desktop\OT\VirtualMouse\${endorsed.classpath} -Dfile.encoding=Cp1252 
java_command: gesturePack.Welcome
Launcher Type: SUN_STANDARD

Environment Variables:
PATH=C:\Program Files (x86)\Intel\iCLS Client\;C:\Program Files\Intel\iCLS Client\;C:\Windows\system32;C:\Windows;C:\Windows\System32\Wbem;C:\Windows\System32\WindowsPowerShell\v1.0\;C:\Program Files (x86)\Windows Live\Shared;C:\Program Files\Intel\Intel(R) Management Engine Components\DAL;C:\Program Files\Intel\Intel(R) Management Engine Components\IPT;C:\Program Files (x86)\Intel\Intel(R) Management Engine Components\DAL;C:\Program Files (x86)\Intel\Intel(R) Management Engine Components\IPT;C:\Program Files (x86)\Intel\OpenCL SDK\3.0\bin\x86;C:\Program Files (x86)\Intel\OpenCL SDK\3.0\bin\x64;C:\Program Files (x86)\ATI Technologies\ATI.ACE\Core-Static;C:\Program Files (x86)\Java\jdk1.6.0_12\bin;C:\Windows\System32
USERNAME=hp-pc
OS=Windows_NT
PROCESSOR_IDENTIFIER=Intel64 Family 6 Model 69 Stepping 1, GenuineIntel



---------------  S Y S T E M  ---------------

OS: Windows NT 6.2 Build 9200 

CPU:total 4 (8 cores per cpu, 2 threads per core) family 6 model 5 stepping 1, cmov, cx8, fxsr, mmx, sse, sse2, sse3, ssse3, ht

Memory: 4k page, physical 3958932k(1817692k free), swap 4194303k(2065928k free)

vm_info: Java HotSpot(TM) Client VM (11.2-b01) for windows-x86 JRE (1.6.0_12-b04), built on Jan 17 2009 09:57:14 by "java_re" with MS VC++ 7.1

time: Fri Mar 07 18:44:34 2014
elapsed time: 103 seconds

