#
# A fatal error has been detected by the Java Runtime Environment:
#
#  EXCEPTION_ACCESS_VIOLATION (0xc0000005) at pc=0x48544150, pid=5064, tid=5908
#
# JRE version: 6.0_16-b01
# Java VM: Java HotSpot(TM) Client VM (14.2-b01 mixed mode, sharing windows-x86 )
# Problematic frame:
# C  0x48544150
#
# If you would like to submit a bug report, please visit:
#   http://java.sun.com/webapps/bugreport/crash.jsp
# The crash happened outside the Java Virtual Machine in native code.
# See problematic frame for where to report the bug.
#

---------------  T H R E A D  ---------------

Current thread (0x03d6cc00):  JavaThread "AWT-EventQueue-0" [_thread_in_native, id=5908, stack(0x07b60000,0x07bb0000)]

siginfo: ExceptionCode=0xc0000005, reading address 0x48544150

Registers:
EAX=0x48544150, EBX=0x278ecb90, ECX=0x05020a78, EDX=0x05020d10
ESP=0x07baf3cc, EBP=0x07baf3e8, ESI=0x043a0a78, EDI=0x03d6cc00
EIP=0x48544150, EFLAGS=0x00010202

Top of Stack: (sp=0x07baf3cc)
0x07baf3cc:   042d1878 6d998fd5 03d6cc00 00000006
0x07baf3dc:   00000008 03d6cc00 278ecb90 07baf438
0x07baf3ec:   10001ae8 278ecb90 1000186c 278ecb90
0x07baf3fc:   019e9e37 03d6cd10 07baf448 0196c6c8
0x07baf40c:   0196c6cc 0196c6dc 0000000a 07baf418
0x07baf41c:   278ecb90 07baf448 278ef790 00000000
0x07baf42c:   278ecb90 00000000 07baf448 07baf46c
0x07baf43c:   019e2da1 00000000 019e8269 238b0030 

Instructions: (pc=0x48544150)
0x48544140:   
[error occurred during error reporting (printing registers, top of stack, instructions near pc), id 0xc0000005]

Stack: [0x07b60000,0x07bb0000],  sp=0x07baf3cc,  free space=316k
Native frames: (J=compiled Java code, j=interpreted, Vv=VM code, C=native code)
C  0x48544150
C  [JMyron.dll+0x1ae8]
j  JMyron.JMyron.stop()V+1
j  gesturePack.ColorTracker.<init>(LgesturePack/MainMenu;)V+223
j  gesturePack.MainMenu.jButton9ActionPerformed(Ljava/awt/event/ActionEvent;)V+10
j  gesturePack.MainMenu.access$1100(LgesturePack/MainMenu;Ljava/awt/event/ActionEvent;)V+2
j  gesturePack.MainMenu$12.actionPerformed(Ljava/awt/event/ActionEvent;)V+5
j  javax.swing.AbstractButton.fireActionPerformed(Ljava/awt/event/ActionEvent;)V+84
j  javax.swing.AbstractButton$Handler.actionPerformed(Ljava/awt/event/ActionEvent;)V+5
j  javax.swing.DefaultButtonModel.fireActionPerformed(Ljava/awt/event/ActionEvent;)V+35
j  javax.swing.DefaultButtonModel.setPressed(Z)V+117
j  javax.swing.plaf.basic.BasicButtonListener.mouseReleased(Ljava/awt/event/MouseEvent;)V+35
j  java.awt.Component.processMouseEvent(Ljava/awt/event/MouseEvent;)V+64
j  javax.swing.JComponent.processMouseEvent(Ljava/awt/event/MouseEvent;)V+23
j  java.awt.Component.processEvent(Ljava/awt/AWTEvent;)V+81
j  java.awt.Container.processEvent(Ljava/awt/AWTEvent;)V+18
j  java.awt.Component.dispatchEventImpl(Ljava/awt/AWTEvent;)V+562
J  java.awt.Container.dispatchEventImpl(Ljava/awt/AWTEvent;)V
J  java.awt.LightweightDispatcher.retargetMouseEvent(Ljava/awt/Component;ILjava/awt/event/MouseEvent;)V
j  java.awt.LightweightDispatcher.processMouseEvent(Ljava/awt/event/MouseEvent;)Z+139
j  java.awt.LightweightDispatcher.dispatchEvent(Ljava/awt/AWTEvent;)Z+50
J  java.awt.Container.dispatchEventImpl(Ljava/awt/AWTEvent;)V
j  java.awt.Window.dispatchEventImpl(Ljava/awt/AWTEvent;)V+19
J  java.awt.EventQueue.dispatchEvent(Ljava/awt/AWTEvent;)V
J  java.awt.EventDispatchThread.pumpOneEventForFilters(I)Z
j  java.awt.EventDispatchThread.pumpEventsForFilter(ILjava/awt/Conditional;Ljava/awt/EventFilter;)V+30
j  java.awt.EventDispatchThread.pumpEventsForHierarchy(ILjava/awt/Conditional;Ljava/awt/Component;)V+11
j  java.awt.EventDispatchThread.pumpEvents(ILjava/awt/Conditional;)V+4
j  java.awt.EventDispatchThread.pumpEvents(Ljava/awt/Conditional;)V+3
j  java.awt.EventDispatchThread.run()V+9
v  ~StubRoutines::call_stub
V  [jvm.dll+0xecf9c]
V  [jvm.dll+0x1741e1]
V  [jvm.dll+0xed167]
V  [jvm.dll+0xed1dd]
V  [jvm.dll+0x116290]
V  [jvm.dll+0x1d0424]
V  [jvm.dll+0x173e5c]
C  [msvcr71.dll+0x9565]
C  [kernel32.dll+0x51174]
C  [ntdll.dll+0x5b3f5]
C  [ntdll.dll+0x5b3c8]

Java frames: (J=compiled Java code, j=interpreted, Vv=VM code)
j  JMyron.JMyron.native_stop()V+0
j  JMyron.JMyron.stop()V+1
j  gesturePack.ColorTracker.<init>(LgesturePack/MainMenu;)V+223
j  gesturePack.MainMenu.jButton9ActionPerformed(Ljava/awt/event/ActionEvent;)V+10
j  gesturePack.MainMenu.access$1100(LgesturePack/MainMenu;Ljava/awt/event/ActionEvent;)V+2
j  gesturePack.MainMenu$12.actionPerformed(Ljava/awt/event/ActionEvent;)V+5
j  javax.swing.AbstractButton.fireActionPerformed(Ljava/awt/event/ActionEvent;)V+84
j  javax.swing.AbstractButton$Handler.actionPerformed(Ljava/awt/event/ActionEvent;)V+5
j  javax.swing.DefaultButtonModel.fireActionPerformed(Ljava/awt/event/ActionEvent;)V+35
j  javax.swing.DefaultButtonModel.setPressed(Z)V+117
j  javax.swing.plaf.basic.BasicButtonListener.mouseReleased(Ljava/awt/event/MouseEvent;)V+35
j  java.awt.Component.processMouseEvent(Ljava/awt/event/MouseEvent;)V+64
j  javax.swing.JComponent.processMouseEvent(Ljava/awt/event/MouseEvent;)V+23
j  java.awt.Component.processEvent(Ljava/awt/AWTEvent;)V+81
j  java.awt.Container.processEvent(Ljava/awt/AWTEvent;)V+18
j  java.awt.Component.dispatchEventImpl(Ljava/awt/AWTEvent;)V+562
J  java.awt.Container.dispatchEventImpl(Ljava/awt/AWTEvent;)V
J  java.awt.LightweightDispatcher.retargetMouseEvent(Ljava/awt/Component;ILjava/awt/event/MouseEvent;)V
j  java.awt.LightweightDispatcher.processMouseEvent(Ljava/awt/event/MouseEvent;)Z+139
j  java.awt.LightweightDispatcher.dispatchEvent(Ljava/awt/AWTEvent;)Z+50
J  java.awt.Container.dispatchEventImpl(Ljava/awt/AWTEvent;)V
j  java.awt.Window.dispatchEventImpl(Ljava/awt/AWTEvent;)V+19
J  java.awt.EventQueue.dispatchEvent(Ljava/awt/AWTEvent;)V
J  java.awt.EventDispatchThread.pumpOneEventForFilters(I)Z
j  java.awt.EventDispatchThread.pumpEventsForFilter(ILjava/awt/Conditional;Ljava/awt/EventFilter;)V+30
j  java.awt.EventDispatchThread.pumpEventsForHierarchy(ILjava/awt/Conditional;Ljava/awt/Component;)V+11
j  java.awt.EventDispatchThread.pumpEvents(ILjava/awt/Conditional;)V+4
j  java.awt.EventDispatchThread.pumpEvents(Ljava/awt/Conditional;)V+3
j  java.awt.EventDispatchThread.run()V+9
v  ~StubRoutines::call_stub

---------------  P R O C E S S  ---------------

Java Threads: ( => current thread )
  0x03da5000 JavaThread "TimerQueue" daemon [_thread_blocked, id=4296, stack(0x07ef0000,0x07f40000)]
  0x03d95400 JavaThread "D3D Screen Updater" daemon [_thread_blocked, id=4308, stack(0x07bb0000,0x07c00000)]
  0x001e9800 JavaThread "DestroyJavaVM" [_thread_blocked, id=3052, stack(0x00180000,0x001d0000)]
=>0x03d6cc00 JavaThread "AWT-EventQueue-0" [_thread_in_native, id=5908, stack(0x07b60000,0x07bb0000)]
  0x019df800 JavaThread "AWT-Windows" daemon [_thread_in_native, id=5232, stack(0x041d0000,0x04220000)]
  0x019df000 JavaThread "AWT-Shutdown" [_thread_blocked, id=4784, stack(0x04180000,0x041d0000)]
  0x019dec00 JavaThread "Java2D Disposer" daemon [_thread_blocked, id=5836, stack(0x04130000,0x04180000)]
  0x01974800 JavaThread "Low Memory Detector" daemon [_thread_blocked, id=3912, stack(0x03c40000,0x03c90000)]
  0x0196fc00 JavaThread "CompilerThread0" daemon [_thread_blocked, id=4824, stack(0x03bf0000,0x03c40000)]
  0x0196f400 JavaThread "Attach Listener" daemon [_thread_blocked, id=4432, stack(0x03ba0000,0x03bf0000)]
  0x01964800 JavaThread "Signal Dispatcher" daemon [_thread_blocked, id=6044, stack(0x03b50000,0x03ba0000)]
  0x01921800 JavaThread "Finalizer" daemon [_thread_blocked, id=2448, stack(0x03b00000,0x03b50000)]
  0x01920400 JavaThread "Reference Handler" daemon [_thread_blocked, id=4328, stack(0x03ab0000,0x03b00000)]

Other Threads:
  0x0191ec00 VMThread [stack: 0x03a60000,0x03ab0000] [id=2076]
  0x01975c00 WatcherThread [stack: 0x03c90000,0x03ce0000] [id=1992]

VM state:not at safepoint (normal execution)

VM Mutex/Monitor currently owned by a thread: None

Heap
 def new generation   total 960K, used 911K [0x237e0000, 0x238e0000, 0x23cc0000)
  eden space 896K,  94% used [0x237e0000, 0x238b3c48, 0x238c0000)
  from space 64K, 100% used [0x238c0000, 0x238d0000, 0x238d0000)
  to   space 64K,   0% used [0x238d0000, 0x238d0000, 0x238e0000)
 tenured generation   total 7528K, used 1957K [0x23cc0000, 0x2441a000, 0x277e0000)
   the space 7528K,  26% used [0x23cc0000, 0x23ea97d8, 0x23ea9800, 0x2441a000)
 compacting perm gen  total 12288K, used 1086K [0x277e0000, 0x283e0000, 0x2b7e0000)
   the space 12288K,   8% used [0x277e0000, 0x278efa70, 0x278efc00, 0x283e0000)
    ro space 8192K,  67% used [0x2b7e0000, 0x2bd49040, 0x2bd49200, 0x2bfe0000)
    rw space 12288K,  54% used [0x2bfe0000, 0x2c65d348, 0x2c65d400, 0x2cbe0000)

Dynamic libraries:
0x00400000 - 0x00424000 	E:\Program Files\Java\jdk1.6.0_16\jre\bin\java.exe
0x77c90000 - 0x77dcc000 	E:\Windows\SYSTEM32\ntdll.dll
0x76620000 - 0x766f4000 	E:\Windows\system32\kernel32.dll
0x76000000 - 0x7604a000 	E:\Windows\system32\KERNELBASE.dll
0x76450000 - 0x764f0000 	E:\Windows\system32\ADVAPI32.dll
0x76570000 - 0x7661c000 	E:\Windows\system32\msvcrt.dll
0x76530000 - 0x76549000 	E:\Windows\SYSTEM32\sechost.dll
0x76320000 - 0x763c1000 	E:\Windows\system32\RPCRT4.dll
0x7c340000 - 0x7c396000 	E:\Program Files\Java\jdk1.6.0_16\jre\bin\msvcr71.dll
0x6d8b0000 - 0x6db3b000 	E:\Program Files\Java\jdk1.6.0_16\jre\bin\client\jvm.dll
0x76860000 - 0x76929000 	E:\Windows\system32\USER32.dll
0x77580000 - 0x775ce000 	E:\Windows\system32\GDI32.dll
0x77dd0000 - 0x77dda000 	E:\Windows\system32\LPK.dll
0x76280000 - 0x7631d000 	E:\Windows\system32\USP10.dll
0x73f30000 - 0x73f62000 	E:\Windows\system32\WINMM.dll
0x76550000 - 0x7656f000 	E:\Windows\system32\IMM32.DLL
0x77bc0000 - 0x77c8c000 	E:\Windows\system32\MSCTF.dll
0x75d10000 - 0x75d5b000 	E:\Windows\system32\apphelp.dll
0x6d860000 - 0x6d86c000 	E:\Program Files\Java\jdk1.6.0_16\jre\bin\verify.dll
0x6d3e0000 - 0x6d3ff000 	E:\Program Files\Java\jdk1.6.0_16\jre\bin\java.dll
0x6d340000 - 0x6d348000 	E:\Program Files\Java\jdk1.6.0_16\jre\bin\hpi.dll
0x763e0000 - 0x763e5000 	E:\Windows\system32\PSAPI.DLL
0x6d8a0000 - 0x6d8af000 	E:\Program Files\Java\jdk1.6.0_16\jre\bin\zip.dll
0x6d0b0000 - 0x6d1fa000 	E:\Program Files\Java\jdk1.6.0_16\jre\bin\awt.dll
0x728f0000 - 0x72941000 	E:\Windows\system32\WINSPOOL.DRV
0x76120000 - 0x7627c000 	E:\Windows\system32\ole32.dll
0x74b40000 - 0x74cde000 	E:\Windows\WinSxS\x86_microsoft.windows.common-controls_6595b64144ccf1df_6.0.7600.16385_none_421189da2b7fabfc\comctl32.dll
0x763f0000 - 0x76447000 	E:\Windows\system32\SHLWAPI.dll
0x747d0000 - 0x747e3000 	E:\Windows\system32\DWMAPI.DLL
0x74ac0000 - 0x74b00000 	E:\Windows\system32\uxtheme.dll
0x75d60000 - 0x75d6c000 	E:\Windows\system32\CRYPTBASE.dll
0x76930000 - 0x77579000 	E:\Windows\system32\shell32.dll
0x6d2e0000 - 0x6d334000 	E:\Program Files\Java\jdk1.6.0_16\jre\bin\fontmanager.dll
0x6ee70000 - 0x6f033000 	E:\Windows\system32\d3d9.dll
0x752d0000 - 0x752d9000 	E:\Windows\system32\VERSION.dll
0x6ee20000 - 0x6ee26000 	E:\Windows\system32\d3d8thk.dll
0x5b190000 - 0x5bb3a000 	E:\Windows\system32\nvd3dum.dll
0x75110000 - 0x75135000 	E:\Windows\system32\powrprof.dll
0x779a0000 - 0x77b3d000 	E:\Windows\system32\SETUPAPI.dll
0x75fb0000 - 0x75fd7000 	E:\Windows\system32\CFGMGR32.dll
0x775d0000 - 0x7765f000 	E:\Windows\system32\OLEAUT32.dll
0x75fe0000 - 0x75ff2000 	E:\Windows\system32\DEVOBJ.dll
0x6d6c0000 - 0x6d6d3000 	E:\Program Files\Java\jdk1.6.0_16\jre\bin\net.dll
0x764f0000 - 0x76525000 	E:\Windows\system32\WS2_32.dll
0x760e0000 - 0x760e6000 	E:\Windows\system32\NSI.dll
0x75850000 - 0x7588c000 	E:\Windows\system32\mswsock.dll
0x75840000 - 0x75846000 	E:\Windows\System32\wship6.dll
0x6d6e0000 - 0x6d6e9000 	E:\Program Files\Java\jdk1.6.0_16\jre\bin\nio.dll
0x77e30000 - 0x77eb3000 	E:\Windows\system32\CLBCatQ.DLL
0x10000000 - 0x1001b000 	E:\Windows\System32\JMyron.dll
0x042d0000 - 0x042e4000 	E:\Windows\system32\myron_ezcam.dll
0x042f0000 - 0x04303000 	E:\Windows\system32\DSVL.dll
0x6cae0000 - 0x6cc57000 	E:\Windows\system32\QUARTZ.dll
0x7c3a0000 - 0x7c41b000 	E:\Windows\system32\MSVCP71.dll
0x673a0000 - 0x673d2000 	E:\Windows\system32\qcap.dll
0x6ce20000 - 0x6ce41000 	E:\Windows\system32\MSVFW32.dll
0x64890000 - 0x64910000 	E:\Windows\System32\qedit.dll
0x77b40000 - 0x77bbb000 	E:\Windows\system32\COMDLG32.dll
0x74930000 - 0x74ac0000 	E:\Windows\WinSxS\x86_microsoft.windows.gdiplus_6595b64144ccf1df_1.1.7600.16385_none_72fc7cbf861225ca\gdiplus.dll
0x678c0000 - 0x678d4000 	E:\Windows\system32\devenum.dll
0x74260000 - 0x74281000 	E:\Windows\system32\ntmarta.dll
0x77de0000 - 0x77e25000 	E:\Windows\system32\WLDAP32.dll
0x75e60000 - 0x75e8d000 	E:\Windows\system32\WINTRUST.dll
0x75e90000 - 0x75fac000 	E:\Windows\system32\CRYPT32.dll
0x75e50000 - 0x75e5c000 	E:\Windows\system32\MSASN1.dll
0x72fc0000 - 0x72fcb000 	E:\Windows\system32\msdmo.dll

VM Arguments:
jvm_args: -Xbootclasspath/p:F:\Ravee13-14\JP13\6872.HeadMouse\Current\Current.JSAPI\VirtualMouse\${endorsed.classpath} -Dfile.encoding=Cp1252 
java_command: gesturePack.Welcome
Launcher Type: SUN_STANDARD

Environment Variables:
CLASSPATH=.;.;E:\PROGRA~1\JMF21~1.1E\lib\sound.jar;E:\PROGRA~1\JMF21~1.1E\lib\jmf.jar;E:\PROGRA~1\JMF21~1.1E\lib;
PATH=E:\Windows\system32;E:\Windows;E:\Windows\System32\Wbem;E:\Windows\System32\WindowsPowerShell\v1.0\;E:\Program Files\Intel\DMIX;E:\Program Files\TortoiseSVN\bin;E:\Program Files\MATLAB\R2010a\runtime\win32;E:\Program Files\MATLAB\R2010a\bin;E:\Program Files\MATLAB\R2007b\bin;E:\Program Files\MATLAB\R2007b\bin\win32
USERNAME=Ravi Bhalla
OS=Windows_NT
PROCESSOR_IDENTIFIER=x86 Family 6 Model 58 Stepping 9, GenuineIntel



---------------  S Y S T E M  ---------------

OS: Windows 7 Build 7600 

CPU:total 4 (8 cores per cpu, 2 threads per core) family 6 model 58 stepping 9, cmov, cx8, fxsr, mmx, sse, sse2, sse3, ssse3, sse4.1, sse4.2, ht

Memory: 4k page, physical 2097151k(774288k free), swap 4194303k(3043364k free)

vm_info: Java HotSpot(TM) Client VM (14.2-b01) for windows-x86 JRE (1.6.0_16-b01), built on Jul 31 2009 11:26:58 by "java_re" with MS VC++ 7.1

time: Fri Mar 07 17:56:43 2014
elapsed time: 58 seconds

