#
# A fatal error has been detected by the Java Runtime Environment:
#
#  EXCEPTION_ACCESS_VIOLATION (0xc0000005) at pc=0x48544150, pid=3048, tid=5648
#
# JRE version: 6.0_16-b01
# Java VM: Java HotSpot(TM) Client VM (14.2-b01 mixed mode, sharing windows-x86 )
# Problematic frame:
# C  0x48544150
#
# If you would like to submit a bug report, please visit:
#   http://java.sun.com/webapps/bugreport/crash.jsp
# The crash happened outside the Java Virtual Machine in native code.
# See problematic frame for where to report the bug.
#

---------------  T H R E A D  ---------------

Current thread (0x03d92c00):  JavaThread "AWT-EventQueue-0" [_thread_in_native, id=5648, stack(0x07b60000,0x07bb0000)]

siginfo: ExceptionCode=0xc0000005, reading address 0x48544150

Registers:
EAX=0x48544150, EBX=0x27885f98, ECX=0x094e0a78, EDX=0x094e0d10
ESP=0x07baf46c, EBP=0x07baf488, ESI=0x095c0a78, EDI=0x03d92c00
EIP=0x48544150, EFLAGS=0x00010202

Top of Stack: (sp=0x07baf46c)
0x07baf46c:   07dd1878 6d998fd5 03d92c00 00000006
0x07baf47c:   00000008 03d92c00 27885f98 07baf4d4
0x07baf48c:   10001ae8 27885f98 1000186c 27885f98
0x07baf49c:   01ad9e37 03d92d10 07baf4e4 01a5c14c
0x07baf4ac:   01a5c15c 0000000a 07baf4b4 27885f98
0x07baf4bc:   07baf4e4 27888b98 00000000 27885f98
0x07baf4cc:   00000000 07baf4e4 07baf508 01ad2da1
0x07baf4dc:   00000000 01ad8269 2382f5e0 07baf4e8 

Instructions: (pc=0x48544150)
0x48544140:   
[error occurred during error reporting (printing registers, top of stack, instructions near pc), id 0xc0000005]

Stack: [0x07b60000,0x07bb0000],  sp=0x07baf46c,  free space=317k
Native frames: (J=compiled Java code, j=interpreted, Vv=VM code, C=native code)
C  0x48544150
C  [JMyron.dll+0x1ae8]
j  JMyron.JMyron.stop()V+1
j  gesturePack.ColorTracker.<init>(LgesturePack/MainMenu;)V+223
j  gesturePack.MainMenu.jButton9ActionPerformed(Ljava/awt/event/ActionEvent;)V+10
j  gesturePack.MainMenu.access$1100(LgesturePack/MainMenu;Ljava/awt/event/ActionEvent;)V+2
j  gesturePack.MainMenu$12.actionPerformed(Ljava/awt/event/ActionEvent;)V+5
j  javax.swing.AbstractButton.fireActionPerformed(Ljava/awt/event/ActionEvent;)V+84
j  javax.swing.AbstractButton$Handler.actionPerformed(Ljava/awt/event/ActionEvent;)V+5
j  javax.swing.DefaultButtonModel.fireActionPerformed(Ljava/awt/event/ActionEvent;)V+35
j  javax.swing.DefaultButtonModel.setPressed(Z)V+117
j  javax.swing.plaf.basic.BasicButtonListener.mouseReleased(Ljava/awt/event/MouseEvent;)V+35
j  java.awt.Component.processMouseEvent(Ljava/awt/event/MouseEvent;)V+64
j  javax.swing.JComponent.processMouseEvent(Ljava/awt/event/MouseEvent;)V+23
j  java.awt.Component.processEvent(Ljava/awt/AWTEvent;)V+81
j  java.awt.Container.processEvent(Ljava/awt/AWTEvent;)V+18
j  java.awt.Component.dispatchEventImpl(Ljava/awt/AWTEvent;)V+562
j  java.awt.Container.dispatchEventImpl(Ljava/awt/AWTEvent;)V+42
j  java.awt.Component.dispatchEvent(Ljava/awt/AWTEvent;)V+2
j  java.awt.LightweightDispatcher.retargetMouseEvent(Ljava/awt/Component;ILjava/awt/event/MouseEvent;)V+320
j  java.awt.LightweightDispatcher.processMouseEvent(Ljava/awt/event/MouseEvent;)Z+139
j  java.awt.LightweightDispatcher.dispatchEvent(Ljava/awt/AWTEvent;)Z+50
j  java.awt.Container.dispatchEventImpl(Ljava/awt/AWTEvent;)V+12
j  java.awt.Window.dispatchEventImpl(Ljava/awt/AWTEvent;)V+19
j  java.awt.Component.dispatchEvent(Ljava/awt/AWTEvent;)V+2
j  java.awt.EventQueue.dispatchEvent(Ljava/awt/AWTEvent;)V+46
j  java.awt.EventDispatchThread.pumpOneEventForFilters(I)Z+204
j  java.awt.EventDispatchThread.pumpEventsForFilter(ILjava/awt/Conditional;Ljava/awt/EventFilter;)V+30
j  java.awt.EventDispatchThread.pumpEventsForHierarchy(ILjava/awt/Conditional;Ljava/awt/Component;)V+11
j  java.awt.EventDispatchThread.pumpEvents(ILjava/awt/Conditional;)V+4
j  java.awt.EventDispatchThread.pumpEvents(Ljava/awt/Conditional;)V+3
j  java.awt.EventDispatchThread.run()V+9
v  ~StubRoutines::call_stub
V  [jvm.dll+0xecf9c]
V  [jvm.dll+0x1741e1]
V  [jvm.dll+0xed167]
V  [jvm.dll+0xed1dd]
V  [jvm.dll+0x116290]
V  [jvm.dll+0x1d0424]
V  [jvm.dll+0x173e5c]
C  [msvcr71.dll+0x9565]
C  [kernel32.dll+0x51174]
C  [ntdll.dll+0x5b3f5]
C  [ntdll.dll+0x5b3c8]

Java frames: (J=compiled Java code, j=interpreted, Vv=VM code)
j  JMyron.JMyron.native_stop()V+0
j  JMyron.JMyron.stop()V+1
j  gesturePack.ColorTracker.<init>(LgesturePack/MainMenu;)V+223
j  gesturePack.MainMenu.jButton9ActionPerformed(Ljava/awt/event/ActionEvent;)V+10
j  gesturePack.MainMenu.access$1100(LgesturePack/MainMenu;Ljava/awt/event/ActionEvent;)V+2
j  gesturePack.MainMenu$12.actionPerformed(Ljava/awt/event/ActionEvent;)V+5
j  javax.swing.AbstractButton.fireActionPerformed(Ljava/awt/event/ActionEvent;)V+84
j  javax.swing.AbstractButton$Handler.actionPerformed(Ljava/awt/event/ActionEvent;)V+5
j  javax.swing.DefaultButtonModel.fireActionPerformed(Ljava/awt/event/ActionEvent;)V+35
j  javax.swing.DefaultButtonModel.setPressed(Z)V+117
j  javax.swing.plaf.basic.BasicButtonListener.mouseReleased(Ljava/awt/event/MouseEvent;)V+35
j  java.awt.Component.processMouseEvent(Ljava/awt/event/MouseEvent;)V+64
j  javax.swing.JComponent.processMouseEvent(Ljava/awt/event/MouseEvent;)V+23
j  java.awt.Component.processEvent(Ljava/awt/AWTEvent;)V+81
j  java.awt.Container.processEvent(Ljava/awt/AWTEvent;)V+18
j  java.awt.Component.dispatchEventImpl(Ljava/awt/AWTEvent;)V+562
j  java.awt.Container.dispatchEventImpl(Ljava/awt/AWTEvent;)V+42
j  java.awt.Component.dispatchEvent(Ljava/awt/AWTEvent;)V+2
j  java.awt.LightweightDispatcher.retargetMouseEvent(Ljava/awt/Component;ILjava/awt/event/MouseEvent;)V+320
j  java.awt.LightweightDispatcher.processMouseEvent(Ljava/awt/event/MouseEvent;)Z+139
j  java.awt.LightweightDispatcher.dispatchEvent(Ljava/awt/AWTEvent;)Z+50
j  java.awt.Container.dispatchEventImpl(Ljava/awt/AWTEvent;)V+12
j  java.awt.Window.dispatchEventImpl(Ljava/awt/AWTEvent;)V+19
j  java.awt.Component.dispatchEvent(Ljava/awt/AWTEvent;)V+2
j  java.awt.EventQueue.dispatchEvent(Ljava/awt/AWTEvent;)V+46
j  java.awt.EventDispatchThread.pumpOneEventForFilters(I)Z+204
j  java.awt.EventDispatchThread.pumpEventsForFilter(ILjava/awt/Conditional;Ljava/awt/EventFilter;)V+30
j  java.awt.EventDispatchThread.pumpEventsForHierarchy(ILjava/awt/Conditional;Ljava/awt/Component;)V+11
j  java.awt.EventDispatchThread.pumpEvents(ILjava/awt/Conditional;)V+4
j  java.awt.EventDispatchThread.pumpEvents(Ljava/awt/Conditional;)V+3
j  java.awt.EventDispatchThread.run()V+9
v  ~StubRoutines::call_stub

---------------  P R O C E S S  ---------------

Java Threads: ( => current thread )
  0x03dc2000 JavaThread "TimerQueue" daemon [_thread_blocked, id=3280, stack(0x086f0000,0x08740000)]
  0x03db6000 JavaThread "D3D Screen Updater" daemon [_thread_blocked, id=4760, stack(0x07bb0000,0x07c00000)]
  0x00dc9400 JavaThread "DestroyJavaVM" [_thread_blocked, id=4080, stack(0x00180000,0x001d0000)]
=>0x03d92c00 JavaThread "AWT-EventQueue-0" [_thread_in_native, id=5648, stack(0x07b60000,0x07bb0000)]
  0x03d4c000 JavaThread "AWT-Windows" daemon [_thread_in_native, id=3696, stack(0x041c0000,0x04210000)]
  0x01acf800 JavaThread "AWT-Shutdown" [_thread_blocked, id=5184, stack(0x04170000,0x041c0000)]
  0x01acf000 JavaThread "Java2D Disposer" daemon [_thread_blocked, id=4316, stack(0x03fc0000,0x04010000)]
  0x01a64c00 JavaThread "Low Memory Detector" daemon [_thread_blocked, id=4532, stack(0x03c60000,0x03cb0000)]
  0x01a60000 JavaThread "CompilerThread0" daemon [_thread_blocked, id=4512, stack(0x03c10000,0x03c60000)]
  0x01a5f800 JavaThread "Attach Listener" daemon [_thread_blocked, id=2312, stack(0x03bc0000,0x03c10000)]
  0x01a54c00 JavaThread "Signal Dispatcher" daemon [_thread_blocked, id=5008, stack(0x03b70000,0x03bc0000)]
  0x01a11800 JavaThread "Finalizer" daemon [_thread_blocked, id=3836, stack(0x03b20000,0x03b70000)]
  0x01a10000 JavaThread "Reference Handler" daemon [_thread_blocked, id=5344, stack(0x03ad0000,0x03b20000)]

Other Threads:
  0x01a0ec00 VMThread [stack: 0x00d30000,0x00d80000] [id=3208]
  0x01a66000 WatcherThread [stack: 0x03cb0000,0x03d00000] [id=3284]

VM state:not at safepoint (normal execution)

VM Mutex/Monitor currently owned by a thread: None

Heap
 def new generation   total 960K, used 402K [0x237e0000, 0x238e0000, 0x23cc0000)
  eden space 896K,  37% used [0x237e0000, 0x23834b70, 0x238c0000)
  from space 64K, 100% used [0x238d0000, 0x238e0000, 0x238e0000)
  to   space 64K,   0% used [0x238c0000, 0x238c0000, 0x238d0000)
 tenured generation   total 7736K, used 5175K [0x23cc0000, 0x2444e000, 0x277e0000)
   the space 7736K,  66% used [0x23cc0000, 0x241cdfd0, 0x241ce000, 0x2444e000)
 compacting perm gen  total 12288K, used 675K [0x277e0000, 0x283e0000, 0x2b7e0000)
   the space 12288K,   5% used [0x277e0000, 0x27888e78, 0x27889000, 0x283e0000)
    ro space 8192K,  67% used [0x2b7e0000, 0x2bd49040, 0x2bd49200, 0x2bfe0000)
    rw space 12288K,  54% used [0x2bfe0000, 0x2c65d348, 0x2c65d400, 0x2cbe0000)

Dynamic libraries:
0x00400000 - 0x00424000 	E:\Program Files\Java\jdk1.6.0_16\jre\bin\java.exe
0x77790000 - 0x778cc000 	E:\Windows\SYSTEM32\ntdll.dll
0x77380000 - 0x77454000 	E:\Windows\system32\kernel32.dll
0x75a20000 - 0x75a6a000 	E:\Windows\system32\KERNELBASE.dll
0x76e10000 - 0x76eb0000 	E:\Windows\system32\ADVAPI32.dll
0x77460000 - 0x7750c000 	E:\Windows\system32\msvcrt.dll
0x75e80000 - 0x75e99000 	E:\Windows\SYSTEM32\sechost.dll
0x76f80000 - 0x77021000 	E:\Windows\system32\RPCRT4.dll
0x7c340000 - 0x7c396000 	E:\Program Files\Java\jdk1.6.0_16\jre\bin\msvcr71.dll
0x6d8b0000 - 0x6db3b000 	E:\Program Files\Java\jdk1.6.0_16\jre\bin\client\jvm.dll
0x778f0000 - 0x779b9000 	E:\Windows\system32\USER32.dll
0x77030000 - 0x7707e000 	E:\Windows\system32\GDI32.dll
0x75ea0000 - 0x75eaa000 	E:\Windows\system32\LPK.dll
0x776f0000 - 0x7778d000 	E:\Windows\system32\USP10.dll
0x738e0000 - 0x73912000 	E:\Windows\system32\WINMM.dll
0x77570000 - 0x7758f000 	E:\Windows\system32\IMM32.DLL
0x77590000 - 0x7765c000 	E:\Windows\system32\MSCTF.dll
0x75810000 - 0x7585b000 	E:\Windows\system32\apphelp.dll
0x6d860000 - 0x6d86c000 	E:\Program Files\Java\jdk1.6.0_16\jre\bin\verify.dll
0x6d3e0000 - 0x6d3ff000 	E:\Program Files\Java\jdk1.6.0_16\jre\bin\java.dll
0x6d340000 - 0x6d348000 	E:\Program Files\Java\jdk1.6.0_16\jre\bin\hpi.dll
0x778e0000 - 0x778e5000 	E:\Windows\system32\PSAPI.DLL
0x6d8a0000 - 0x6d8af000 	E:\Program Files\Java\jdk1.6.0_16\jre\bin\zip.dll
0x6d0b0000 - 0x6d1fa000 	E:\Program Files\Java\jdk1.6.0_16\jre\bin\awt.dll
0x73660000 - 0x736b1000 	E:\Windows\system32\WINSPOOL.DRV
0x75be0000 - 0x75d3c000 	E:\Windows\system32\ole32.dll
0x74610000 - 0x747ae000 	E:\Windows\WinSxS\x86_microsoft.windows.common-controls_6595b64144ccf1df_6.0.7600.16385_none_421189da2b7fabfc\comctl32.dll
0x77510000 - 0x77567000 	E:\Windows\system32\SHLWAPI.dll
0x74060000 - 0x74073000 	E:\Windows\system32\DWMAPI.DLL
0x74590000 - 0x745d0000 	E:\Windows\system32\uxtheme.dll
0x75860000 - 0x7586c000 	E:\Windows\system32\CRYPTBASE.dll
0x76160000 - 0x76da9000 	E:\Windows\system32\shell32.dll
0x6d2e0000 - 0x6d334000 	E:\Program Files\Java\jdk1.6.0_16\jre\bin\fontmanager.dll
0x6ec50000 - 0x6ee13000 	E:\Windows\system32\d3d9.dll
0x74dd0000 - 0x74dd9000 	E:\Windows\system32\VERSION.dll
0x6ee20000 - 0x6ee26000 	E:\Windows\system32\d3d8thk.dll
0x64190000 - 0x64b3a000 	E:\Windows\system32\nvd3dum.dll
0x74c10000 - 0x74c35000 	E:\Windows\system32\powrprof.dll
0x75eb0000 - 0x7604d000 	E:\Windows\system32\SETUPAPI.dll
0x75960000 - 0x75987000 	E:\Windows\system32\CFGMGR32.dll
0x760d0000 - 0x7615f000 	E:\Windows\system32\OLEAUT32.dll
0x75aa0000 - 0x75ab2000 	E:\Windows\system32\DEVOBJ.dll
0x6d6c0000 - 0x6d6d3000 	E:\Program Files\Java\jdk1.6.0_16\jre\bin\net.dll
0x76eb0000 - 0x76ee5000 	E:\Windows\system32\WS2_32.dll
0x76db0000 - 0x76db6000 	E:\Windows\system32\NSI.dll
0x75350000 - 0x7538c000 	E:\Windows\system32\mswsock.dll
0x75340000 - 0x75346000 	E:\Windows\System32\wship6.dll
0x6d6e0000 - 0x6d6e9000 	E:\Program Files\Java\jdk1.6.0_16\jre\bin\nio.dll
0x76ef0000 - 0x76f73000 	E:\Windows\system32\CLBCatQ.DLL
0x10000000 - 0x1001b000 	E:\Windows\System32\JMyron.dll
0x07dd0000 - 0x07de4000 	E:\Windows\system32\myron_ezcam.dll
0x07df0000 - 0x07e03000 	E:\Windows\system32\DSVL.dll
0x6c5c0000 - 0x6c737000 	E:\Windows\system32\QUARTZ.dll
0x7c3a0000 - 0x7c41b000 	E:\Windows\system32\MSVCP71.dll
0x6b130000 - 0x6b162000 	E:\Windows\system32\qcap.dll
0x6c760000 - 0x6c781000 	E:\Windows\system32\MSVFW32.dll
0x6b0b0000 - 0x6b130000 	E:\Windows\System32\qedit.dll
0x76050000 - 0x760cb000 	E:\Windows\system32\COMDLG32.dll
0x74400000 - 0x74590000 	E:\Windows\WinSxS\x86_microsoft.windows.gdiplus_6595b64144ccf1df_1.1.7600.16385_none_72fc7cbf861225ca\gdiplus.dll
0x72790000 - 0x727a4000 	E:\Windows\system32\devenum.dll
0x743d0000 - 0x743f1000 	E:\Windows\system32\ntmarta.dll
0x76dc0000 - 0x76e05000 	E:\Windows\system32\WLDAP32.dll
0x75a70000 - 0x75a9d000 	E:\Windows\system32\WINTRUST.dll
0x75ac0000 - 0x75bdc000 	E:\Windows\system32\CRYPT32.dll
0x75950000 - 0x7595c000 	E:\Windows\system32\MSASN1.dll
0x73fe0000 - 0x73feb000 	E:\Windows\system32\msdmo.dll

VM Arguments:
jvm_args: -Xbootclasspath/p:F:\Ravee13-14\JP13\7997.HeadMouse\Current.JSAPI\VirtualMouse\${endorsed.classpath} -Dfile.encoding=Cp1252 
java_command: gesturePack.Welcome
Launcher Type: SUN_STANDARD

Environment Variables:
CLASSPATH=.;.;E:\PROGRA~1\JMF21~1.1E\lib\sound.jar;E:\PROGRA~1\JMF21~1.1E\lib\jmf.jar;E:\PROGRA~1\JMF21~1.1E\lib;
PATH=E:\Windows\system32;E:\Windows;E:\Windows\System32\Wbem;E:\Windows\System32\WindowsPowerShell\v1.0\;E:\Program Files\Intel\DMIX;E:\Program Files\TortoiseSVN\bin;E:\Program Files\MATLAB\R2010a\runtime\win32;E:\Program Files\MATLAB\R2010a\bin;E:\Program Files\MATLAB\R2007b\bin;E:\Program Files\MATLAB\R2007b\bin\win32
USERNAME=Ravi Bhalla
OS=Windows_NT
PROCESSOR_IDENTIFIER=x86 Family 6 Model 58 Stepping 9, GenuineIntel



---------------  S Y S T E M  ---------------

OS: Windows 7 Build 7600 

CPU:total 4 (8 cores per cpu, 2 threads per core) family 6 model 58 stepping 9, cmov, cx8, fxsr, mmx, sse, sse2, sse3, ssse3, sse4.1, sse4.2, ht

Memory: 4k page, physical 2097151k(1114460k free), swap 4194303k(3014076k free)

vm_info: Java HotSpot(TM) Client VM (14.2-b01) for windows-x86 JRE (1.6.0_16-b01), built on Jul 31 2009 11:26:58 by "java_re" with MS VC++ 7.1

time: Sun Feb 23 14:13:22 2014
elapsed time: 11 seconds

